{"/Users/nikolas/Development/Curso-de-Node-JS/api-test/src/controllers/auth.controllers.ts": {"path":"/Users/nikolas/Development/Curso-de-Node-JS/api-test/src/controllers/auth.controllers.ts","statementMap":{"0":{"start":{"line":4,"column":31},"end":{"line":14,"column":1}},"1":{"start":{"line":5,"column":4},"end":{"line":13,"column":5}},"2":{"start":{"line":6,"column":46},"end":{"line":6,"column":54}},"3":{"start":{"line":7,"column":23},"end":{"line":7,"column":71}},"4":{"start":{"line":9,"column":8},"end":{"line":9,"column":36}},"5":{"start":{"line":11,"column":8},"end":{"line":11,"column":56}},"6":{"start":{"line":12,"column":8},"end":{"line":12,"column":63}},"7":{"start":{"line":17,"column":30},"end":{"line":29,"column":1}},"8":{"start":{"line":18,"column":4},"end":{"line":28,"column":5}},"9":{"start":{"line":19,"column":36},"end":{"line":19,"column":44}},"10":{"start":{"line":20,"column":28},"end":{"line":20,"column":65}},"11":{"start":{"line":22,"column":8},"end":{"line":22,"column":94}},"12":{"start":{"line":22,"column":22},"end":{"line":22,"column":94}},"13":{"start":{"line":24,"column":8},"end":{"line":24,"column":41}},"14":{"start":{"line":26,"column":8},"end":{"line":26,"column":54}},"15":{"start":{"line":27,"column":8},"end":{"line":27,"column":63}}},"fnMap":{"0":{"name":"(anonymous_0)","decl":{"start":{"line":4,"column":31},"end":{"line":4,"column":32}},"loc":{"start":{"line":4,"column":51},"end":{"line":14,"column":1}},"line":4},"1":{"name":"(anonymous_1)","decl":{"start":{"line":17,"column":30},"end":{"line":17,"column":31}},"loc":{"start":{"line":17,"column":50},"end":{"line":29,"column":1}},"line":17}},"branchMap":{"0":{"loc":{"start":{"line":22,"column":8},"end":{"line":22,"column":94}},"type":"if","locations":[{"start":{"line":22,"column":8},"end":{"line":22,"column":94}},{"start":{},"end":{}}],"line":22}},"s":{"0":7,"1":4,"2":4,"3":4,"4":4,"5":0,"6":0,"7":7,"8":3,"9":3,"10":3,"11":3,"12":2,"13":1,"14":0,"15":0},"f":{"0":4,"1":3},"b":{"0":[2,1]},"_coverageSchema":"1a1c01bbd47fc00a2c39e90264f33305004495a9","hash":"fe344c6ace172f6f0abe79d0ab1a383401c014ff"}
,"/Users/nikolas/Development/Curso-de-Node-JS/api-test/src/controllers/index.ts": {"path":"/Users/nikolas/Development/Curso-de-Node-JS/api-test/src/controllers/index.ts","statementMap":{},"fnMap":{},"branchMap":{},"s":{},"f":{},"b":{},"_coverageSchema":"1a1c01bbd47fc00a2c39e90264f33305004495a9","hash":"85dcfeb4dd40497b9fb6fba48c7eb26a01158a2e"}
,"/Users/nikolas/Development/Curso-de-Node-JS/api-test/src/controllers/tasks.controllers.ts": {"path":"/Users/nikolas/Development/Curso-de-Node-JS/api-test/src/controllers/tasks.controllers.ts","statementMap":{"0":{"start":{"line":4,"column":31},"end":{"line":7,"column":1}},"1":{"start":{"line":5,"column":27},"end":{"line":5,"column":43}},"2":{"start":{"line":6,"column":2},"end":{"line":6,"column":41}},"3":{"start":{"line":9,"column":30},"end":{"line":12,"column":1}},"4":{"start":{"line":10,"column":16},"end":{"line":10,"column":34}},"5":{"start":{"line":11,"column":2},"end":{"line":11,"column":22}},"6":{"start":{"line":14,"column":33},"end":{"line":22,"column":1}},"7":{"start":{"line":15,"column":13},"end":{"line":15,"column":26}},"8":{"start":{"line":17,"column":15},"end":{"line":17,"column":38}},"9":{"start":{"line":19,"column":2},"end":{"line":19,"column":78}},"10":{"start":{"line":19,"column":13},"end":{"line":19,"column":78}},"11":{"start":{"line":21,"column":2},"end":{"line":21,"column":29}},"12":{"start":{"line":24,"column":31},"end":{"line":30,"column":1}},"13":{"start":{"line":25,"column":33},"end":{"line":25,"column":41}},"14":{"start":{"line":27,"column":13},"end":{"line":27,"column":50}},"15":{"start":{"line":29,"column":2},"end":{"line":29,"column":27}},"16":{"start":{"line":32,"column":31},"end":{"line":42,"column":1}},"17":{"start":{"line":33,"column":13},"end":{"line":33,"column":26}},"18":{"start":{"line":34,"column":33},"end":{"line":34,"column":41}},"19":{"start":{"line":36,"column":17},"end":{"line":36,"column":58}},"20":{"start":{"line":38,"column":2},"end":{"line":39,"column":76}},"21":{"start":{"line":39,"column":4},"end":{"line":39,"column":76}},"22":{"start":{"line":41,"column":2},"end":{"line":41,"column":39}},"23":{"start":{"line":44,"column":31},"end":{"line":53,"column":1}},"24":{"start":{"line":45,"column":13},"end":{"line":45,"column":26}},"25":{"start":{"line":47,"column":17},"end":{"line":47,"column":38}},"26":{"start":{"line":49,"column":2},"end":{"line":50,"column":76}},"27":{"start":{"line":50,"column":4},"end":{"line":50,"column":76}},"28":{"start":{"line":52,"column":2},"end":{"line":52,"column":31}}},"fnMap":{"0":{"name":"(anonymous_0)","decl":{"start":{"line":4,"column":31},"end":{"line":4,"column":32}},"loc":{"start":{"line":4,"column":50},"end":{"line":7,"column":1}},"line":4},"1":{"name":"(anonymous_1)","decl":{"start":{"line":9,"column":30},"end":{"line":9,"column":31}},"loc":{"start":{"line":9,"column":49},"end":{"line":12,"column":1}},"line":9},"2":{"name":"(anonymous_2)","decl":{"start":{"line":14,"column":33},"end":{"line":14,"column":34}},"loc":{"start":{"line":14,"column":53},"end":{"line":22,"column":1}},"line":14},"3":{"name":"(anonymous_3)","decl":{"start":{"line":24,"column":31},"end":{"line":24,"column":32}},"loc":{"start":{"line":24,"column":51},"end":{"line":30,"column":1}},"line":24},"4":{"name":"(anonymous_4)","decl":{"start":{"line":32,"column":31},"end":{"line":32,"column":32}},"loc":{"start":{"line":32,"column":51},"end":{"line":42,"column":1}},"line":32},"5":{"name":"(anonymous_5)","decl":{"start":{"line":44,"column":31},"end":{"line":44,"column":32}},"loc":{"start":{"line":44,"column":51},"end":{"line":53,"column":1}},"line":44}},"branchMap":{"0":{"loc":{"start":{"line":19,"column":2},"end":{"line":19,"column":78}},"type":"if","locations":[{"start":{"line":19,"column":2},"end":{"line":19,"column":78}},{"start":{},"end":{}}],"line":19},"1":{"loc":{"start":{"line":38,"column":2},"end":{"line":39,"column":76}},"type":"if","locations":[{"start":{"line":38,"column":2},"end":{"line":39,"column":76}},{"start":{},"end":{}}],"line":38},"2":{"loc":{"start":{"line":49,"column":2},"end":{"line":50,"column":76}},"type":"if","locations":[{"start":{"line":49,"column":2},"end":{"line":50,"column":76}},{"start":{},"end":{}}],"line":49}},"s":{"0":7,"1":4,"2":4,"3":7,"4":2,"5":2,"6":7,"7":6,"8":6,"9":6,"10":2,"11":4,"12":7,"13":11,"14":11,"15":11,"16":7,"17":4,"18":4,"19":4,"20":4,"21":1,"22":3,"23":7,"24":4,"25":4,"26":4,"27":2,"28":2},"f":{"0":4,"1":2,"2":6,"3":11,"4":4,"5":4},"b":{"0":[2,4],"1":[1,3],"2":[2,2]},"_coverageSchema":"1a1c01bbd47fc00a2c39e90264f33305004495a9","hash":"51bc2f64b49524f7714f5f03deace7be6439901f"}
,"/Users/nikolas/Development/Curso-de-Node-JS/api-test/src/middlewares/index.ts": {"path":"/Users/nikolas/Development/Curso-de-Node-JS/api-test/src/middlewares/index.ts","statementMap":{},"fnMap":{},"branchMap":{},"s":{},"f":{},"b":{},"_coverageSchema":"1a1c01bbd47fc00a2c39e90264f33305004495a9","hash":"ba212642b6b2a91186f8b03266d6bccb9a2efc2f"}
,"/Users/nikolas/Development/Curso-de-Node-JS/api-test/src/middlewares/uniqueEmail.ts": {"path":"/Users/nikolas/Development/Curso-de-Node-JS/api-test/src/middlewares/uniqueEmail.ts","statementMap":{"0":{"start":{"line":5,"column":36},"end":{"line":19,"column":1}},"1":{"start":{"line":6,"column":32},"end":{"line":6,"column":40}},"2":{"start":{"line":8,"column":17},"end":{"line":8,"column":52}},"3":{"start":{"line":10,"column":4},"end":{"line":11,"column":73}},"4":{"start":{"line":11,"column":8},"end":{"line":11,"column":73}},"5":{"start":{"line":13,"column":22},"end":{"line":13,"column":51}},"6":{"start":{"line":15,"column":4},"end":{"line":16,"column":70}},"7":{"start":{"line":16,"column":8},"end":{"line":16,"column":70}},"8":{"start":{"line":18,"column":4},"end":{"line":18,"column":11}}},"fnMap":{"0":{"name":"(anonymous_0)","decl":{"start":{"line":5,"column":36},"end":{"line":5,"column":37}},"loc":{"start":{"line":5,"column":62},"end":{"line":19,"column":1}},"line":5}},"branchMap":{"0":{"loc":{"start":{"line":10,"column":4},"end":{"line":11,"column":73}},"type":"if","locations":[{"start":{"line":10,"column":4},"end":{"line":11,"column":73}},{"start":{},"end":{}}],"line":10},"1":{"loc":{"start":{"line":15,"column":4},"end":{"line":16,"column":70}},"type":"if","locations":[{"start":{"line":15,"column":4},"end":{"line":16,"column":70}},{"start":{},"end":{}}],"line":15}},"s":{"0":7,"1":6,"2":6,"3":6,"4":1,"5":5,"6":5,"7":1,"8":4},"f":{"0":6},"b":{"0":[1,5],"1":[1,4]},"_coverageSchema":"1a1c01bbd47fc00a2c39e90264f33305004495a9","hash":"a91b9424ab18d639a6b3580a77a535c245d6a34a"}
,"/Users/nikolas/Development/Curso-de-Node-JS/api-test/src/middlewares/validators/auth.validations.ts": {"path":"/Users/nikolas/Development/Curso-de-Node-JS/api-test/src/middlewares/validators/auth.validations.ts","statementMap":{"0":{"start":{"line":4,"column":31},"end":{"line":7,"column":1}},"1":{"start":{"line":5,"column":22},"end":{"line":5,"column":58}},"2":{"start":{"line":6,"column":4},"end":{"line":6,"column":78}},"3":{"start":{"line":9,"column":30},"end":{"line":12,"column":1}},"4":{"start":{"line":10,"column":22},"end":{"line":10,"column":57}},"5":{"start":{"line":11,"column":4},"end":{"line":11,"column":78}}},"fnMap":{"0":{"name":"(anonymous_0)","decl":{"start":{"line":4,"column":31},"end":{"line":4,"column":32}},"loc":{"start":{"line":4,"column":51},"end":{"line":7,"column":1}},"line":4},"1":{"name":"(anonymous_1)","decl":{"start":{"line":9,"column":30},"end":{"line":9,"column":31}},"loc":{"start":{"line":9,"column":50},"end":{"line":12,"column":1}},"line":9}},"branchMap":{"0":{"loc":{"start":{"line":6,"column":4},"end":{"line":6,"column":78}},"type":"cond-expr","locations":[{"start":{"line":6,"column":12},"end":{"line":6,"column":69}},{"start":{"line":6,"column":72},"end":{"line":6,"column":78}}],"line":6},"1":{"loc":{"start":{"line":11,"column":4},"end":{"line":11,"column":78}},"type":"cond-expr","locations":[{"start":{"line":11,"column":12},"end":{"line":11,"column":69}},{"start":{"line":11,"column":72},"end":{"line":11,"column":78}}],"line":11}},"s":{"0":7,"1":7,"2":7,"3":7,"4":4,"5":4},"f":{"0":7,"1":4},"b":{"0":[1,6],"1":[1,3]},"_coverageSchema":"1a1c01bbd47fc00a2c39e90264f33305004495a9","hash":"4b9ca0f7ca288db099a18c95cf6c79d2cbabeea6"}
,"/Users/nikolas/Development/Curso-de-Node-JS/api-test/src/middlewares/validators/tasks.validations.ts": {"path":"/Users/nikolas/Development/Curso-de-Node-JS/api-test/src/middlewares/validators/tasks.validations.ts","statementMap":{"0":{"start":{"line":4,"column":31},"end":{"line":7,"column":1}},"1":{"start":{"line":5,"column":22},"end":{"line":5,"column":58}},"2":{"start":{"line":6,"column":4},"end":{"line":6,"column":78}},"3":{"start":{"line":9,"column":31},"end":{"line":12,"column":1}},"4":{"start":{"line":10,"column":22},"end":{"line":10,"column":58}},"5":{"start":{"line":11,"column":4},"end":{"line":11,"column":78}}},"fnMap":{"0":{"name":"(anonymous_0)","decl":{"start":{"line":4,"column":31},"end":{"line":4,"column":32}},"loc":{"start":{"line":4,"column":51},"end":{"line":7,"column":1}},"line":4},"1":{"name":"(anonymous_1)","decl":{"start":{"line":9,"column":31},"end":{"line":9,"column":32}},"loc":{"start":{"line":9,"column":51},"end":{"line":12,"column":1}},"line":9}},"branchMap":{"0":{"loc":{"start":{"line":6,"column":4},"end":{"line":6,"column":78}},"type":"cond-expr","locations":[{"start":{"line":6,"column":12},"end":{"line":6,"column":69}},{"start":{"line":6,"column":72},"end":{"line":6,"column":78}}],"line":6},"1":{"loc":{"start":{"line":11,"column":4},"end":{"line":11,"column":78}},"type":"cond-expr","locations":[{"start":{"line":11,"column":12},"end":{"line":11,"column":69}},{"start":{"line":11,"column":72},"end":{"line":11,"column":78}}],"line":11}},"s":{"0":7,"1":11,"2":11,"3":7,"4":4,"5":4},"f":{"0":11,"1":4},"b":{"0":[0,11],"1":[0,4]},"_coverageSchema":"1a1c01bbd47fc00a2c39e90264f33305004495a9","hash":"47f827e4fdb65c01ef712d907145cad8128c70cf"}
,"/Users/nikolas/Development/Curso-de-Node-JS/api-test/src/model/Task.ts": {"path":"/Users/nikolas/Development/Curso-de-Node-JS/api-test/src/model/Task.ts","statementMap":{"0":{"start":{"line":4,"column":19},"end":{"line":7,"column":1}},"1":{"start":{"line":5,"column":16},"end":{"line":5,"column":58}},"2":{"start":{"line":6,"column":2},"end":{"line":6,"column":40}},"3":{"start":{"line":9,"column":21},"end":{"line":12,"column":1}},"4":{"start":{"line":10,"column":16},"end":{"line":10,"column":58}},"5":{"start":{"line":11,"column":2},"end":{"line":11,"column":22}},"6":{"start":{"line":14,"column":24},"end":{"line":17,"column":1}},"7":{"start":{"line":15,"column":15},"end":{"line":15,"column":70}},"8":{"start":{"line":16,"column":2},"end":{"line":16,"column":14}},"9":{"start":{"line":19,"column":22},"end":{"line":29,"column":1}},"10":{"start":{"line":20,"column":18},"end":{"line":24,"column":3}},"11":{"start":{"line":25,"column":13},"end":{"line":25,"column":34}},"12":{"start":{"line":26,"column":2},"end":{"line":26,"column":46}},"13":{"start":{"line":28,"column":2},"end":{"line":28,"column":20}},"14":{"start":{"line":31,"column":22},"end":{"line":40,"column":1}},"15":{"start":{"line":32,"column":13},"end":{"line":32,"column":34}},"16":{"start":{"line":33,"column":15},"end":{"line":33,"column":57}},"17":{"start":{"line":35,"column":2},"end":{"line":35,"column":20}},"18":{"start":{"line":35,"column":13},"end":{"line":35,"column":20}},"19":{"start":{"line":37,"column":2},"end":{"line":37,"column":76}},"20":{"start":{"line":39,"column":2},"end":{"line":39,"column":12}},"21":{"start":{"line":42,"column":22},"end":{"line":52,"column":1}},"22":{"start":{"line":43,"column":13},"end":{"line":43,"column":34}},"23":{"start":{"line":45,"column":15},"end":{"line":45,"column":57}},"24":{"start":{"line":47,"column":2},"end":{"line":47,"column":20}},"25":{"start":{"line":47,"column":13},"end":{"line":47,"column":20}},"26":{"start":{"line":49,"column":2},"end":{"line":49,"column":47}},"27":{"start":{"line":51,"column":2},"end":{"line":51,"column":12}}},"fnMap":{"0":{"name":"(anonymous_0)","decl":{"start":{"line":4,"column":19},"end":{"line":4,"column":20}},"loc":{"start":{"line":4,"column":31},"end":{"line":7,"column":1}},"line":4},"1":{"name":"(anonymous_1)","decl":{"start":{"line":9,"column":21},"end":{"line":9,"column":22}},"loc":{"start":{"line":9,"column":33},"end":{"line":12,"column":1}},"line":9},"2":{"name":"(anonymous_2)","decl":{"start":{"line":14,"column":24},"end":{"line":14,"column":25}},"loc":{"start":{"line":14,"column":46},"end":{"line":17,"column":1}},"line":14},"3":{"name":"(anonymous_3)","decl":{"start":{"line":19,"column":22},"end":{"line":19,"column":23}},"loc":{"start":{"line":19,"column":68},"end":{"line":29,"column":1}},"line":19},"4":{"name":"(anonymous_4)","decl":{"start":{"line":31,"column":22},"end":{"line":31,"column":23}},"loc":{"start":{"line":31,"column":80},"end":{"line":40,"column":1}},"line":31},"5":{"name":"(anonymous_5)","decl":{"start":{"line":42,"column":22},"end":{"line":42,"column":23}},"loc":{"start":{"line":42,"column":44},"end":{"line":52,"column":1}},"line":42}},"branchMap":{"0":{"loc":{"start":{"line":35,"column":2},"end":{"line":35,"column":20}},"type":"if","locations":[{"start":{"line":35,"column":2},"end":{"line":35,"column":20}},{"start":{},"end":{}}],"line":35},"1":{"loc":{"start":{"line":47,"column":2},"end":{"line":47,"column":20}},"type":"if","locations":[{"start":{"line":47,"column":2},"end":{"line":47,"column":20}},{"start":{},"end":{}}],"line":47}},"s":{"0":7,"1":4,"2":4,"3":7,"4":2,"5":2,"6":7,"7":6,"8":6,"9":7,"10":11,"11":11,"12":11,"13":11,"14":7,"15":4,"16":4,"17":4,"18":1,"19":3,"20":3,"21":7,"22":4,"23":4,"24":4,"25":2,"26":2,"27":2},"f":{"0":4,"1":2,"2":6,"3":11,"4":4,"5":4},"b":{"0":[1,3],"1":[2,2]},"_coverageSchema":"1a1c01bbd47fc00a2c39e90264f33305004495a9","hash":"3b2809f3b4a4d4fe9362d0c338a20a7b2e82851d"}
,"/Users/nikolas/Development/Curso-de-Node-JS/api-test/src/model/User.ts": {"path":"/Users/nikolas/Development/Curso-de-Node-JS/api-test/src/model/User.ts","statementMap":{"0":{"start":{"line":13,"column":30},"end":{"line":24,"column":1}},"1":{"start":{"line":14,"column":20},"end":{"line":19,"column":5}},"2":{"start":{"line":21,"column":4},"end":{"line":21,"column":60}},"3":{"start":{"line":23,"column":4},"end":{"line":23,"column":29}},"4":{"start":{"line":27,"column":28},"end":{"line":37,"column":1}},"5":{"start":{"line":28,"column":15},"end":{"line":28,"column":36}},"6":{"start":{"line":30,"column":23},"end":{"line":30,"column":68}},"7":{"start":{"line":32,"column":4},"end":{"line":32,"column":40}},"8":{"start":{"line":32,"column":15},"end":{"line":32,"column":40}},"9":{"start":{"line":34,"column":4},"end":{"line":34,"column":60}},"10":{"start":{"line":34,"column":36},"end":{"line":34,"column":60}},"11":{"start":{"line":36,"column":4},"end":{"line":36,"column":29}},"12":{"start":{"line":45,"column":30},"end":{"line":51,"column":1}},"13":{"start":{"line":46,"column":15},"end":{"line":46,"column":36}},"14":{"start":{"line":48,"column":17},"end":{"line":48,"column":65}},"15":{"start":{"line":50,"column":4},"end":{"line":50,"column":30}},"16":{"start":{"line":58,"column":27},"end":{"line":64,"column":1}},"17":{"start":{"line":59,"column":15},"end":{"line":59,"column":36}},"18":{"start":{"line":61,"column":17},"end":{"line":61,"column":62}},"19":{"start":{"line":63,"column":4},"end":{"line":63,"column":30}}},"fnMap":{"0":{"name":"(anonymous_0)","decl":{"start":{"line":13,"column":30},"end":{"line":13,"column":31}},"loc":{"start":{"line":13,"column":71},"end":{"line":24,"column":1}},"line":13},"1":{"name":"(anonymous_1)","decl":{"start":{"line":27,"column":28},"end":{"line":27,"column":29}},"loc":{"start":{"line":27,"column":59},"end":{"line":37,"column":1}},"line":27},"2":{"name":"(anonymous_2)","decl":{"start":{"line":45,"column":30},"end":{"line":45,"column":31}},"loc":{"start":{"line":45,"column":58},"end":{"line":51,"column":1}},"line":45},"3":{"name":"(anonymous_3)","decl":{"start":{"line":58,"column":27},"end":{"line":58,"column":28}},"loc":{"start":{"line":58,"column":52},"end":{"line":64,"column":1}},"line":58}},"branchMap":{"0":{"loc":{"start":{"line":32,"column":4},"end":{"line":32,"column":40}},"type":"if","locations":[{"start":{"line":32,"column":4},"end":{"line":32,"column":40}},{"start":{},"end":{}}],"line":32},"1":{"loc":{"start":{"line":34,"column":4},"end":{"line":34,"column":60}},"type":"if","locations":[{"start":{"line":34,"column":4},"end":{"line":34,"column":60}},{"start":{},"end":{}}],"line":34},"2":{"loc":{"start":{"line":50,"column":11},"end":{"line":50,"column":30}},"type":"cond-expr","locations":[{"start":{"line":50,"column":18},"end":{"line":50,"column":22}},{"start":{"line":50,"column":25},"end":{"line":50,"column":30}}],"line":50},"3":{"loc":{"start":{"line":63,"column":11},"end":{"line":63,"column":30}},"type":"cond-expr","locations":[{"start":{"line":63,"column":18},"end":{"line":63,"column":22}},{"start":{"line":63,"column":25},"end":{"line":63,"column":30}}],"line":63}},"s":{"0":7,"1":4,"2":4,"3":4,"4":7,"5":3,"6":3,"7":3,"8":2,"9":1,"10":1,"11":0,"12":7,"13":6,"14":6,"15":6,"16":7,"17":5,"18":5,"19":5},"f":{"0":4,"1":3,"2":6,"3":5},"b":{"0":[2,1],"1":[1,0],"2":[1,5],"3":[1,4]},"_coverageSchema":"1a1c01bbd47fc00a2c39e90264f33305004495a9","hash":"d1f3d67c425dfbf9e49be9fbfb32372242d74fe1"}
,"/Users/nikolas/Development/Curso-de-Node-JS/api-test/src/model/index.ts": {"path":"/Users/nikolas/Development/Curso-de-Node-JS/api-test/src/model/index.ts","statementMap":{},"fnMap":{},"branchMap":{},"s":{},"f":{},"b":{},"_coverageSchema":"1a1c01bbd47fc00a2c39e90264f33305004495a9","hash":"c06ad2e5c5bfad1e46c25e54d937286373a2dcb8"}
,"/Users/nikolas/Development/Curso-de-Node-JS/api-test/src/routes/auth.routes.ts": {"path":"/Users/nikolas/Development/Curso-de-Node-JS/api-test/src/routes/auth.routes.ts","statementMap":{"0":{"start":{"line":5,"column":15},"end":{"line":5,"column":23}},"1":{"start":{"line":7,"column":0},"end":{"line":7,"column":79}},"2":{"start":{"line":8,"column":0},"end":{"line":8,"column":61}}},"fnMap":{},"branchMap":{},"s":{"0":7,"1":7,"2":7},"f":{},"b":{},"_coverageSchema":"1a1c01bbd47fc00a2c39e90264f33305004495a9","hash":"729a3fd500127af1f857ecb70560ac9d1d0f7a1f"}
,"/Users/nikolas/Development/Curso-de-Node-JS/api-test/src/routes/index.ts": {"path":"/Users/nikolas/Development/Curso-de-Node-JS/api-test/src/routes/index.ts","statementMap":{},"fnMap":{},"branchMap":{},"s":{},"f":{},"b":{},"_coverageSchema":"1a1c01bbd47fc00a2c39e90264f33305004495a9","hash":"20ec49abeed20d52a0bfa13b768b8e45475be53f"}
,"/Users/nikolas/Development/Curso-de-Node-JS/api-test/src/routes/tasks.routes.ts": {"path":"/Users/nikolas/Development/Curso-de-Node-JS/api-test/src/routes/tasks.routes.ts","statementMap":{"0":{"start":{"line":5,"column":15},"end":{"line":5,"column":23}},"1":{"start":{"line":7,"column":0},"end":{"line":7,"column":35}},"2":{"start":{"line":8,"column":0},"end":{"line":8,"column":39}},"3":{"start":{"line":9,"column":0},"end":{"line":9,"column":40}},"4":{"start":{"line":11,"column":0},"end":{"line":11,"column":41}},"5":{"start":{"line":13,"column":0},"end":{"line":13,"column":59}},"6":{"start":{"line":15,"column":0},"end":{"line":15,"column":61}}},"fnMap":{},"branchMap":{},"s":{"0":7,"1":7,"2":7,"3":7,"4":7,"5":7,"6":7},"f":{},"b":{},"_coverageSchema":"1a1c01bbd47fc00a2c39e90264f33305004495a9","hash":"61e575862a77d45a97a0261160e04dbcb58e043b"}
,"/Users/nikolas/Development/Curso-de-Node-JS/api-test/src/schemas/authSchema.ts": {"path":"/Users/nikolas/Development/Curso-de-Node-JS/api-test/src/schemas/authSchema.ts","statementMap":{"0":{"start":{"line":3,"column":17},"end":{"line":3,"column":44}},"1":{"start":{"line":4,"column":14},"end":{"line":4,"column":45}},"2":{"start":{"line":5,"column":17},"end":{"line":7,"column":15}},"3":{"start":{"line":9,"column":22},"end":{"line":13,"column":2}},"4":{"start":{"line":15,"column":21},"end":{"line":18,"column":2}}},"fnMap":{},"branchMap":{},"s":{"0":7,"1":7,"2":7,"3":7,"4":7},"f":{},"b":{},"_coverageSchema":"1a1c01bbd47fc00a2c39e90264f33305004495a9","hash":"bb16983082100b059541d852a0e48bcc286cfdd1"}
,"/Users/nikolas/Development/Curso-de-Node-JS/api-test/src/schemas/index.ts": {"path":"/Users/nikolas/Development/Curso-de-Node-JS/api-test/src/schemas/index.ts","statementMap":{},"fnMap":{},"branchMap":{},"s":{},"f":{},"b":{},"_coverageSchema":"1a1c01bbd47fc00a2c39e90264f33305004495a9","hash":"25b1e0188904fddd871db1f1f60941260343fd73"}
,"/Users/nikolas/Development/Curso-de-Node-JS/api-test/src/schemas/taskSchema.ts": {"path":"/Users/nikolas/Development/Curso-de-Node-JS/api-test/src/schemas/taskSchema.ts","statementMap":{"0":{"start":{"line":3,"column":14},"end":{"line":3,"column":41}},"1":{"start":{"line":4,"column":20},"end":{"line":4,"column":40}},"2":{"start":{"line":6,"column":22},"end":{"line":9,"column":2}},"3":{"start":{"line":11,"column":22},"end":{"line":14,"column":2}}},"fnMap":{},"branchMap":{},"s":{"0":7,"1":7,"2":7,"3":7},"f":{},"b":{},"_coverageSchema":"1a1c01bbd47fc00a2c39e90264f33305004495a9","hash":"e69d697f7d8b01e5ebe55022414dbce5cad06ccb"}
,"/Users/nikolas/Development/Curso-de-Node-JS/api-test/src/server/app.ts": {"path":"/Users/nikolas/Development/Curso-de-Node-JS/api-test/src/server/app.ts","statementMap":{"0":{"start":{"line":11,"column":14},"end":{"line":11,"column":35}},"1":{"start":{"line":13,"column":12},"end":{"line":13,"column":21}},"2":{"start":{"line":15,"column":0},"end":{"line":15,"column":30}},"3":{"start":{"line":17,"column":0},"end":{"line":17,"column":24}},"4":{"start":{"line":19,"column":0},"end":{"line":19,"column":49}},"5":{"start":{"line":21,"column":0},"end":{"line":21,"column":23}},"6":{"start":{"line":23,"column":0},"end":{"line":23,"column":34}},"7":{"start":{"line":25,"column":0},"end":{"line":25,"column":32}},"8":{"start":{"line":27,"column":0},"end":{"line":27,"column":60}},"9":{"start":{"line":29,"column":0},"end":{"line":31,"column":3}},"10":{"start":{"line":30,"column":2},"end":{"line":30,"column":80}},"11":{"start":{"line":33,"column":0},"end":{"line":33,"column":19}}},"fnMap":{"0":{"name":"(anonymous_0)","decl":{"start":{"line":29,"column":20},"end":{"line":29,"column":21}},"loc":{"start":{"line":29,"column":32},"end":{"line":31,"column":1}},"line":29}},"branchMap":{},"s":{"0":7,"1":7,"2":7,"3":7,"4":7,"5":7,"6":7,"7":7,"8":7,"9":7,"10":3,"11":7},"f":{"0":3},"b":{},"_coverageSchema":"1a1c01bbd47fc00a2c39e90264f33305004495a9","hash":"130a87a31b15b1af6e282ab907eda46edd835032"}
,"/Users/nikolas/Development/Curso-de-Node-JS/api-test/src/server/config.ts": {"path":"/Users/nikolas/Development/Curso-de-Node-JS/api-test/src/server/config.ts","statementMap":{"0":{"start":{"line":3,"column":0},"end":{"line":5,"column":3}}},"fnMap":{},"branchMap":{},"s":{"0":7},"f":{},"b":{},"_coverageSchema":"1a1c01bbd47fc00a2c39e90264f33305004495a9","hash":"aabc4f17bc435216a917020a88e869097913cd85"}
,"/Users/nikolas/Development/Curso-de-Node-JS/api-test/src/server/db.ts": {"path":"/Users/nikolas/Development/Curso-de-Node-JS/api-test/src/server/db.ts","statementMap":{"0":{"start":{"line":13,"column":18},"end":{"line":13,"column":70}},"1":{"start":{"line":14,"column":2},"end":{"line":14,"column":22}},"2":{"start":{"line":15,"column":2},"end":{"line":15,"column":48}},"3":{"start":{"line":18,"column":29},"end":{"line":18,"column":37}},"4":{"start":{"line":18,"column":35},"end":{"line":18,"column":37}},"5":{"start":{"line":22,"column":29},"end":{"line":25,"column":1}},"6":{"start":{"line":23,"column":2},"end":{"line":23,"column":54}},"7":{"start":{"line":24,"column":2},"end":{"line":24,"column":54}}},"fnMap":{"0":{"name":"createConnection","decl":{"start":{"line":12,"column":22},"end":{"line":12,"column":38}},"loc":{"start":{"line":12,"column":41},"end":{"line":16,"column":1}},"line":12},"1":{"name":"(anonymous_1)","decl":{"start":{"line":18,"column":29},"end":{"line":18,"column":30}},"loc":{"start":{"line":18,"column":35},"end":{"line":18,"column":37}},"line":18},"2":{"name":"(anonymous_2)","decl":{"start":{"line":22,"column":29},"end":{"line":22,"column":30}},"loc":{"start":{"line":22,"column":41},"end":{"line":25,"column":1}},"line":22}},"branchMap":{},"s":{"0":7,"1":7,"2":7,"3":7,"4":117,"5":7,"6":34,"7":34},"f":{"0":7,"1":117,"2":34},"b":{},"_coverageSchema":"1a1c01bbd47fc00a2c39e90264f33305004495a9","hash":"ffb03ccaa7ad177c6d734c67f13aa5b04487870c"}
,"/Users/nikolas/Development/Curso-de-Node-JS/api-test/src/server/swaggerOptions.ts": {"path":"/Users/nikolas/Development/Curso-de-Node-JS/api-test/src/server/swaggerOptions.ts","statementMap":{"0":{"start":{"line":3,"column":23},"end":{"line":28,"column":1}}},"fnMap":{},"branchMap":{},"s":{"0":7},"f":{},"b":{},"_coverageSchema":"1a1c01bbd47fc00a2c39e90264f33305004495a9","hash":"8ab91c3ed2960d938e8c5b87da0ce41583f02900"}
,"/Users/nikolas/Development/Curso-de-Node-JS/api-test/test/setup/index.js": {"path":"/Users/nikolas/Development/Curso-de-Node-JS/api-test/test/setup/index.js","statementMap":{"0":{"start":{"line":6,"column":12},"end":{"line":6,"column":26}},"1":{"start":{"line":8,"column":13},"end":{"line":11,"column":1}}},"fnMap":{},"branchMap":{},"s":{"0":7,"1":7},"f":{},"b":{},"_coverageSchema":"1a1c01bbd47fc00a2c39e90264f33305004495a9","hash":"848bc2ba054e6757d6e401fa4b56252be8e57804"}
}
