{"/Users/nikolas/Development/Curso-de-Node-JS/api-test/src/controllers/auth.controllers.ts": {"path":"/Users/nikolas/Development/Curso-de-Node-JS/api-test/src/controllers/auth.controllers.ts","all":false,"statementMap":{"0":{"start":{"line":1,"column":0},"end":{"line":1,"column":34}},"1":{"start":{"line":2,"column":0},"end":{"line":2,"column":32}},"2":{"start":{"line":3,"column":0},"end":{"line":3,"column":0}},"3":{"start":{"line":4,"column":0},"end":{"line":4,"column":52}},"4":{"start":{"line":5,"column":0},"end":{"line":5,"column":9}},"5":{"start":{"line":6,"column":0},"end":{"line":6,"column":54}},"6":{"start":{"line":7,"column":0},"end":{"line":7,"column":71}},"7":{"start":{"line":8,"column":0},"end":{"line":8,"column":0}},"8":{"start":{"line":9,"column":0},"end":{"line":9,"column":36}},"9":{"start":{"line":10,"column":0},"end":{"line":10,"column":26}},"10":{"start":{"line":11,"column":0},"end":{"line":11,"column":56}},"11":{"start":{"line":12,"column":0},"end":{"line":12,"column":63}},"12":{"start":{"line":13,"column":0},"end":{"line":13,"column":5}},"13":{"start":{"line":14,"column":0},"end":{"line":14,"column":1}},"14":{"start":{"line":15,"column":0},"end":{"line":15,"column":0}},"15":{"start":{"line":16,"column":0},"end":{"line":16,"column":0}},"16":{"start":{"line":17,"column":0},"end":{"line":17,"column":51}},"17":{"start":{"line":18,"column":0},"end":{"line":18,"column":9}},"18":{"start":{"line":19,"column":0},"end":{"line":19,"column":44}},"19":{"start":{"line":20,"column":0},"end":{"line":20,"column":0}},"20":{"start":{"line":21,"column":0},"end":{"line":21,"column":59}},"21":{"start":{"line":22,"column":0},"end":{"line":22,"column":0}},"22":{"start":{"line":23,"column":0},"end":{"line":23,"column":92}},"23":{"start":{"line":24,"column":0},"end":{"line":24,"column":0}},"24":{"start":{"line":25,"column":0},"end":{"line":25,"column":35}},"25":{"start":{"line":26,"column":0},"end":{"line":26,"column":26}},"26":{"start":{"line":27,"column":0},"end":{"line":27,"column":54}},"27":{"start":{"line":28,"column":0},"end":{"line":28,"column":63}},"28":{"start":{"line":29,"column":0},"end":{"line":29,"column":5}},"29":{"start":{"line":30,"column":0},"end":{"line":30,"column":1}}},"s":{"0":1,"1":1,"2":1,"3":1,"4":1,"5":1,"6":1,"7":1,"8":1,"9":1,"10":1,"11":1,"12":1,"13":1,"14":1,"15":1,"16":1,"17":1,"18":1,"19":1,"20":1,"21":1,"22":1,"23":1,"24":1,"25":1,"26":1,"27":1,"28":1,"29":1},"branchMap":{"0":{"type":"branch","line":4,"loc":{"start":{"line":4,"column":28},"end":{"line":4,"column":31}},"locations":[{"start":{"line":4,"column":28},"end":{"line":4,"column":31}}]},"1":{"type":"branch","line":4,"loc":{"start":{"line":4,"column":31},"end":{"line":4,"column":38}},"locations":[{"start":{"line":4,"column":31},"end":{"line":4,"column":38}}]},"2":{"type":"branch","line":4,"loc":{"start":{"line":4,"column":31},"end":{"line":4,"column":38}},"locations":[{"start":{"line":4,"column":31},"end":{"line":4,"column":38}}]},"3":{"type":"branch","line":4,"loc":{"start":{"line":4,"column":31},"end":{"line":4,"column":38}},"locations":[{"start":{"line":4,"column":31},"end":{"line":4,"column":38}}]},"4":{"type":"branch","line":4,"loc":{"start":{"line":4,"column":31},"end":{"line":4,"column":38}},"locations":[{"start":{"line":4,"column":31},"end":{"line":4,"column":38}}]},"5":{"type":"branch","line":4,"loc":{"start":{"line":4,"column":31},"end":{"line":4,"column":38}},"locations":[{"start":{"line":4,"column":31},"end":{"line":4,"column":38}}]},"6":{"type":"branch","line":4,"loc":{"start":{"line":4,"column":31},"end":{"line":4,"column":38}},"locations":[{"start":{"line":4,"column":31},"end":{"line":4,"column":38}}]},"7":{"type":"branch","line":4,"loc":{"start":{"line":4,"column":31},"end":{"line":4,"column":38}},"locations":[{"start":{"line":4,"column":31},"end":{"line":4,"column":38}}]},"8":{"type":"branch","line":4,"loc":{"start":{"line":4,"column":31},"end":{"line":4,"column":38}},"locations":[{"start":{"line":4,"column":31},"end":{"line":4,"column":38}}]},"9":{"type":"branch","line":4,"loc":{"start":{"line":4,"column":28},"end":{"line":4,"column":31}},"locations":[{"start":{"line":4,"column":28},"end":{"line":4,"column":31}}]},"10":{"type":"branch","line":17,"loc":{"start":{"line":17,"column":27},"end":{"line":17,"column":30}},"locations":[{"start":{"line":17,"column":27},"end":{"line":17,"column":30}}]},"11":{"type":"branch","line":17,"loc":{"start":{"line":17,"column":30},"end":{"line":17,"column":37}},"locations":[{"start":{"line":17,"column":30},"end":{"line":17,"column":37}}]},"12":{"type":"branch","line":17,"loc":{"start":{"line":17,"column":30},"end":{"line":17,"column":37}},"locations":[{"start":{"line":17,"column":30},"end":{"line":17,"column":37}}]},"13":{"type":"branch","line":17,"loc":{"start":{"line":17,"column":30},"end":{"line":17,"column":37}},"locations":[{"start":{"line":17,"column":30},"end":{"line":17,"column":37}}]},"14":{"type":"branch","line":17,"loc":{"start":{"line":17,"column":30},"end":{"line":17,"column":37}},"locations":[{"start":{"line":17,"column":30},"end":{"line":17,"column":37}}]},"15":{"type":"branch","line":17,"loc":{"start":{"line":17,"column":30},"end":{"line":17,"column":37}},"locations":[{"start":{"line":17,"column":30},"end":{"line":17,"column":37}}]},"16":{"type":"branch","line":17,"loc":{"start":{"line":17,"column":30},"end":{"line":17,"column":37}},"locations":[{"start":{"line":17,"column":30},"end":{"line":17,"column":37}}]},"17":{"type":"branch","line":17,"loc":{"start":{"line":17,"column":30},"end":{"line":17,"column":37}},"locations":[{"start":{"line":17,"column":30},"end":{"line":17,"column":37}}]},"18":{"type":"branch","line":17,"loc":{"start":{"line":17,"column":30},"end":{"line":17,"column":37}},"locations":[{"start":{"line":17,"column":30},"end":{"line":17,"column":37}}]},"19":{"type":"branch","line":17,"loc":{"start":{"line":17,"column":30},"end":{"line":17,"column":37}},"locations":[{"start":{"line":17,"column":30},"end":{"line":17,"column":37}}]},"20":{"type":"branch","line":17,"loc":{"start":{"line":17,"column":30},"end":{"line":17,"column":37}},"locations":[{"start":{"line":17,"column":30},"end":{"line":17,"column":37}}]},"21":{"type":"branch","line":17,"loc":{"start":{"line":17,"column":30},"end":{"line":17,"column":37}},"locations":[{"start":{"line":17,"column":30},"end":{"line":17,"column":37}}]},"22":{"type":"branch","line":17,"loc":{"start":{"line":17,"column":27},"end":{"line":17,"column":30}},"locations":[{"start":{"line":17,"column":27},"end":{"line":17,"column":30}}]}},"b":{"0":[11],"1":[9],"2":[18],"3":[27],"4":[9],"5":[9],"6":[0],"7":[9],"8":[9],"9":[9],"10":[11],"11":[7],"12":[16],"13":[26],"14":[7],"15":[7],"16":[5],"17":[2],"18":[5],"19":[0],"20":[5],"21":[7],"22":[7]},"fnMap":{"0":{"name":"_callee","decl":{"start":{"line":4,"column":31},"end":{"line":4,"column":38}},"loc":{"start":{"line":4,"column":31},"end":{"line":4,"column":38}},"line":4},"1":{"name":"_callee$","decl":{"start":{"line":4,"column":31},"end":{"line":4,"column":38}},"loc":{"start":{"line":4,"column":31},"end":{"line":4,"column":38}},"line":4},"2":{"name":"signUp","decl":{"start":{"line":4,"column":28},"end":{"line":4,"column":31}},"loc":{"start":{"line":4,"column":28},"end":{"line":4,"column":31}},"line":4},"3":{"name":"_callee2","decl":{"start":{"line":17,"column":30},"end":{"line":17,"column":37}},"loc":{"start":{"line":17,"column":30},"end":{"line":17,"column":37}},"line":17},"4":{"name":"_callee2$","decl":{"start":{"line":17,"column":30},"end":{"line":17,"column":37}},"loc":{"start":{"line":17,"column":30},"end":{"line":17,"column":37}},"line":17},"5":{"name":"login","decl":{"start":{"line":17,"column":27},"end":{"line":17,"column":30}},"loc":{"start":{"line":17,"column":27},"end":{"line":17,"column":30}},"line":17}},"f":{"0":9,"1":18,"2":9,"3":7,"4":16,"5":7}}
,"/Users/nikolas/Development/Curso-de-Node-JS/api-test/src/controllers/index.ts": {"path":"/Users/nikolas/Development/Curso-de-Node-JS/api-test/src/controllers/index.ts","all":false,"statementMap":{"0":{"start":{"line":1,"column":0},"end":{"line":1,"column":54}},"1":{"start":{"line":2,"column":0},"end":{"line":2,"column":52}}},"s":{"0":1,"1":1},"branchMap":{},"b":{},"fnMap":{},"f":{}}
,"/Users/nikolas/Development/Curso-de-Node-JS/api-test/src/controllers/tasks.controllers.ts": {"path":"/Users/nikolas/Development/Curso-de-Node-JS/api-test/src/controllers/tasks.controllers.ts","all":false,"statementMap":{"0":{"start":{"line":1,"column":0},"end":{"line":1,"column":34}},"1":{"start":{"line":2,"column":0},"end":{"line":2,"column":32}},"2":{"start":{"line":3,"column":0},"end":{"line":3,"column":0}},"3":{"start":{"line":4,"column":0},"end":{"line":4,"column":51}},"4":{"start":{"line":5,"column":0},"end":{"line":5,"column":7}},"5":{"start":{"line":6,"column":0},"end":{"line":6,"column":46}},"6":{"start":{"line":7,"column":0},"end":{"line":7,"column":43}},"7":{"start":{"line":8,"column":0},"end":{"line":8,"column":24}},"8":{"start":{"line":9,"column":0},"end":{"line":9,"column":53}},"9":{"start":{"line":10,"column":0},"end":{"line":10,"column":3}},"10":{"start":{"line":11,"column":0},"end":{"line":11,"column":2}},"11":{"start":{"line":12,"column":0},"end":{"line":12,"column":0}},"12":{"start":{"line":13,"column":0},"end":{"line":13,"column":50}},"13":{"start":{"line":14,"column":0},"end":{"line":14,"column":7}},"14":{"start":{"line":15,"column":0},"end":{"line":15,"column":37}},"15":{"start":{"line":16,"column":0},"end":{"line":16,"column":24}},"16":{"start":{"line":17,"column":0},"end":{"line":17,"column":24}},"17":{"start":{"line":18,"column":0},"end":{"line":18,"column":53}},"18":{"start":{"line":19,"column":0},"end":{"line":19,"column":3}},"19":{"start":{"line":20,"column":0},"end":{"line":20,"column":2}},"20":{"start":{"line":21,"column":0},"end":{"line":21,"column":0}},"21":{"start":{"line":22,"column":0},"end":{"line":22,"column":54}},"22":{"start":{"line":23,"column":0},"end":{"line":23,"column":7}},"23":{"start":{"line":24,"column":0},"end":{"line":24,"column":52}},"24":{"start":{"line":25,"column":0},"end":{"line":25,"column":0}},"25":{"start":{"line":26,"column":0},"end":{"line":26,"column":36}},"26":{"start":{"line":27,"column":0},"end":{"line":27,"column":0}},"27":{"start":{"line":28,"column":0},"end":{"line":28,"column":66}},"28":{"start":{"line":29,"column":0},"end":{"line":29,"column":24}},"29":{"start":{"line":30,"column":0},"end":{"line":30,"column":60}},"30":{"start":{"line":31,"column":0},"end":{"line":31,"column":3}},"31":{"start":{"line":32,"column":0},"end":{"line":32,"column":2}},"32":{"start":{"line":33,"column":0},"end":{"line":33,"column":0}},"33":{"start":{"line":34,"column":0},"end":{"line":34,"column":52}},"34":{"start":{"line":35,"column":0},"end":{"line":35,"column":7}},"35":{"start":{"line":36,"column":0},"end":{"line":36,"column":36}},"36":{"start":{"line":37,"column":0},"end":{"line":37,"column":0}},"37":{"start":{"line":38,"column":0},"end":{"line":38,"column":28}},"38":{"start":{"line":39,"column":0},"end":{"line":39,"column":0}},"39":{"start":{"line":40,"column":0},"end":{"line":40,"column":44}},"40":{"start":{"line":41,"column":0},"end":{"line":41,"column":0}},"41":{"start":{"line":42,"column":0},"end":{"line":42,"column":53}},"42":{"start":{"line":43,"column":0},"end":{"line":43,"column":0}},"43":{"start":{"line":44,"column":0},"end":{"line":44,"column":41}},"44":{"start":{"line":45,"column":0},"end":{"line":45,"column":24}},"45":{"start":{"line":46,"column":0},"end":{"line":46,"column":53}},"46":{"start":{"line":47,"column":0},"end":{"line":47,"column":3}},"47":{"start":{"line":48,"column":0},"end":{"line":48,"column":2}},"48":{"start":{"line":49,"column":0},"end":{"line":49,"column":0}},"49":{"start":{"line":50,"column":0},"end":{"line":50,"column":52}},"50":{"start":{"line":51,"column":0},"end":{"line":51,"column":7}},"51":{"start":{"line":52,"column":0},"end":{"line":52,"column":36}},"52":{"start":{"line":53,"column":0},"end":{"line":53,"column":28}},"53":{"start":{"line":54,"column":0},"end":{"line":54,"column":0}},"54":{"start":{"line":55,"column":0},"end":{"line":55,"column":44}},"55":{"start":{"line":56,"column":0},"end":{"line":56,"column":0}},"56":{"start":{"line":57,"column":0},"end":{"line":57,"column":68}},"57":{"start":{"line":58,"column":0},"end":{"line":58,"column":0}},"58":{"start":{"line":59,"column":0},"end":{"line":59,"column":44}},"59":{"start":{"line":60,"column":0},"end":{"line":60,"column":0}},"60":{"start":{"line":61,"column":0},"end":{"line":61,"column":66}},"61":{"start":{"line":62,"column":0},"end":{"line":62,"column":24}},"62":{"start":{"line":63,"column":0},"end":{"line":63,"column":60}},"63":{"start":{"line":64,"column":0},"end":{"line":64,"column":3}},"64":{"start":{"line":65,"column":0},"end":{"line":65,"column":2}},"65":{"start":{"line":66,"column":0},"end":{"line":66,"column":0}},"66":{"start":{"line":67,"column":0},"end":{"line":67,"column":52}},"67":{"start":{"line":68,"column":0},"end":{"line":68,"column":7}},"68":{"start":{"line":69,"column":0},"end":{"line":69,"column":36}},"69":{"start":{"line":70,"column":0},"end":{"line":70,"column":28}},"70":{"start":{"line":71,"column":0},"end":{"line":71,"column":0}},"71":{"start":{"line":72,"column":0},"end":{"line":72,"column":48}},"72":{"start":{"line":73,"column":0},"end":{"line":73,"column":0}},"73":{"start":{"line":74,"column":0},"end":{"line":74,"column":56}},"74":{"start":{"line":75,"column":0},"end":{"line":75,"column":0}},"75":{"start":{"line":76,"column":0},"end":{"line":76,"column":66}},"76":{"start":{"line":77,"column":0},"end":{"line":77,"column":24}},"77":{"start":{"line":78,"column":0},"end":{"line":78,"column":53}},"78":{"start":{"line":79,"column":0},"end":{"line":79,"column":3}},"79":{"start":{"line":80,"column":0},"end":{"line":80,"column":2}}},"s":{"0":1,"1":1,"2":1,"3":1,"4":0,"5":0,"6":0,"7":0,"8":1,"9":1,"10":1,"11":1,"12":1,"13":0,"14":0,"15":0,"16":0,"17":1,"18":1,"19":1,"20":1,"21":1,"22":1,"23":1,"24":1,"25":1,"26":1,"27":1,"28":1,"29":1,"30":1,"31":1,"32":1,"33":1,"34":0,"35":0,"36":0,"37":0,"38":0,"39":0,"40":0,"41":0,"42":0,"43":0,"44":0,"45":1,"46":1,"47":1,"48":1,"49":1,"50":1,"51":1,"52":1,"53":1,"54":1,"55":1,"56":1,"57":1,"58":1,"59":1,"60":1,"61":1,"62":1,"63":1,"64":1,"65":1,"66":1,"67":0,"68":0,"69":0,"70":0,"71":0,"72":0,"73":0,"74":0,"75":0,"76":0,"77":1,"78":1,"79":1},"branchMap":{"0":{"type":"branch","line":4,"loc":{"start":{"line":4,"column":28},"end":{"line":4,"column":31}},"locations":[{"start":{"line":4,"column":28},"end":{"line":4,"column":31}}]},"1":{"type":"branch","line":4,"loc":{"start":{"line":4,"column":31},"end":{"line":4,"column":38}},"locations":[{"start":{"line":4,"column":31},"end":{"line":4,"column":38}}]},"2":{"type":"branch","line":4,"loc":{"start":{"line":4,"column":31},"end":{"line":4,"column":38}},"locations":[{"start":{"line":4,"column":31},"end":{"line":4,"column":38}}]},"3":{"type":"branch","line":4,"loc":{"start":{"line":4,"column":31},"end":{"line":4,"column":38}},"locations":[{"start":{"line":4,"column":31},"end":{"line":4,"column":38}}]},"4":{"type":"branch","line":4,"loc":{"start":{"line":4,"column":31},"end":{"line":4,"column":38}},"locations":[{"start":{"line":4,"column":31},"end":{"line":4,"column":38}}]},"5":{"type":"branch","line":4,"loc":{"start":{"line":4,"column":31},"end":{"line":4,"column":38}},"locations":[{"start":{"line":4,"column":31},"end":{"line":4,"column":38}}]},"6":{"type":"branch","line":4,"loc":{"start":{"line":4,"column":31},"end":{"line":9,"column":7}},"locations":[{"start":{"line":4,"column":31},"end":{"line":9,"column":7}}]},"7":{"type":"branch","line":4,"loc":{"start":{"line":4,"column":31},"end":{"line":4,"column":38}},"locations":[{"start":{"line":4,"column":31},"end":{"line":4,"column":38}}]},"8":{"type":"branch","line":4,"loc":{"start":{"line":4,"column":31},"end":{"line":4,"column":38}},"locations":[{"start":{"line":4,"column":31},"end":{"line":4,"column":38}}]},"9":{"type":"branch","line":4,"loc":{"start":{"line":4,"column":28},"end":{"line":4,"column":31}},"locations":[{"start":{"line":4,"column":28},"end":{"line":4,"column":31}}]},"10":{"type":"branch","line":13,"loc":{"start":{"line":13,"column":27},"end":{"line":13,"column":30}},"locations":[{"start":{"line":13,"column":27},"end":{"line":13,"column":30}}]},"11":{"type":"branch","line":13,"loc":{"start":{"line":13,"column":30},"end":{"line":13,"column":37}},"locations":[{"start":{"line":13,"column":30},"end":{"line":13,"column":37}}]},"12":{"type":"branch","line":13,"loc":{"start":{"line":13,"column":30},"end":{"line":13,"column":37}},"locations":[{"start":{"line":13,"column":30},"end":{"line":13,"column":37}}]},"13":{"type":"branch","line":13,"loc":{"start":{"line":13,"column":30},"end":{"line":13,"column":37}},"locations":[{"start":{"line":13,"column":30},"end":{"line":13,"column":37}}]},"14":{"type":"branch","line":13,"loc":{"start":{"line":13,"column":30},"end":{"line":13,"column":37}},"locations":[{"start":{"line":13,"column":30},"end":{"line":13,"column":37}}]},"15":{"type":"branch","line":13,"loc":{"start":{"line":13,"column":30},"end":{"line":13,"column":37}},"locations":[{"start":{"line":13,"column":30},"end":{"line":13,"column":37}}]},"16":{"type":"branch","line":13,"loc":{"start":{"line":13,"column":30},"end":{"line":18,"column":7}},"locations":[{"start":{"line":13,"column":30},"end":{"line":18,"column":7}}]},"17":{"type":"branch","line":13,"loc":{"start":{"line":13,"column":30},"end":{"line":13,"column":37}},"locations":[{"start":{"line":13,"column":30},"end":{"line":13,"column":37}}]},"18":{"type":"branch","line":13,"loc":{"start":{"line":13,"column":30},"end":{"line":13,"column":37}},"locations":[{"start":{"line":13,"column":30},"end":{"line":13,"column":37}}]},"19":{"type":"branch","line":13,"loc":{"start":{"line":13,"column":27},"end":{"line":13,"column":30}},"locations":[{"start":{"line":13,"column":27},"end":{"line":13,"column":30}}]},"20":{"type":"branch","line":22,"loc":{"start":{"line":22,"column":30},"end":{"line":22,"column":33}},"locations":[{"start":{"line":22,"column":30},"end":{"line":22,"column":33}}]},"21":{"type":"branch","line":22,"loc":{"start":{"line":22,"column":33},"end":{"line":22,"column":40}},"locations":[{"start":{"line":22,"column":33},"end":{"line":22,"column":40}}]},"22":{"type":"branch","line":22,"loc":{"start":{"line":22,"column":33},"end":{"line":22,"column":40}},"locations":[{"start":{"line":22,"column":33},"end":{"line":22,"column":40}}]},"23":{"type":"branch","line":22,"loc":{"start":{"line":22,"column":33},"end":{"line":22,"column":40}},"locations":[{"start":{"line":22,"column":33},"end":{"line":22,"column":40}}]},"24":{"type":"branch","line":22,"loc":{"start":{"line":22,"column":33},"end":{"line":22,"column":40}},"locations":[{"start":{"line":22,"column":33},"end":{"line":22,"column":40}}]},"25":{"type":"branch","line":22,"loc":{"start":{"line":22,"column":33},"end":{"line":22,"column":40}},"locations":[{"start":{"line":22,"column":33},"end":{"line":22,"column":40}}]},"26":{"type":"branch","line":22,"loc":{"start":{"line":22,"column":33},"end":{"line":22,"column":40}},"locations":[{"start":{"line":22,"column":33},"end":{"line":22,"column":40}}]},"27":{"type":"branch","line":22,"loc":{"start":{"line":22,"column":33},"end":{"line":22,"column":40}},"locations":[{"start":{"line":22,"column":33},"end":{"line":22,"column":40}}]},"28":{"type":"branch","line":22,"loc":{"start":{"line":22,"column":33},"end":{"line":22,"column":40}},"locations":[{"start":{"line":22,"column":33},"end":{"line":22,"column":40}}]},"29":{"type":"branch","line":22,"loc":{"start":{"line":22,"column":33},"end":{"line":22,"column":40}},"locations":[{"start":{"line":22,"column":33},"end":{"line":22,"column":40}}]},"30":{"type":"branch","line":22,"loc":{"start":{"line":22,"column":33},"end":{"line":22,"column":40}},"locations":[{"start":{"line":22,"column":33},"end":{"line":22,"column":40}}]},"31":{"type":"branch","line":22,"loc":{"start":{"line":22,"column":30},"end":{"line":22,"column":33}},"locations":[{"start":{"line":22,"column":30},"end":{"line":22,"column":33}}]},"32":{"type":"branch","line":34,"loc":{"start":{"line":34,"column":28},"end":{"line":34,"column":31}},"locations":[{"start":{"line":34,"column":28},"end":{"line":34,"column":31}}]},"33":{"type":"branch","line":34,"loc":{"start":{"line":34,"column":31},"end":{"line":34,"column":38}},"locations":[{"start":{"line":34,"column":31},"end":{"line":34,"column":38}}]},"34":{"type":"branch","line":34,"loc":{"start":{"line":34,"column":31},"end":{"line":34,"column":38}},"locations":[{"start":{"line":34,"column":31},"end":{"line":34,"column":38}}]},"35":{"type":"branch","line":34,"loc":{"start":{"line":34,"column":31},"end":{"line":34,"column":38}},"locations":[{"start":{"line":34,"column":31},"end":{"line":34,"column":38}}]},"36":{"type":"branch","line":34,"loc":{"start":{"line":34,"column":31},"end":{"line":34,"column":38}},"locations":[{"start":{"line":34,"column":31},"end":{"line":34,"column":38}}]},"37":{"type":"branch","line":34,"loc":{"start":{"line":34,"column":31},"end":{"line":34,"column":38}},"locations":[{"start":{"line":34,"column":31},"end":{"line":34,"column":38}}]},"38":{"type":"branch","line":34,"loc":{"start":{"line":34,"column":31},"end":{"line":46,"column":7}},"locations":[{"start":{"line":34,"column":31},"end":{"line":46,"column":7}}]},"39":{"type":"branch","line":34,"loc":{"start":{"line":34,"column":31},"end":{"line":34,"column":38}},"locations":[{"start":{"line":34,"column":31},"end":{"line":34,"column":38}}]},"40":{"type":"branch","line":34,"loc":{"start":{"line":34,"column":31},"end":{"line":34,"column":38}},"locations":[{"start":{"line":34,"column":31},"end":{"line":34,"column":38}}]},"41":{"type":"branch","line":34,"loc":{"start":{"line":34,"column":28},"end":{"line":34,"column":31}},"locations":[{"start":{"line":34,"column":28},"end":{"line":34,"column":31}}]},"42":{"type":"branch","line":50,"loc":{"start":{"line":50,"column":28},"end":{"line":50,"column":31}},"locations":[{"start":{"line":50,"column":28},"end":{"line":50,"column":31}}]},"43":{"type":"branch","line":50,"loc":{"start":{"line":50,"column":31},"end":{"line":50,"column":38}},"locations":[{"start":{"line":50,"column":31},"end":{"line":50,"column":38}}]},"44":{"type":"branch","line":50,"loc":{"start":{"line":50,"column":31},"end":{"line":50,"column":38}},"locations":[{"start":{"line":50,"column":31},"end":{"line":50,"column":38}}]},"45":{"type":"branch","line":50,"loc":{"start":{"line":50,"column":31},"end":{"line":50,"column":38}},"locations":[{"start":{"line":50,"column":31},"end":{"line":50,"column":38}}]},"46":{"type":"branch","line":50,"loc":{"start":{"line":50,"column":31},"end":{"line":50,"column":38}},"locations":[{"start":{"line":50,"column":31},"end":{"line":50,"column":38}}]},"47":{"type":"branch","line":50,"loc":{"start":{"line":50,"column":31},"end":{"line":50,"column":38}},"locations":[{"start":{"line":50,"column":31},"end":{"line":50,"column":38}}]},"48":{"type":"branch","line":50,"loc":{"start":{"line":50,"column":31},"end":{"line":50,"column":38}},"locations":[{"start":{"line":50,"column":31},"end":{"line":50,"column":38}}]},"49":{"type":"branch","line":50,"loc":{"start":{"line":50,"column":31},"end":{"line":50,"column":38}},"locations":[{"start":{"line":50,"column":31},"end":{"line":50,"column":38}}]},"50":{"type":"branch","line":50,"loc":{"start":{"line":50,"column":31},"end":{"line":50,"column":38}},"locations":[{"start":{"line":50,"column":31},"end":{"line":50,"column":38}}]},"51":{"type":"branch","line":50,"loc":{"start":{"line":50,"column":31},"end":{"line":50,"column":38}},"locations":[{"start":{"line":50,"column":31},"end":{"line":50,"column":38}}]},"52":{"type":"branch","line":50,"loc":{"start":{"line":50,"column":31},"end":{"line":50,"column":38}},"locations":[{"start":{"line":50,"column":31},"end":{"line":50,"column":38}}]},"53":{"type":"branch","line":50,"loc":{"start":{"line":50,"column":28},"end":{"line":50,"column":31}},"locations":[{"start":{"line":50,"column":28},"end":{"line":50,"column":31}}]},"54":{"type":"branch","line":67,"loc":{"start":{"line":67,"column":28},"end":{"line":67,"column":31}},"locations":[{"start":{"line":67,"column":28},"end":{"line":67,"column":31}}]},"55":{"type":"branch","line":67,"loc":{"start":{"line":67,"column":31},"end":{"line":67,"column":38}},"locations":[{"start":{"line":67,"column":31},"end":{"line":67,"column":38}}]},"56":{"type":"branch","line":67,"loc":{"start":{"line":67,"column":31},"end":{"line":67,"column":38}},"locations":[{"start":{"line":67,"column":31},"end":{"line":67,"column":38}}]},"57":{"type":"branch","line":67,"loc":{"start":{"line":67,"column":31},"end":{"line":67,"column":38}},"locations":[{"start":{"line":67,"column":31},"end":{"line":67,"column":38}}]},"58":{"type":"branch","line":67,"loc":{"start":{"line":67,"column":31},"end":{"line":67,"column":38}},"locations":[{"start":{"line":67,"column":31},"end":{"line":67,"column":38}}]},"59":{"type":"branch","line":67,"loc":{"start":{"line":67,"column":31},"end":{"line":67,"column":38}},"locations":[{"start":{"line":67,"column":31},"end":{"line":67,"column":38}}]},"60":{"type":"branch","line":67,"loc":{"start":{"line":67,"column":31},"end":{"line":67,"column":38}},"locations":[{"start":{"line":67,"column":31},"end":{"line":67,"column":38}}]},"61":{"type":"branch","line":67,"loc":{"start":{"line":67,"column":31},"end":{"line":67,"column":38}},"locations":[{"start":{"line":67,"column":31},"end":{"line":67,"column":38}}]},"62":{"type":"branch","line":67,"loc":{"start":{"line":67,"column":31},"end":{"line":78,"column":7}},"locations":[{"start":{"line":67,"column":31},"end":{"line":78,"column":7}}]},"63":{"type":"branch","line":67,"loc":{"start":{"line":67,"column":31},"end":{"line":67,"column":38}},"locations":[{"start":{"line":67,"column":31},"end":{"line":67,"column":38}}]},"64":{"type":"branch","line":67,"loc":{"start":{"line":67,"column":31},"end":{"line":67,"column":38}},"locations":[{"start":{"line":67,"column":31},"end":{"line":67,"column":38}}]},"65":{"type":"branch","line":67,"loc":{"start":{"line":67,"column":28},"end":{"line":67,"column":31}},"locations":[{"start":{"line":67,"column":28},"end":{"line":67,"column":31}}]}},"b":{"0":[11],"1":[2],"2":[4],"3":[6],"4":[2],"5":[2],"6":[0],"7":[2],"8":[2],"9":[2],"10":[11],"11":[2],"12":[4],"13":[6],"14":[2],"15":[2],"16":[0],"17":[2],"18":[2],"19":[2],"20":[11],"21":[2],"22":[5],"23":[7],"24":[2],"25":[2],"26":[1],"27":[1],"28":[0],"29":[1],"30":[2],"31":[2],"32":[11],"33":[8],"34":[16],"35":[24],"36":[8],"37":[8],"38":[0],"39":[8],"40":[8],"41":[8],"42":[11],"43":[2],"44":[5],"45":[7],"46":[2],"47":[2],"48":[1],"49":[1],"50":[0],"51":[1],"52":[2],"53":[2],"54":[11],"55":[2],"56":[5],"57":[7],"58":[2],"59":[2],"60":[1],"61":[1],"62":[0],"63":[1],"64":[2],"65":[2]},"fnMap":{"0":{"name":"_callee","decl":{"start":{"line":4,"column":31},"end":{"line":4,"column":38}},"loc":{"start":{"line":4,"column":31},"end":{"line":4,"column":38}},"line":4},"1":{"name":"_callee$","decl":{"start":{"line":4,"column":31},"end":{"line":4,"column":38}},"loc":{"start":{"line":4,"column":31},"end":{"line":4,"column":38}},"line":4},"2":{"name":"getAll","decl":{"start":{"line":4,"column":28},"end":{"line":4,"column":31}},"loc":{"start":{"line":4,"column":28},"end":{"line":4,"column":31}},"line":4},"3":{"name":"_callee2","decl":{"start":{"line":13,"column":30},"end":{"line":13,"column":37}},"loc":{"start":{"line":13,"column":30},"end":{"line":13,"column":37}},"line":13},"4":{"name":"_callee2$","decl":{"start":{"line":13,"column":30},"end":{"line":13,"column":37}},"loc":{"start":{"line":13,"column":30},"end":{"line":13,"column":37}},"line":13},"5":{"name":"count","decl":{"start":{"line":13,"column":27},"end":{"line":13,"column":30}},"loc":{"start":{"line":13,"column":27},"end":{"line":13,"column":30}},"line":13},"6":{"name":"_callee3","decl":{"start":{"line":22,"column":33},"end":{"line":22,"column":40}},"loc":{"start":{"line":22,"column":33},"end":{"line":22,"column":40}},"line":22},"7":{"name":"_callee3$","decl":{"start":{"line":22,"column":33},"end":{"line":22,"column":40}},"loc":{"start":{"line":22,"column":33},"end":{"line":22,"column":40}},"line":22},"8":{"name":"findByID","decl":{"start":{"line":22,"column":30},"end":{"line":22,"column":33}},"loc":{"start":{"line":22,"column":30},"end":{"line":22,"column":33}},"line":22},"9":{"name":"_callee4","decl":{"start":{"line":34,"column":31},"end":{"line":34,"column":38}},"loc":{"start":{"line":34,"column":31},"end":{"line":34,"column":38}},"line":34},"10":{"name":"_callee4$","decl":{"start":{"line":34,"column":31},"end":{"line":34,"column":38}},"loc":{"start":{"line":34,"column":31},"end":{"line":34,"column":38}},"line":34},"11":{"name":"create","decl":{"start":{"line":34,"column":28},"end":{"line":34,"column":31}},"loc":{"start":{"line":34,"column":28},"end":{"line":34,"column":31}},"line":34},"12":{"name":"_callee5","decl":{"start":{"line":50,"column":31},"end":{"line":50,"column":38}},"loc":{"start":{"line":50,"column":31},"end":{"line":50,"column":38}},"line":50},"13":{"name":"_callee5$","decl":{"start":{"line":50,"column":31},"end":{"line":50,"column":38}},"loc":{"start":{"line":50,"column":31},"end":{"line":50,"column":38}},"line":50},"14":{"name":"update","decl":{"start":{"line":50,"column":28},"end":{"line":50,"column":31}},"loc":{"start":{"line":50,"column":28},"end":{"line":50,"column":31}},"line":50},"15":{"name":"_callee6","decl":{"start":{"line":67,"column":31},"end":{"line":67,"column":38}},"loc":{"start":{"line":67,"column":31},"end":{"line":67,"column":38}},"line":67},"16":{"name":"_callee6$","decl":{"start":{"line":67,"column":31},"end":{"line":67,"column":38}},"loc":{"start":{"line":67,"column":31},"end":{"line":67,"column":38}},"line":67},"17":{"name":"remove","decl":{"start":{"line":67,"column":28},"end":{"line":67,"column":31}},"loc":{"start":{"line":67,"column":28},"end":{"line":67,"column":31}},"line":67}},"f":{"0":2,"1":4,"2":2,"3":2,"4":4,"5":2,"6":2,"7":5,"8":2,"9":8,"10":16,"11":8,"12":2,"13":5,"14":2,"15":2,"16":5,"17":2}}
,"/Users/nikolas/Development/Curso-de-Node-JS/api-test/src/middlewares/authorization.ts": {"path":"/Users/nikolas/Development/Curso-de-Node-JS/api-test/src/middlewares/authorization.ts","all":false,"statementMap":{"0":{"start":{"line":1,"column":0},"end":{"line":1,"column":30}},"1":{"start":{"line":2,"column":0},"end":{"line":2,"column":34}},"2":{"start":{"line":3,"column":0},"end":{"line":3,"column":0}},"3":{"start":{"line":4,"column":0},"end":{"line":4,"column":22}},"4":{"start":{"line":5,"column":0},"end":{"line":5,"column":18}},"5":{"start":{"line":6,"column":0},"end":{"line":6,"column":1}},"6":{"start":{"line":7,"column":0},"end":{"line":7,"column":0}},"7":{"start":{"line":8,"column":0},"end":{"line":8,"column":90}},"8":{"start":{"line":9,"column":0},"end":{"line":9,"column":0}},"9":{"start":{"line":10,"column":0},"end":{"line":10,"column":54}},"10":{"start":{"line":11,"column":0},"end":{"line":11,"column":63}},"11":{"start":{"line":12,"column":0},"end":{"line":12,"column":9}},"12":{"start":{"line":13,"column":0},"end":{"line":13,"column":58}},"13":{"start":{"line":14,"column":0},"end":{"line":14,"column":0}},"14":{"start":{"line":15,"column":0},"end":{"line":15,"column":90}},"15":{"start":{"line":16,"column":0},"end":{"line":16,"column":0}},"16":{"start":{"line":17,"column":0},"end":{"line":17,"column":38}},"17":{"start":{"line":18,"column":0},"end":{"line":18,"column":0}},"18":{"start":{"line":19,"column":0},"end":{"line":19,"column":42}},"19":{"start":{"line":20,"column":0},"end":{"line":20,"column":15}},"20":{"start":{"line":21,"column":0},"end":{"line":21,"column":21}},"21":{"start":{"line":22,"column":0},"end":{"line":22,"column":27}},"22":{"start":{"line":23,"column":0},"end":{"line":23,"column":67}},"23":{"start":{"line":24,"column":0},"end":{"line":24,"column":5}},"24":{"start":{"line":25,"column":0},"end":{"line":25,"column":2}}},"s":{"0":1,"1":1,"2":1,"3":1,"4":1,"5":1,"6":1,"7":1,"8":1,"9":1,"10":1,"11":1,"12":1,"13":1,"14":1,"15":1,"16":1,"17":1,"18":1,"19":1,"20":1,"21":1,"22":1,"23":1,"24":1},"branchMap":{"0":{"type":"branch","line":8,"loc":{"start":{"line":8,"column":15},"end":{"line":8,"column":6}},"locations":[{"start":{"line":8,"column":15},"end":{"line":8,"column":6}}]},"1":{"type":"branch","line":11,"loc":{"start":{"line":11,"column":33},"end":{"line":11,"column":36}},"locations":[{"start":{"line":11,"column":33},"end":{"line":11,"column":36}}]},"2":{"type":"branch","line":11,"loc":{"start":{"line":11,"column":36},"end":{"line":11,"column":43}},"locations":[{"start":{"line":11,"column":36},"end":{"line":11,"column":43}}]},"3":{"type":"branch","line":11,"loc":{"start":{"line":11,"column":36},"end":{"line":11,"column":43}},"locations":[{"start":{"line":11,"column":36},"end":{"line":11,"column":43}}]},"4":{"type":"branch","line":11,"loc":{"start":{"line":11,"column":36},"end":{"line":11,"column":43}},"locations":[{"start":{"line":11,"column":36},"end":{"line":11,"column":43}}]},"5":{"type":"branch","line":11,"loc":{"start":{"line":11,"column":36},"end":{"line":11,"column":43}},"locations":[{"start":{"line":11,"column":36},"end":{"line":11,"column":43}}]},"6":{"type":"branch","line":11,"loc":{"start":{"line":11,"column":36},"end":{"line":11,"column":43}},"locations":[{"start":{"line":11,"column":36},"end":{"line":11,"column":43}}]},"7":{"type":"branch","line":11,"loc":{"start":{"line":11,"column":36},"end":{"line":11,"column":43}},"locations":[{"start":{"line":11,"column":36},"end":{"line":11,"column":43}}]},"8":{"type":"branch","line":11,"loc":{"start":{"line":11,"column":36},"end":{"line":11,"column":43}},"locations":[{"start":{"line":11,"column":36},"end":{"line":11,"column":43}}]},"9":{"type":"branch","line":11,"loc":{"start":{"line":11,"column":36},"end":{"line":11,"column":43}},"locations":[{"start":{"line":11,"column":36},"end":{"line":11,"column":43}}]},"10":{"type":"branch","line":11,"loc":{"start":{"line":11,"column":36},"end":{"line":11,"column":43}},"locations":[{"start":{"line":11,"column":36},"end":{"line":11,"column":43}}]},"11":{"type":"branch","line":11,"loc":{"start":{"line":11,"column":33},"end":{"line":11,"column":36}},"locations":[{"start":{"line":11,"column":33},"end":{"line":11,"column":36}}]}},"b":{"0":[12],"1":[11],"2":[12],"3":[12],"4":[36],"5":[12],"6":[0],"7":[12],"8":[0],"9":[12],"10":[12],"11":[12]},"fnMap":{"0":{"name":"verify","decl":{"start":{"line":8,"column":15},"end":{"line":8,"column":6}},"loc":{"start":{"line":8,"column":15},"end":{"line":8,"column":6}},"line":8},"1":{"name":"_callee","decl":{"start":{"line":11,"column":36},"end":{"line":11,"column":43}},"loc":{"start":{"line":11,"column":36},"end":{"line":11,"column":43}},"line":11},"2":{"name":"_callee$","decl":{"start":{"line":11,"column":36},"end":{"line":11,"column":43}},"loc":{"start":{"line":11,"column":36},"end":{"line":11,"column":43}},"line":11},"3":{"name":"verifyToken","decl":{"start":{"line":11,"column":33},"end":{"line":11,"column":36}},"loc":{"start":{"line":11,"column":33},"end":{"line":11,"column":36}},"line":11}},"f":{"0":12,"1":12,"2":12,"3":12}}
,"/Users/nikolas/Development/Curso-de-Node-JS/api-test/src/middlewares/index.ts": {"path":"/Users/nikolas/Development/Curso-de-Node-JS/api-test/src/middlewares/index.ts","all":false,"statementMap":{"0":{"start":{"line":1,"column":0},"end":{"line":1,"column":46}},"1":{"start":{"line":2,"column":0},"end":{"line":2,"column":43}},"2":{"start":{"line":3,"column":0},"end":{"line":3,"column":0}},"3":{"start":{"line":4,"column":0},"end":{"line":4,"column":64}},"4":{"start":{"line":5,"column":0},"end":{"line":5,"column":63}}},"s":{"0":1,"1":1,"2":1,"3":1,"4":1},"branchMap":{},"b":{},"fnMap":{},"f":{}}
,"/Users/nikolas/Development/Curso-de-Node-JS/api-test/src/middlewares/uniqueEmail.ts": {"path":"/Users/nikolas/Development/Curso-de-Node-JS/api-test/src/middlewares/uniqueEmail.ts","all":false,"statementMap":{"0":{"start":{"line":1,"column":0},"end":{"line":1,"column":34}},"1":{"start":{"line":2,"column":0},"end":{"line":2,"column":32}},"2":{"start":{"line":3,"column":0},"end":{"line":3,"column":0}},"3":{"start":{"line":4,"column":0},"end":{"line":4,"column":52}},"4":{"start":{"line":5,"column":0},"end":{"line":5,"column":63}},"5":{"start":{"line":6,"column":0},"end":{"line":6,"column":41}},"6":{"start":{"line":7,"column":0},"end":{"line":7,"column":0}},"7":{"start":{"line":8,"column":0},"end":{"line":8,"column":52}},"8":{"start":{"line":9,"column":0},"end":{"line":9,"column":0}},"9":{"start":{"line":10,"column":0},"end":{"line":10,"column":13}},"10":{"start":{"line":11,"column":0},"end":{"line":11,"column":73}},"11":{"start":{"line":12,"column":0},"end":{"line":12,"column":0}},"12":{"start":{"line":13,"column":0},"end":{"line":13,"column":51}},"13":{"start":{"line":14,"column":0},"end":{"line":14,"column":0}},"14":{"start":{"line":15,"column":0},"end":{"line":15,"column":18}},"15":{"start":{"line":16,"column":0},"end":{"line":16,"column":70}},"16":{"start":{"line":17,"column":0},"end":{"line":17,"column":0}},"17":{"start":{"line":18,"column":0},"end":{"line":18,"column":11}},"18":{"start":{"line":19,"column":0},"end":{"line":19,"column":2}}},"s":{"0":1,"1":1,"2":1,"3":1,"4":1,"5":9,"6":9,"7":9,"8":9,"9":9,"10":9,"11":9,"12":9,"13":9,"14":9,"15":9,"16":9,"17":9,"18":1},"branchMap":{"0":{"type":"branch","line":5,"loc":{"start":{"line":5,"column":33},"end":{"line":5,"column":36}},"locations":[{"start":{"line":5,"column":33},"end":{"line":5,"column":36}}]},"1":{"type":"branch","line":5,"loc":{"start":{"line":5,"column":36},"end":{"line":5,"column":43}},"locations":[{"start":{"line":5,"column":36},"end":{"line":5,"column":43}}]},"2":{"type":"branch","line":5,"loc":{"start":{"line":5,"column":36},"end":{"line":5,"column":43}},"locations":[{"start":{"line":5,"column":36},"end":{"line":5,"column":43}}]},"3":{"type":"branch","line":5,"loc":{"start":{"line":5,"column":36},"end":{"line":5,"column":43}},"locations":[{"start":{"line":5,"column":36},"end":{"line":5,"column":43}}]},"4":{"type":"branch","line":5,"loc":{"start":{"line":5,"column":36},"end":{"line":5,"column":43}},"locations":[{"start":{"line":5,"column":36},"end":{"line":5,"column":43}}]},"5":{"type":"branch","line":5,"loc":{"start":{"line":5,"column":36},"end":{"line":5,"column":43}},"locations":[{"start":{"line":5,"column":36},"end":{"line":5,"column":43}}]},"6":{"type":"branch","line":5,"loc":{"start":{"line":5,"column":36},"end":{"line":5,"column":43}},"locations":[{"start":{"line":5,"column":36},"end":{"line":5,"column":43}}]},"7":{"type":"branch","line":5,"loc":{"start":{"line":5,"column":36},"end":{"line":5,"column":43}},"locations":[{"start":{"line":5,"column":36},"end":{"line":5,"column":43}}]},"8":{"type":"branch","line":5,"loc":{"start":{"line":5,"column":36},"end":{"line":5,"column":43}},"locations":[{"start":{"line":5,"column":36},"end":{"line":5,"column":43}}]},"9":{"type":"branch","line":5,"loc":{"start":{"line":5,"column":36},"end":{"line":5,"column":43}},"locations":[{"start":{"line":5,"column":36},"end":{"line":5,"column":43}}]},"10":{"type":"branch","line":5,"loc":{"start":{"line":5,"column":36},"end":{"line":5,"column":43}},"locations":[{"start":{"line":5,"column":36},"end":{"line":5,"column":43}}]},"11":{"type":"branch","line":5,"loc":{"start":{"line":5,"column":36},"end":{"line":5,"column":43}},"locations":[{"start":{"line":5,"column":36},"end":{"line":5,"column":43}}]},"12":{"type":"branch","line":5,"loc":{"start":{"line":5,"column":36},"end":{"line":18,"column":11}},"locations":[{"start":{"line":5,"column":36},"end":{"line":18,"column":11}}]},"13":{"type":"branch","line":5,"loc":{"start":{"line":5,"column":36},"end":{"line":5,"column":43}},"locations":[{"start":{"line":5,"column":36},"end":{"line":5,"column":43}}]},"14":{"type":"branch","line":5,"loc":{"start":{"line":5,"column":36},"end":{"line":5,"column":43}},"locations":[{"start":{"line":5,"column":36},"end":{"line":5,"column":43}}]},"15":{"type":"branch","line":5,"loc":{"start":{"line":5,"column":33},"end":{"line":5,"column":36}},"locations":[{"start":{"line":5,"column":33},"end":{"line":5,"column":36}}]}},"b":{"0":[11],"1":[11],"2":[34],"3":[53],"4":[11],"5":[11],"6":[10],"7":[1],"8":[10],"9":[10],"10":[9],"11":[1],"12":[9],"13":[9],"14":[11],"15":[11]},"fnMap":{"0":{"name":"_callee","decl":{"start":{"line":5,"column":36},"end":{"line":5,"column":43}},"loc":{"start":{"line":5,"column":36},"end":{"line":5,"column":43}},"line":5},"1":{"name":"_callee$","decl":{"start":{"line":5,"column":36},"end":{"line":5,"column":43}},"loc":{"start":{"line":5,"column":36},"end":{"line":5,"column":43}},"line":5},"2":{"name":"uniqueEmail","decl":{"start":{"line":5,"column":33},"end":{"line":5,"column":36}},"loc":{"start":{"line":5,"column":33},"end":{"line":5,"column":36}},"line":5}},"f":{"0":11,"1":34,"2":11}}
,"/Users/nikolas/Development/Curso-de-Node-JS/api-test/src/middlewares/validators/auth.validations.ts": {"path":"/Users/nikolas/Development/Curso-de-Node-JS/api-test/src/middlewares/validators/auth.validations.ts","all":false,"statementMap":{"0":{"start":{"line":1,"column":0},"end":{"line":1,"column":33}},"1":{"start":{"line":2,"column":0},"end":{"line":2,"column":42}},"2":{"start":{"line":3,"column":0},"end":{"line":3,"column":0}},"3":{"start":{"line":4,"column":0},"end":{"line":4,"column":52}},"4":{"start":{"line":5,"column":0},"end":{"line":5,"column":59}},"5":{"start":{"line":6,"column":0},"end":{"line":6,"column":78}},"6":{"start":{"line":7,"column":0},"end":{"line":7,"column":1}},"7":{"start":{"line":8,"column":0},"end":{"line":8,"column":0}},"8":{"start":{"line":9,"column":0},"end":{"line":9,"column":51}},"9":{"start":{"line":10,"column":0},"end":{"line":10,"column":58}},"10":{"start":{"line":11,"column":0},"end":{"line":11,"column":78}},"11":{"start":{"line":12,"column":0},"end":{"line":12,"column":1}}},"s":{"0":1,"1":1,"2":1,"3":1,"4":12,"5":12,"6":12,"7":1,"8":1,"9":8,"10":8,"11":8},"branchMap":{"0":{"type":"branch","line":4,"loc":{"start":{"line":4,"column":31},"end":{"line":7,"column":1}},"locations":[{"start":{"line":4,"column":31},"end":{"line":7,"column":1}}]},"1":{"type":"branch","line":6,"loc":{"start":{"line":6,"column":9},"end":{"line":6,"column":15}},"locations":[{"start":{"line":6,"column":9},"end":{"line":6,"column":15}}]},"2":{"type":"branch","line":6,"loc":{"start":{"line":6,"column":9},"end":{"line":6,"column":78}},"locations":[{"start":{"line":6,"column":9},"end":{"line":6,"column":78}}]},"3":{"type":"branch","line":9,"loc":{"start":{"line":9,"column":30},"end":{"line":12,"column":1}},"locations":[{"start":{"line":9,"column":30},"end":{"line":12,"column":1}}]},"4":{"type":"branch","line":11,"loc":{"start":{"line":11,"column":9},"end":{"line":11,"column":15}},"locations":[{"start":{"line":11,"column":9},"end":{"line":11,"column":15}}]},"5":{"type":"branch","line":11,"loc":{"start":{"line":11,"column":9},"end":{"line":11,"column":78}},"locations":[{"start":{"line":11,"column":9},"end":{"line":11,"column":78}}]}},"b":{"0":[12],"1":[1],"2":[11],"3":[8],"4":[1],"5":[7]},"fnMap":{"0":{"name":"signUp","decl":{"start":{"line":4,"column":31},"end":{"line":7,"column":1}},"loc":{"start":{"line":4,"column":31},"end":{"line":7,"column":1}},"line":4},"1":{"name":"login","decl":{"start":{"line":9,"column":30},"end":{"line":12,"column":1}},"loc":{"start":{"line":9,"column":30},"end":{"line":12,"column":1}},"line":9}},"f":{"0":12,"1":8}}
,"/Users/nikolas/Development/Curso-de-Node-JS/api-test/src/middlewares/validators/tasks.validations.ts": {"path":"/Users/nikolas/Development/Curso-de-Node-JS/api-test/src/middlewares/validators/tasks.validations.ts","all":false,"statementMap":{"0":{"start":{"line":1,"column":0},"end":{"line":1,"column":33}},"1":{"start":{"line":2,"column":0},"end":{"line":2,"column":42}},"2":{"start":{"line":3,"column":0},"end":{"line":3,"column":0}},"3":{"start":{"line":4,"column":0},"end":{"line":4,"column":52}},"4":{"start":{"line":5,"column":0},"end":{"line":5,"column":59}},"5":{"start":{"line":6,"column":0},"end":{"line":6,"column":78}},"6":{"start":{"line":7,"column":0},"end":{"line":7,"column":1}},"7":{"start":{"line":8,"column":0},"end":{"line":8,"column":0}},"8":{"start":{"line":9,"column":0},"end":{"line":9,"column":52}},"9":{"start":{"line":10,"column":0},"end":{"line":10,"column":59}},"10":{"start":{"line":11,"column":0},"end":{"line":11,"column":78}},"11":{"start":{"line":12,"column":0},"end":{"line":12,"column":1}}},"s":{"0":1,"1":1,"2":1,"3":1,"4":9,"5":9,"6":9,"7":1,"8":1,"9":3,"10":3,"11":3},"branchMap":{"0":{"type":"branch","line":4,"loc":{"start":{"line":4,"column":31},"end":{"line":7,"column":1}},"locations":[{"start":{"line":4,"column":31},"end":{"line":7,"column":1}}]},"1":{"type":"branch","line":6,"loc":{"start":{"line":6,"column":9},"end":{"line":6,"column":15}},"locations":[{"start":{"line":6,"column":9},"end":{"line":6,"column":15}}]},"2":{"type":"branch","line":6,"loc":{"start":{"line":6,"column":9},"end":{"line":6,"column":78}},"locations":[{"start":{"line":6,"column":9},"end":{"line":6,"column":78}}]},"3":{"type":"branch","line":9,"loc":{"start":{"line":9,"column":31},"end":{"line":12,"column":1}},"locations":[{"start":{"line":9,"column":31},"end":{"line":12,"column":1}}]},"4":{"type":"branch","line":11,"loc":{"start":{"line":11,"column":9},"end":{"line":11,"column":15}},"locations":[{"start":{"line":11,"column":9},"end":{"line":11,"column":15}}]},"5":{"type":"branch","line":11,"loc":{"start":{"line":11,"column":9},"end":{"line":11,"column":78}},"locations":[{"start":{"line":11,"column":9},"end":{"line":11,"column":78}}]}},"b":{"0":[9],"1":[1],"2":[8],"3":[3],"4":[1],"5":[2]},"fnMap":{"0":{"name":"create","decl":{"start":{"line":4,"column":31},"end":{"line":7,"column":1}},"loc":{"start":{"line":4,"column":31},"end":{"line":7,"column":1}},"line":4},"1":{"name":"update","decl":{"start":{"line":9,"column":31},"end":{"line":12,"column":1}},"loc":{"start":{"line":9,"column":31},"end":{"line":12,"column":1}},"line":9}},"f":{"0":9,"1":3}}
,"/Users/nikolas/Development/Curso-de-Node-JS/api-test/src/model/Task.ts": {"path":"/Users/nikolas/Development/Curso-de-Node-JS/api-test/src/model/Task.ts","all":false,"statementMap":{"0":{"start":{"line":1,"column":0},"end":{"line":1,"column":26}},"1":{"start":{"line":2,"column":0},"end":{"line":2,"column":45}},"2":{"start":{"line":3,"column":0},"end":{"line":3,"column":0}},"3":{"start":{"line":4,"column":0},"end":{"line":4,"column":32}},"4":{"start":{"line":5,"column":0},"end":{"line":5,"column":59}},"5":{"start":{"line":6,"column":0},"end":{"line":6,"column":40}},"6":{"start":{"line":7,"column":0},"end":{"line":7,"column":2}},"7":{"start":{"line":8,"column":0},"end":{"line":8,"column":0}},"8":{"start":{"line":9,"column":0},"end":{"line":9,"column":34}},"9":{"start":{"line":10,"column":0},"end":{"line":10,"column":59}},"10":{"start":{"line":11,"column":0},"end":{"line":11,"column":22}},"11":{"start":{"line":12,"column":0},"end":{"line":12,"column":2}},"12":{"start":{"line":13,"column":0},"end":{"line":13,"column":0}},"13":{"start":{"line":14,"column":0},"end":{"line":14,"column":47}},"14":{"start":{"line":15,"column":0},"end":{"line":15,"column":71}},"15":{"start":{"line":16,"column":0},"end":{"line":16,"column":14}},"16":{"start":{"line":17,"column":0},"end":{"line":17,"column":2}},"17":{"start":{"line":18,"column":0},"end":{"line":18,"column":0}},"18":{"start":{"line":19,"column":0},"end":{"line":19,"column":69}},"19":{"start":{"line":20,"column":0},"end":{"line":20,"column":19}},"20":{"start":{"line":21,"column":0},"end":{"line":21,"column":13}},"21":{"start":{"line":22,"column":0},"end":{"line":22,"column":10}},"22":{"start":{"line":23,"column":0},"end":{"line":23,"column":16}},"23":{"start":{"line":24,"column":0},"end":{"line":24,"column":4}},"24":{"start":{"line":25,"column":0},"end":{"line":25,"column":35}},"25":{"start":{"line":26,"column":0},"end":{"line":26,"column":46}},"26":{"start":{"line":27,"column":0},"end":{"line":27,"column":0}},"27":{"start":{"line":28,"column":0},"end":{"line":28,"column":20}},"28":{"start":{"line":29,"column":0},"end":{"line":29,"column":2}},"29":{"start":{"line":30,"column":0},"end":{"line":30,"column":0}},"30":{"start":{"line":31,"column":0},"end":{"line":31,"column":81}},"31":{"start":{"line":32,"column":0},"end":{"line":32,"column":35}},"32":{"start":{"line":33,"column":0},"end":{"line":33,"column":58}},"33":{"start":{"line":34,"column":0},"end":{"line":34,"column":0}},"34":{"start":{"line":35,"column":0},"end":{"line":35,"column":20}},"35":{"start":{"line":36,"column":0},"end":{"line":36,"column":0}},"36":{"start":{"line":37,"column":0},"end":{"line":37,"column":76}},"37":{"start":{"line":38,"column":0},"end":{"line":38,"column":0}},"38":{"start":{"line":39,"column":0},"end":{"line":39,"column":12}},"39":{"start":{"line":40,"column":0},"end":{"line":40,"column":2}},"40":{"start":{"line":41,"column":0},"end":{"line":41,"column":0}},"41":{"start":{"line":42,"column":0},"end":{"line":42,"column":45}},"42":{"start":{"line":43,"column":0},"end":{"line":43,"column":35}},"43":{"start":{"line":44,"column":0},"end":{"line":44,"column":0}},"44":{"start":{"line":45,"column":0},"end":{"line":45,"column":58}},"45":{"start":{"line":46,"column":0},"end":{"line":46,"column":0}},"46":{"start":{"line":47,"column":0},"end":{"line":47,"column":20}},"47":{"start":{"line":48,"column":0},"end":{"line":48,"column":0}},"48":{"start":{"line":49,"column":0},"end":{"line":49,"column":47}},"49":{"start":{"line":50,"column":0},"end":{"line":50,"column":0}},"50":{"start":{"line":51,"column":0},"end":{"line":51,"column":12}},"51":{"start":{"line":52,"column":0},"end":{"line":52,"column":2}}},"s":{"0":1,"1":1,"2":1,"3":1,"4":1,"5":1,"6":1,"7":1,"8":1,"9":1,"10":1,"11":1,"12":1,"13":1,"14":1,"15":1,"16":1,"17":1,"18":1,"19":1,"20":1,"21":1,"22":1,"23":1,"24":1,"25":1,"26":1,"27":1,"28":1,"29":1,"30":1,"31":1,"32":1,"33":1,"34":1,"35":1,"36":1,"37":1,"38":1,"39":1,"40":1,"41":1,"42":1,"43":1,"44":1,"45":1,"46":1,"47":1,"48":1,"49":1,"50":1,"51":1},"branchMap":{"0":{"type":"branch","line":4,"loc":{"start":{"line":4,"column":16},"end":{"line":4,"column":19}},"locations":[{"start":{"line":4,"column":16},"end":{"line":4,"column":19}}]},"1":{"type":"branch","line":4,"loc":{"start":{"line":4,"column":19},"end":{"line":4,"column":32}},"locations":[{"start":{"line":4,"column":19},"end":{"line":4,"column":32}}]},"2":{"type":"branch","line":4,"loc":{"start":{"line":4,"column":19},"end":{"line":4,"column":32}},"locations":[{"start":{"line":4,"column":19},"end":{"line":4,"column":32}}]},"3":{"type":"branch","line":4,"loc":{"start":{"line":4,"column":19},"end":{"line":4,"column":32}},"locations":[{"start":{"line":4,"column":19},"end":{"line":4,"column":32}}]},"4":{"type":"branch","line":4,"loc":{"start":{"line":4,"column":19},"end":{"line":4,"column":32}},"locations":[{"start":{"line":4,"column":19},"end":{"line":4,"column":32}}]},"5":{"type":"branch","line":4,"loc":{"start":{"line":4,"column":19},"end":{"line":4,"column":32}},"locations":[{"start":{"line":4,"column":19},"end":{"line":4,"column":32}}]},"6":{"type":"branch","line":4,"loc":{"start":{"line":4,"column":19},"end":{"line":4,"column":32}},"locations":[{"start":{"line":4,"column":19},"end":{"line":4,"column":32}}]},"7":{"type":"branch","line":4,"loc":{"start":{"line":4,"column":16},"end":{"line":4,"column":19}},"locations":[{"start":{"line":4,"column":16},"end":{"line":4,"column":19}}]},"8":{"type":"branch","line":9,"loc":{"start":{"line":9,"column":18},"end":{"line":9,"column":21}},"locations":[{"start":{"line":9,"column":18},"end":{"line":9,"column":21}}]},"9":{"type":"branch","line":9,"loc":{"start":{"line":9,"column":21},"end":{"line":9,"column":34}},"locations":[{"start":{"line":9,"column":21},"end":{"line":9,"column":34}}]},"10":{"type":"branch","line":9,"loc":{"start":{"line":9,"column":21},"end":{"line":9,"column":34}},"locations":[{"start":{"line":9,"column":21},"end":{"line":9,"column":34}}]},"11":{"type":"branch","line":9,"loc":{"start":{"line":9,"column":21},"end":{"line":9,"column":34}},"locations":[{"start":{"line":9,"column":21},"end":{"line":9,"column":34}}]},"12":{"type":"branch","line":9,"loc":{"start":{"line":9,"column":21},"end":{"line":9,"column":34}},"locations":[{"start":{"line":9,"column":21},"end":{"line":9,"column":34}}]},"13":{"type":"branch","line":9,"loc":{"start":{"line":9,"column":21},"end":{"line":9,"column":34}},"locations":[{"start":{"line":9,"column":21},"end":{"line":9,"column":34}}]},"14":{"type":"branch","line":9,"loc":{"start":{"line":9,"column":21},"end":{"line":9,"column":34}},"locations":[{"start":{"line":9,"column":21},"end":{"line":9,"column":34}}]},"15":{"type":"branch","line":9,"loc":{"start":{"line":9,"column":18},"end":{"line":9,"column":21}},"locations":[{"start":{"line":9,"column":18},"end":{"line":9,"column":21}}]},"16":{"type":"branch","line":14,"loc":{"start":{"line":14,"column":21},"end":{"line":14,"column":24}},"locations":[{"start":{"line":14,"column":21},"end":{"line":14,"column":24}}]},"17":{"type":"branch","line":14,"loc":{"start":{"line":14,"column":24},"end":{"line":14,"column":31}},"locations":[{"start":{"line":14,"column":24},"end":{"line":14,"column":31}}]},"18":{"type":"branch","line":14,"loc":{"start":{"line":14,"column":24},"end":{"line":14,"column":31}},"locations":[{"start":{"line":14,"column":24},"end":{"line":14,"column":31}}]},"19":{"type":"branch","line":14,"loc":{"start":{"line":14,"column":24},"end":{"line":14,"column":31}},"locations":[{"start":{"line":14,"column":24},"end":{"line":14,"column":31}}]},"20":{"type":"branch","line":14,"loc":{"start":{"line":14,"column":24},"end":{"line":14,"column":31}},"locations":[{"start":{"line":14,"column":24},"end":{"line":14,"column":31}}]},"21":{"type":"branch","line":14,"loc":{"start":{"line":14,"column":24},"end":{"line":14,"column":31}},"locations":[{"start":{"line":14,"column":24},"end":{"line":14,"column":31}}]},"22":{"type":"branch","line":14,"loc":{"start":{"line":14,"column":24},"end":{"line":14,"column":31}},"locations":[{"start":{"line":14,"column":24},"end":{"line":14,"column":31}}]},"23":{"type":"branch","line":14,"loc":{"start":{"line":14,"column":21},"end":{"line":14,"column":24}},"locations":[{"start":{"line":14,"column":21},"end":{"line":14,"column":24}}]},"24":{"type":"branch","line":19,"loc":{"start":{"line":19,"column":19},"end":{"line":19,"column":22}},"locations":[{"start":{"line":19,"column":19},"end":{"line":19,"column":22}}]},"25":{"type":"branch","line":19,"loc":{"start":{"line":19,"column":22},"end":{"line":19,"column":29}},"locations":[{"start":{"line":19,"column":22},"end":{"line":19,"column":29}}]},"26":{"type":"branch","line":19,"loc":{"start":{"line":19,"column":22},"end":{"line":19,"column":29}},"locations":[{"start":{"line":19,"column":22},"end":{"line":19,"column":29}}]},"27":{"type":"branch","line":19,"loc":{"start":{"line":19,"column":22},"end":{"line":19,"column":29}},"locations":[{"start":{"line":19,"column":22},"end":{"line":19,"column":29}}]},"28":{"type":"branch","line":19,"loc":{"start":{"line":19,"column":22},"end":{"line":19,"column":29}},"locations":[{"start":{"line":19,"column":22},"end":{"line":19,"column":29}}]},"29":{"type":"branch","line":19,"loc":{"start":{"line":19,"column":22},"end":{"line":19,"column":29}},"locations":[{"start":{"line":19,"column":22},"end":{"line":19,"column":29}}]},"30":{"type":"branch","line":19,"loc":{"start":{"line":19,"column":22},"end":{"line":19,"column":29}},"locations":[{"start":{"line":19,"column":22},"end":{"line":19,"column":29}}]},"31":{"type":"branch","line":19,"loc":{"start":{"line":19,"column":22},"end":{"line":19,"column":29}},"locations":[{"start":{"line":19,"column":22},"end":{"line":19,"column":29}}]},"32":{"type":"branch","line":19,"loc":{"start":{"line":19,"column":19},"end":{"line":19,"column":22}},"locations":[{"start":{"line":19,"column":19},"end":{"line":19,"column":22}}]},"33":{"type":"branch","line":31,"loc":{"start":{"line":31,"column":19},"end":{"line":31,"column":22}},"locations":[{"start":{"line":31,"column":19},"end":{"line":31,"column":22}}]},"34":{"type":"branch","line":31,"loc":{"start":{"line":31,"column":22},"end":{"line":31,"column":29}},"locations":[{"start":{"line":31,"column":22},"end":{"line":31,"column":29}}]},"35":{"type":"branch","line":31,"loc":{"start":{"line":31,"column":22},"end":{"line":31,"column":29}},"locations":[{"start":{"line":31,"column":22},"end":{"line":31,"column":29}}]},"36":{"type":"branch","line":31,"loc":{"start":{"line":31,"column":22},"end":{"line":31,"column":29}},"locations":[{"start":{"line":31,"column":22},"end":{"line":31,"column":29}}]},"37":{"type":"branch","line":31,"loc":{"start":{"line":31,"column":22},"end":{"line":31,"column":29}},"locations":[{"start":{"line":31,"column":22},"end":{"line":31,"column":29}}]},"38":{"type":"branch","line":31,"loc":{"start":{"line":31,"column":22},"end":{"line":31,"column":29}},"locations":[{"start":{"line":31,"column":22},"end":{"line":31,"column":29}}]},"39":{"type":"branch","line":31,"loc":{"start":{"line":31,"column":22},"end":{"line":31,"column":29}},"locations":[{"start":{"line":31,"column":22},"end":{"line":31,"column":29}}]},"40":{"type":"branch","line":31,"loc":{"start":{"line":31,"column":22},"end":{"line":31,"column":29}},"locations":[{"start":{"line":31,"column":22},"end":{"line":31,"column":29}}]},"41":{"type":"branch","line":31,"loc":{"start":{"line":31,"column":22},"end":{"line":31,"column":29}},"locations":[{"start":{"line":31,"column":22},"end":{"line":31,"column":29}}]},"42":{"type":"branch","line":31,"loc":{"start":{"line":31,"column":22},"end":{"line":31,"column":29}},"locations":[{"start":{"line":31,"column":22},"end":{"line":31,"column":29}}]},"43":{"type":"branch","line":31,"loc":{"start":{"line":31,"column":22},"end":{"line":31,"column":29}},"locations":[{"start":{"line":31,"column":22},"end":{"line":31,"column":29}}]},"44":{"type":"branch","line":31,"loc":{"start":{"line":31,"column":22},"end":{"line":31,"column":29}},"locations":[{"start":{"line":31,"column":22},"end":{"line":31,"column":29}}]},"45":{"type":"branch","line":31,"loc":{"start":{"line":31,"column":19},"end":{"line":31,"column":22}},"locations":[{"start":{"line":31,"column":19},"end":{"line":31,"column":22}}]},"46":{"type":"branch","line":42,"loc":{"start":{"line":42,"column":19},"end":{"line":42,"column":22}},"locations":[{"start":{"line":42,"column":19},"end":{"line":42,"column":22}}]},"47":{"type":"branch","line":42,"loc":{"start":{"line":42,"column":22},"end":{"line":42,"column":29}},"locations":[{"start":{"line":42,"column":22},"end":{"line":42,"column":29}}]},"48":{"type":"branch","line":42,"loc":{"start":{"line":42,"column":22},"end":{"line":42,"column":29}},"locations":[{"start":{"line":42,"column":22},"end":{"line":42,"column":29}}]},"49":{"type":"branch","line":42,"loc":{"start":{"line":42,"column":22},"end":{"line":42,"column":29}},"locations":[{"start":{"line":42,"column":22},"end":{"line":42,"column":29}}]},"50":{"type":"branch","line":42,"loc":{"start":{"line":42,"column":22},"end":{"line":42,"column":29}},"locations":[{"start":{"line":42,"column":22},"end":{"line":42,"column":29}}]},"51":{"type":"branch","line":42,"loc":{"start":{"line":42,"column":22},"end":{"line":42,"column":29}},"locations":[{"start":{"line":42,"column":22},"end":{"line":42,"column":29}}]},"52":{"type":"branch","line":42,"loc":{"start":{"line":42,"column":22},"end":{"line":42,"column":29}},"locations":[{"start":{"line":42,"column":22},"end":{"line":42,"column":29}}]},"53":{"type":"branch","line":42,"loc":{"start":{"line":42,"column":22},"end":{"line":42,"column":29}},"locations":[{"start":{"line":42,"column":22},"end":{"line":42,"column":29}}]},"54":{"type":"branch","line":42,"loc":{"start":{"line":42,"column":22},"end":{"line":42,"column":29}},"locations":[{"start":{"line":42,"column":22},"end":{"line":42,"column":29}}]},"55":{"type":"branch","line":42,"loc":{"start":{"line":42,"column":22},"end":{"line":42,"column":29}},"locations":[{"start":{"line":42,"column":22},"end":{"line":42,"column":29}}]},"56":{"type":"branch","line":42,"loc":{"start":{"line":42,"column":22},"end":{"line":42,"column":29}},"locations":[{"start":{"line":42,"column":22},"end":{"line":42,"column":29}}]},"57":{"type":"branch","line":42,"loc":{"start":{"line":42,"column":22},"end":{"line":42,"column":29}},"locations":[{"start":{"line":42,"column":22},"end":{"line":42,"column":29}}]},"58":{"type":"branch","line":42,"loc":{"start":{"line":42,"column":19},"end":{"line":42,"column":22}},"locations":[{"start":{"line":42,"column":19},"end":{"line":42,"column":22}}]}},"b":{"0":[11],"1":[2],"2":[6],"3":[2],"4":[2],"5":[0],"6":[2],"7":[2],"8":[11],"9":[2],"10":[6],"11":[2],"12":[2],"13":[0],"14":[2],"15":[2],"16":[11],"17":[2],"18":[6],"19":[2],"20":[2],"21":[0],"22":[2],"23":[2],"24":[11],"25":[8],"26":[32],"27":[8],"28":[8],"29":[8],"30":[0],"31":[8],"32":[8],"33":[11],"34":[2],"35":[9],"36":[10],"37":[2],"38":[2],"39":[2],"40":[1],"41":[1],"42":[1],"43":[0],"44":[2],"45":[2],"46":[11],"47":[2],"48":[9],"49":[10],"50":[2],"51":[2],"52":[2],"53":[1],"54":[1],"55":[1],"56":[0],"57":[2],"58":[2]},"fnMap":{"0":{"name":"_callee","decl":{"start":{"line":4,"column":19},"end":{"line":4,"column":32}},"loc":{"start":{"line":4,"column":19},"end":{"line":4,"column":32}},"line":4},"1":{"name":"_callee$","decl":{"start":{"line":4,"column":19},"end":{"line":4,"column":32}},"loc":{"start":{"line":4,"column":19},"end":{"line":4,"column":32}},"line":4},"2":{"name":"all","decl":{"start":{"line":4,"column":16},"end":{"line":4,"column":19}},"loc":{"start":{"line":4,"column":16},"end":{"line":4,"column":19}},"line":4},"3":{"name":"_callee2","decl":{"start":{"line":9,"column":21},"end":{"line":9,"column":34}},"loc":{"start":{"line":9,"column":21},"end":{"line":9,"column":34}},"line":9},"4":{"name":"_callee2$","decl":{"start":{"line":9,"column":21},"end":{"line":9,"column":34}},"loc":{"start":{"line":9,"column":21},"end":{"line":9,"column":34}},"line":9},"5":{"name":"count","decl":{"start":{"line":9,"column":18},"end":{"line":9,"column":21}},"loc":{"start":{"line":9,"column":18},"end":{"line":9,"column":21}},"line":9},"6":{"name":"_callee3","decl":{"start":{"line":14,"column":24},"end":{"line":14,"column":31}},"loc":{"start":{"line":14,"column":24},"end":{"line":14,"column":31}},"line":14},"7":{"name":"_callee3$","decl":{"start":{"line":14,"column":24},"end":{"line":14,"column":31}},"loc":{"start":{"line":14,"column":24},"end":{"line":14,"column":31}},"line":14},"8":{"name":"findByID","decl":{"start":{"line":14,"column":21},"end":{"line":14,"column":24}},"loc":{"start":{"line":14,"column":21},"end":{"line":14,"column":24}},"line":14},"9":{"name":"_callee4","decl":{"start":{"line":19,"column":22},"end":{"line":19,"column":29}},"loc":{"start":{"line":19,"column":22},"end":{"line":19,"column":29}},"line":19},"10":{"name":"_callee4$","decl":{"start":{"line":19,"column":22},"end":{"line":19,"column":29}},"loc":{"start":{"line":19,"column":22},"end":{"line":19,"column":29}},"line":19},"11":{"name":"create","decl":{"start":{"line":19,"column":19},"end":{"line":19,"column":22}},"loc":{"start":{"line":19,"column":19},"end":{"line":19,"column":22}},"line":19},"12":{"name":"_callee5","decl":{"start":{"line":31,"column":22},"end":{"line":31,"column":29}},"loc":{"start":{"line":31,"column":22},"end":{"line":31,"column":29}},"line":31},"13":{"name":"_callee5$","decl":{"start":{"line":31,"column":22},"end":{"line":31,"column":29}},"loc":{"start":{"line":31,"column":22},"end":{"line":31,"column":29}},"line":31},"14":{"name":"update","decl":{"start":{"line":31,"column":19},"end":{"line":31,"column":22}},"loc":{"start":{"line":31,"column":19},"end":{"line":31,"column":22}},"line":31},"15":{"name":"_callee6","decl":{"start":{"line":42,"column":22},"end":{"line":42,"column":29}},"loc":{"start":{"line":42,"column":22},"end":{"line":42,"column":29}},"line":42},"16":{"name":"_callee6$","decl":{"start":{"line":42,"column":22},"end":{"line":42,"column":29}},"loc":{"start":{"line":42,"column":22},"end":{"line":42,"column":29}},"line":42},"17":{"name":"remove","decl":{"start":{"line":42,"column":19},"end":{"line":42,"column":22}},"loc":{"start":{"line":42,"column":19},"end":{"line":42,"column":22}},"line":42}},"f":{"0":2,"1":6,"2":2,"3":2,"4":6,"5":2,"6":2,"7":6,"8":2,"9":8,"10":32,"11":8,"12":2,"13":9,"14":2,"15":2,"16":9,"17":2}}
,"/Users/nikolas/Development/Curso-de-Node-JS/api-test/src/model/User.ts": {"path":"/Users/nikolas/Development/Curso-de-Node-JS/api-test/src/model/User.ts","all":false,"statementMap":{"0":{"start":{"line":1,"column":0},"end":{"line":1,"column":26}},"1":{"start":{"line":2,"column":0},"end":{"line":2,"column":45}},"2":{"start":{"line":3,"column":0},"end":{"line":3,"column":43}},"3":{"start":{"line":4,"column":0},"end":{"line":4,"column":27}},"4":{"start":{"line":5,"column":0},"end":{"line":5,"column":30}},"5":{"start":{"line":6,"column":0},"end":{"line":6,"column":0}},"6":{"start":{"line":7,"column":0},"end":{"line":7,"column":36}},"7":{"start":{"line":8,"column":0},"end":{"line":8,"column":0}},"8":{"start":{"line":9,"column":0},"end":{"line":9,"column":63}},"9":{"start":{"line":10,"column":0},"end":{"line":10,"column":0}},"10":{"start":{"line":11,"column":0},"end":{"line":11,"column":49}},"11":{"start":{"line":12,"column":0},"end":{"line":12,"column":0}},"12":{"start":{"line":13,"column":0},"end":{"line":13,"column":76}},"13":{"start":{"line":14,"column":0},"end":{"line":14,"column":0}},"14":{"start":{"line":15,"column":0},"end":{"line":15,"column":0}},"15":{"start":{"line":16,"column":0},"end":{"line":16,"column":45}},"16":{"start":{"line":17,"column":0},"end":{"line":17,"column":40}},"17":{"start":{"line":18,"column":0},"end":{"line":18,"column":44}},"18":{"start":{"line":19,"column":0},"end":{"line":19,"column":1}},"19":{"start":{"line":20,"column":0},"end":{"line":20,"column":0}},"20":{"start":{"line":21,"column":0},"end":{"line":21,"column":0}},"21":{"start":{"line":22,"column":0},"end":{"line":22,"column":110}},"22":{"start":{"line":23,"column":0},"end":{"line":23,"column":0}},"23":{"start":{"line":24,"column":0},"end":{"line":24,"column":0}},"24":{"start":{"line":25,"column":0},"end":{"line":25,"column":47}},"25":{"start":{"line":26,"column":0},"end":{"line":26,"column":20}},"26":{"start":{"line":27,"column":0},"end":{"line":27,"column":16}},"27":{"start":{"line":28,"column":0},"end":{"line":28,"column":33}},"28":{"start":{"line":29,"column":0},"end":{"line":29,"column":48}},"29":{"start":{"line":30,"column":0},"end":{"line":30,"column":1}},"30":{"start":{"line":31,"column":0},"end":{"line":31,"column":0}},"31":{"start":{"line":32,"column":0},"end":{"line":32,"column":72}},"32":{"start":{"line":33,"column":0},"end":{"line":33,"column":21}},"33":{"start":{"line":34,"column":0},"end":{"line":34,"column":17}},"34":{"start":{"line":35,"column":0},"end":{"line":35,"column":17}},"35":{"start":{"line":36,"column":0},"end":{"line":36,"column":14}},"36":{"start":{"line":37,"column":0},"end":{"line":37,"column":41}},"37":{"start":{"line":38,"column":0},"end":{"line":38,"column":5}},"38":{"start":{"line":39,"column":0},"end":{"line":39,"column":0}},"39":{"start":{"line":40,"column":0},"end":{"line":40,"column":60}},"40":{"start":{"line":41,"column":0},"end":{"line":41,"column":0}},"41":{"start":{"line":42,"column":0},"end":{"line":42,"column":29}},"42":{"start":{"line":43,"column":0},"end":{"line":43,"column":1}},"43":{"start":{"line":44,"column":0},"end":{"line":44,"column":0}},"44":{"start":{"line":45,"column":0},"end":{"line":45,"column":0}},"45":{"start":{"line":46,"column":0},"end":{"line":46,"column":60}},"46":{"start":{"line":47,"column":0},"end":{"line":47,"column":36}},"47":{"start":{"line":48,"column":0},"end":{"line":48,"column":68}},"48":{"start":{"line":49,"column":0},"end":{"line":49,"column":0}},"49":{"start":{"line":50,"column":0},"end":{"line":50,"column":21}},"50":{"start":{"line":51,"column":0},"end":{"line":51,"column":0}},"51":{"start":{"line":52,"column":0},"end":{"line":52,"column":56}},"52":{"start":{"line":53,"column":0},"end":{"line":53,"column":0}},"53":{"start":{"line":54,"column":0},"end":{"line":54,"column":22}},"54":{"start":{"line":55,"column":0},"end":{"line":55,"column":0}},"55":{"start":{"line":56,"column":0},"end":{"line":56,"column":43}},"56":{"start":{"line":57,"column":0},"end":{"line":57,"column":0}},"57":{"start":{"line":58,"column":0},"end":{"line":58,"column":20}},"58":{"start":{"line":59,"column":0},"end":{"line":59,"column":1}},"59":{"start":{"line":60,"column":0},"end":{"line":60,"column":0}},"60":{"start":{"line":61,"column":0},"end":{"line":61,"column":0}},"61":{"start":{"line":62,"column":0},"end":{"line":62,"column":0}},"62":{"start":{"line":63,"column":0},"end":{"line":63,"column":59}},"63":{"start":{"line":64,"column":0},"end":{"line":64,"column":36}},"64":{"start":{"line":65,"column":0},"end":{"line":65,"column":0}},"65":{"start":{"line":66,"column":0},"end":{"line":66,"column":65}},"66":{"start":{"line":67,"column":0},"end":{"line":67,"column":0}},"67":{"start":{"line":68,"column":0},"end":{"line":68,"column":67}},"68":{"start":{"line":69,"column":0},"end":{"line":69,"column":17}},"69":{"start":{"line":70,"column":0},"end":{"line":70,"column":1}},"70":{"start":{"line":71,"column":0},"end":{"line":71,"column":0}},"71":{"start":{"line":72,"column":0},"end":{"line":72,"column":0}},"72":{"start":{"line":73,"column":0},"end":{"line":73,"column":53}},"73":{"start":{"line":74,"column":0},"end":{"line":74,"column":36}},"74":{"start":{"line":75,"column":0},"end":{"line":75,"column":0}},"75":{"start":{"line":76,"column":0},"end":{"line":76,"column":62}},"76":{"start":{"line":77,"column":0},"end":{"line":77,"column":0}},"77":{"start":{"line":78,"column":0},"end":{"line":78,"column":17}},"78":{"start":{"line":79,"column":0},"end":{"line":79,"column":1}}},"s":{"0":1,"1":1,"2":1,"3":1,"4":1,"5":1,"6":1,"7":1,"8":1,"9":1,"10":1,"11":1,"12":1,"13":1,"14":1,"15":1,"16":1,"17":1,"18":1,"19":1,"20":1,"21":1,"22":1,"23":1,"24":1,"25":6,"26":6,"27":6,"28":6,"29":6,"30":1,"31":1,"32":1,"33":1,"34":1,"35":1,"36":1,"37":1,"38":1,"39":1,"40":1,"41":1,"42":1,"43":1,"44":1,"45":1,"46":1,"47":1,"48":1,"49":1,"50":1,"51":1,"52":1,"53":1,"54":1,"55":1,"56":1,"57":1,"58":1,"59":1,"60":1,"61":1,"62":1,"63":1,"64":1,"65":1,"66":1,"67":1,"68":1,"69":1,"70":1,"71":1,"72":1,"73":1,"74":1,"75":1,"76":1,"77":1,"78":1},"branchMap":{"0":{"type":"branch","line":16,"loc":{"start":{"line":16,"column":13},"end":{"line":16,"column":16}},"locations":[{"start":{"line":16,"column":13},"end":{"line":16,"column":16}}]},"1":{"type":"branch","line":16,"loc":{"start":{"line":16,"column":16},"end":{"line":16,"column":23}},"locations":[{"start":{"line":16,"column":16},"end":{"line":16,"column":23}}]},"2":{"type":"branch","line":16,"loc":{"start":{"line":16,"column":16},"end":{"line":16,"column":23}},"locations":[{"start":{"line":16,"column":16},"end":{"line":16,"column":23}}]},"3":{"type":"branch","line":16,"loc":{"start":{"line":16,"column":16},"end":{"line":16,"column":23}},"locations":[{"start":{"line":16,"column":16},"end":{"line":16,"column":23}}]},"4":{"type":"branch","line":16,"loc":{"start":{"line":16,"column":16},"end":{"line":16,"column":23}},"locations":[{"start":{"line":16,"column":16},"end":{"line":16,"column":23}}]},"5":{"type":"branch","line":16,"loc":{"start":{"line":16,"column":16},"end":{"line":16,"column":23}},"locations":[{"start":{"line":16,"column":16},"end":{"line":16,"column":23}}]},"6":{"type":"branch","line":16,"loc":{"start":{"line":16,"column":16},"end":{"line":16,"column":23}},"locations":[{"start":{"line":16,"column":16},"end":{"line":16,"column":23}}]},"7":{"type":"branch","line":16,"loc":{"start":{"line":16,"column":16},"end":{"line":16,"column":23}},"locations":[{"start":{"line":16,"column":16},"end":{"line":16,"column":23}}]},"8":{"type":"branch","line":16,"loc":{"start":{"line":16,"column":13},"end":{"line":16,"column":16}},"locations":[{"start":{"line":16,"column":13},"end":{"line":16,"column":16}}]},"9":{"type":"branch","line":22,"loc":{"start":{"line":22,"column":13},"end":{"line":22,"column":16}},"locations":[{"start":{"line":22,"column":13},"end":{"line":22,"column":16}}]},"10":{"type":"branch","line":22,"loc":{"start":{"line":22,"column":16},"end":{"line":22,"column":23}},"locations":[{"start":{"line":22,"column":16},"end":{"line":22,"column":23}}]},"11":{"type":"branch","line":22,"loc":{"start":{"line":22,"column":16},"end":{"line":22,"column":23}},"locations":[{"start":{"line":22,"column":16},"end":{"line":22,"column":23}}]},"12":{"type":"branch","line":22,"loc":{"start":{"line":22,"column":16},"end":{"line":22,"column":23}},"locations":[{"start":{"line":22,"column":16},"end":{"line":22,"column":23}}]},"13":{"type":"branch","line":22,"loc":{"start":{"line":22,"column":16},"end":{"line":22,"column":23}},"locations":[{"start":{"line":22,"column":16},"end":{"line":22,"column":23}}]},"14":{"type":"branch","line":22,"loc":{"start":{"line":22,"column":16},"end":{"line":22,"column":23}},"locations":[{"start":{"line":22,"column":16},"end":{"line":22,"column":23}}]},"15":{"type":"branch","line":22,"loc":{"start":{"line":22,"column":16},"end":{"line":22,"column":23}},"locations":[{"start":{"line":22,"column":16},"end":{"line":22,"column":23}}]},"16":{"type":"branch","line":22,"loc":{"start":{"line":22,"column":13},"end":{"line":22,"column":16}},"locations":[{"start":{"line":22,"column":13},"end":{"line":22,"column":16}}]},"17":{"type":"branch","line":25,"loc":{"start":{"line":25,"column":13},"end":{"line":30,"column":1}},"locations":[{"start":{"line":25,"column":13},"end":{"line":30,"column":1}}]},"18":{"type":"branch","line":32,"loc":{"start":{"line":32,"column":27},"end":{"line":32,"column":30}},"locations":[{"start":{"line":32,"column":27},"end":{"line":32,"column":30}}]},"19":{"type":"branch","line":32,"loc":{"start":{"line":32,"column":30},"end":{"line":32,"column":39}},"locations":[{"start":{"line":32,"column":30},"end":{"line":32,"column":39}}]},"20":{"type":"branch","line":32,"loc":{"start":{"line":32,"column":30},"end":{"line":32,"column":39}},"locations":[{"start":{"line":32,"column":30},"end":{"line":32,"column":39}}]},"21":{"type":"branch","line":32,"loc":{"start":{"line":32,"column":30},"end":{"line":32,"column":39}},"locations":[{"start":{"line":32,"column":30},"end":{"line":32,"column":39}}]},"22":{"type":"branch","line":32,"loc":{"start":{"line":32,"column":30},"end":{"line":32,"column":39}},"locations":[{"start":{"line":32,"column":30},"end":{"line":32,"column":39}}]},"23":{"type":"branch","line":32,"loc":{"start":{"line":32,"column":30},"end":{"line":32,"column":39}},"locations":[{"start":{"line":32,"column":30},"end":{"line":32,"column":39}}]},"24":{"type":"branch","line":32,"loc":{"start":{"line":32,"column":30},"end":{"line":32,"column":39}},"locations":[{"start":{"line":32,"column":30},"end":{"line":32,"column":39}}]},"25":{"type":"branch","line":32,"loc":{"start":{"line":32,"column":30},"end":{"line":32,"column":39}},"locations":[{"start":{"line":32,"column":30},"end":{"line":32,"column":39}}]},"26":{"type":"branch","line":32,"loc":{"start":{"line":32,"column":27},"end":{"line":32,"column":30}},"locations":[{"start":{"line":32,"column":27},"end":{"line":32,"column":30}}]},"27":{"type":"branch","line":46,"loc":{"start":{"line":46,"column":25},"end":{"line":46,"column":28}},"locations":[{"start":{"line":46,"column":25},"end":{"line":46,"column":28}}]},"28":{"type":"branch","line":46,"loc":{"start":{"line":46,"column":28},"end":{"line":46,"column":37}},"locations":[{"start":{"line":46,"column":28},"end":{"line":46,"column":37}}]},"29":{"type":"branch","line":46,"loc":{"start":{"line":46,"column":28},"end":{"line":46,"column":37}},"locations":[{"start":{"line":46,"column":28},"end":{"line":46,"column":37}}]},"30":{"type":"branch","line":46,"loc":{"start":{"line":46,"column":28},"end":{"line":46,"column":37}},"locations":[{"start":{"line":46,"column":28},"end":{"line":46,"column":37}}]},"31":{"type":"branch","line":46,"loc":{"start":{"line":46,"column":28},"end":{"line":46,"column":37}},"locations":[{"start":{"line":46,"column":28},"end":{"line":46,"column":37}}]},"32":{"type":"branch","line":46,"loc":{"start":{"line":46,"column":28},"end":{"line":46,"column":37}},"locations":[{"start":{"line":46,"column":28},"end":{"line":46,"column":37}}]},"33":{"type":"branch","line":46,"loc":{"start":{"line":46,"column":28},"end":{"line":46,"column":37}},"locations":[{"start":{"line":46,"column":28},"end":{"line":46,"column":37}}]},"34":{"type":"branch","line":46,"loc":{"start":{"line":46,"column":28},"end":{"line":46,"column":37}},"locations":[{"start":{"line":46,"column":28},"end":{"line":46,"column":37}}]},"35":{"type":"branch","line":46,"loc":{"start":{"line":46,"column":28},"end":{"line":46,"column":37}},"locations":[{"start":{"line":46,"column":28},"end":{"line":46,"column":37}}]},"36":{"type":"branch","line":46,"loc":{"start":{"line":46,"column":28},"end":{"line":46,"column":37}},"locations":[{"start":{"line":46,"column":28},"end":{"line":46,"column":37}}]},"37":{"type":"branch","line":46,"loc":{"start":{"line":46,"column":28},"end":{"line":46,"column":37}},"locations":[{"start":{"line":46,"column":28},"end":{"line":46,"column":37}}]},"38":{"type":"branch","line":46,"loc":{"start":{"line":46,"column":28},"end":{"line":46,"column":37}},"locations":[{"start":{"line":46,"column":28},"end":{"line":46,"column":37}}]},"39":{"type":"branch","line":46,"loc":{"start":{"line":46,"column":28},"end":{"line":46,"column":37}},"locations":[{"start":{"line":46,"column":28},"end":{"line":46,"column":37}}]},"40":{"type":"branch","line":46,"loc":{"start":{"line":46,"column":28},"end":{"line":46,"column":37}},"locations":[{"start":{"line":46,"column":28},"end":{"line":46,"column":37}}]},"41":{"type":"branch","line":46,"loc":{"start":{"line":46,"column":28},"end":{"line":46,"column":37}},"locations":[{"start":{"line":46,"column":28},"end":{"line":46,"column":37}}]},"42":{"type":"branch","line":46,"loc":{"start":{"line":46,"column":28},"end":{"line":46,"column":37}},"locations":[{"start":{"line":46,"column":28},"end":{"line":46,"column":37}}]},"43":{"type":"branch","line":46,"loc":{"start":{"line":46,"column":25},"end":{"line":46,"column":28}},"locations":[{"start":{"line":46,"column":25},"end":{"line":46,"column":28}}]},"44":{"type":"branch","line":63,"loc":{"start":{"line":63,"column":27},"end":{"line":63,"column":30}},"locations":[{"start":{"line":63,"column":27},"end":{"line":63,"column":30}}]},"45":{"type":"branch","line":63,"loc":{"start":{"line":63,"column":30},"end":{"line":63,"column":37}},"locations":[{"start":{"line":63,"column":30},"end":{"line":63,"column":37}}]},"46":{"type":"branch","line":63,"loc":{"start":{"line":63,"column":30},"end":{"line":63,"column":37}},"locations":[{"start":{"line":63,"column":30},"end":{"line":63,"column":37}}]},"47":{"type":"branch","line":63,"loc":{"start":{"line":63,"column":30},"end":{"line":63,"column":37}},"locations":[{"start":{"line":63,"column":30},"end":{"line":63,"column":37}}]},"48":{"type":"branch","line":63,"loc":{"start":{"line":63,"column":30},"end":{"line":63,"column":37}},"locations":[{"start":{"line":63,"column":30},"end":{"line":63,"column":37}}]},"49":{"type":"branch","line":63,"loc":{"start":{"line":63,"column":30},"end":{"line":63,"column":37}},"locations":[{"start":{"line":63,"column":30},"end":{"line":63,"column":37}}]},"50":{"type":"branch","line":63,"loc":{"start":{"line":63,"column":30},"end":{"line":63,"column":37}},"locations":[{"start":{"line":63,"column":30},"end":{"line":63,"column":37}}]},"51":{"type":"branch","line":63,"loc":{"start":{"line":63,"column":30},"end":{"line":63,"column":37}},"locations":[{"start":{"line":63,"column":30},"end":{"line":63,"column":37}}]},"52":{"typ
[...]
,"/Users/nikolas/Development/Curso-de-Node-JS/api-test/src/routes/auth.routes.ts": {"path":"/Users/nikolas/Development/Curso-de-Node-JS/api-test/src/routes/auth.routes.ts","all":false,"statementMap":{"0":{"start":{"line":1,"column":0},"end":{"line":1,"column":33}},"1":{"start":{"line":2,"column":0},"end":{"line":2,"column":62}},"2":{"start":{"line":3,"column":0},"end":{"line":3,"column":61}},"3":{"start":{"line":4,"column":0},"end":{"line":4,"column":0}},"4":{"start":{"line":5,"column":0},"end":{"line":5,"column":23}},"5":{"start":{"line":6,"column":0},"end":{"line":6,"column":0}},"6":{"start":{"line":7,"column":0},"end":{"line":7,"column":79}},"7":{"start":{"line":8,"column":0},"end":{"line":8,"column":61}},"8":{"start":{"line":9,"column":0},"end":{"line":9,"column":0}},"9":{"start":{"line":10,"column":0},"end":{"line":10,"column":21}}},"s":{"0":1,"1":1,"2":1,"3":1,"4":1,"5":1,"6":1,"7":1,"8":1,"9":1},"branchMap":{},"b":{},"fnMap":{},"f":{}}
,"/Users/nikolas/Development/Curso-de-Node-JS/api-test/src/routes/index.ts": {"path":"/Users/nikolas/Development/Curso-de-Node-JS/api-test/src/routes/index.ts","all":false,"statementMap":{"0":{"start":{"line":1,"column":0},"end":{"line":1,"column":41}},"1":{"start":{"line":2,"column":0},"end":{"line":2,"column":39}},"2":{"start":{"line":3,"column":0},"end":{"line":3,"column":0}},"3":{"start":{"line":4,"column":0},"end":{"line":4,"column":18}},"4":{"start":{"line":5,"column":0},"end":{"line":5,"column":21}},"5":{"start":{"line":6,"column":0},"end":{"line":6,"column":26}},"6":{"start":{"line":7,"column":0},"end":{"line":7,"column":28}},"7":{"start":{"line":8,"column":0},"end":{"line":8,"column":26}},"8":{"start":{"line":9,"column":0},"end":{"line":9,"column":1}},"9":{"start":{"line":10,"column":0},"end":{"line":10,"column":0}},"10":{"start":{"line":11,"column":0},"end":{"line":11,"column":8}},"11":{"start":{"line":12,"column":0},"end":{"line":12,"column":10}},"12":{"start":{"line":13,"column":0},"end":{"line":13,"column":16}},"13":{"start":{"line":14,"column":0},"end":{"line":14,"column":14}},"14":{"start":{"line":15,"column":0},"end":{"line":15,"column":1}}},"s":{"0":1,"1":1,"2":1,"3":1,"4":1,"5":1,"6":1,"7":1,"8":1,"9":1,"10":1,"11":1,"12":1,"13":1,"14":1},"branchMap":{"0":{"type":"branch","line":4,"loc":{"start":{"line":4,"column":11},"end":{"line":4,"column":18}},"locations":[{"start":{"line":4,"column":11},"end":{"line":4,"column":18}}]}},"b":{"0":[11]},"fnMap":{},"f":{}}
,"/Users/nikolas/Development/Curso-de-Node-JS/api-test/src/routes/tasks.routes.ts": {"path":"/Users/nikolas/Development/Curso-de-Node-JS/api-test/src/routes/tasks.routes.ts","all":false,"statementMap":{"0":{"start":{"line":1,"column":0},"end":{"line":1,"column":33}},"1":{"start":{"line":2,"column":0},"end":{"line":2,"column":63}},"2":{"start":{"line":3,"column":0},"end":{"line":3,"column":61}},"3":{"start":{"line":4,"column":0},"end":{"line":4,"column":0}},"4":{"start":{"line":5,"column":0},"end":{"line":5,"column":24}},"5":{"start":{"line":6,"column":0},"end":{"line":6,"column":0}},"6":{"start":{"line":7,"column":0},"end":{"line":7,"column":35}},"7":{"start":{"line":8,"column":0},"end":{"line":8,"column":39}},"8":{"start":{"line":9,"column":0},"end":{"line":9,"column":40}},"9":{"start":{"line":10,"column":0},"end":{"line":10,"column":0}},"10":{"start":{"line":11,"column":0},"end":{"line":11,"column":74}},"11":{"start":{"line":12,"column":0},"end":{"line":12,"column":0}},"12":{"start":{"line":13,"column":0},"end":{"line":13,"column":76}},"13":{"start":{"line":14,"column":0},"end":{"line":14,"column":0}},"14":{"start":{"line":15,"column":0},"end":{"line":15,"column":54}},"15":{"start":{"line":16,"column":0},"end":{"line":16,"column":0}},"16":{"start":{"line":17,"column":0},"end":{"line":17,"column":22}}},"s":{"0":1,"1":1,"2":1,"3":1,"4":1,"5":1,"6":1,"7":1,"8":1,"9":1,"10":1,"11":1,"12":1,"13":1,"14":1,"15":1,"16":1},"branchMap":{},"b":{},"fnMap":{},"f":{}}
,"/Users/nikolas/Development/Curso-de-Node-JS/api-test/src/schemas/authSchema.ts": {"path":"/Users/nikolas/Development/Curso-de-Node-JS/api-test/src/schemas/authSchema.ts","all":false,"statementMap":{"0":{"start":{"line":1,"column":0},"end":{"line":1,"column":21}},"1":{"start":{"line":2,"column":0},"end":{"line":2,"column":0}},"2":{"start":{"line":3,"column":0},"end":{"line":3,"column":44}},"3":{"start":{"line":4,"column":0},"end":{"line":4,"column":46}},"4":{"start":{"line":5,"column":0},"end":{"line":5,"column":29}},"5":{"start":{"line":6,"column":0},"end":{"line":6,"column":34}},"6":{"start":{"line":7,"column":0},"end":{"line":7,"column":16}},"7":{"start":{"line":8,"column":0},"end":{"line":8,"column":0}},"8":{"start":{"line":9,"column":0},"end":{"line":9,"column":34}},"9":{"start":{"line":10,"column":0},"end":{"line":10,"column":34}},"10":{"start":{"line":11,"column":0},"end":{"line":11,"column":10}},"11":{"start":{"line":12,"column":0},"end":{"line":12,"column":12}},"12":{"start":{"line":13,"column":0},"end":{"line":13,"column":2}},"13":{"start":{"line":14,"column":0},"end":{"line":14,"column":0}},"14":{"start":{"line":15,"column":0},"end":{"line":15,"column":33}},"15":{"start":{"line":16,"column":0},"end":{"line":16,"column":10}},"16":{"start":{"line":17,"column":0},"end":{"line":17,"column":12}},"17":{"start":{"line":18,"column":0},"end":{"line":18,"column":2}}},"s":{"0":1,"1":1,"2":1,"3":1,"4":1,"5":1,"6":1,"7":1,"8":1,"9":1,"10":1,"11":1,"12":1,"13":1,"14":1,"15":1,"16":1,"17":1},"branchMap":{},"b":{},"fnMap":{},"f":{}}
,"/Users/nikolas/Development/Curso-de-Node-JS/api-test/src/schemas/index.ts": {"path":"/Users/nikolas/Development/Curso-de-Node-JS/api-test/src/schemas/index.ts","all":false,"statementMap":{"0":{"start":{"line":1,"column":0},"end":{"line":1,"column":42}},"1":{"start":{"line":2,"column":0},"end":{"line":2,"column":42}}},"s":{"0":1,"1":1},"branchMap":{},"b":{},"fnMap":{},"f":{}}
,"/Users/nikolas/Development/Curso-de-Node-JS/api-test/src/schemas/taskSchema.ts": {"path":"/Users/nikolas/Development/Curso-de-Node-JS/api-test/src/schemas/taskSchema.ts","all":false,"statementMap":{"0":{"start":{"line":1,"column":0},"end":{"line":1,"column":22}},"1":{"start":{"line":2,"column":0},"end":{"line":2,"column":0}},"2":{"start":{"line":3,"column":0},"end":{"line":3,"column":41}},"3":{"start":{"line":4,"column":0},"end":{"line":4,"column":40}},"4":{"start":{"line":5,"column":0},"end":{"line":5,"column":0}},"5":{"start":{"line":6,"column":0},"end":{"line":6,"column":34}},"6":{"start":{"line":7,"column":0},"end":{"line":7,"column":28}},"7":{"start":{"line":8,"column":0},"end":{"line":8,"column":39}},"8":{"start":{"line":9,"column":0},"end":{"line":9,"column":2}},"9":{"start":{"line":10,"column":0},"end":{"line":10,"column":0}},"10":{"start":{"line":11,"column":0},"end":{"line":11,"column":34}},"11":{"start":{"line":12,"column":0},"end":{"line":12,"column":10}},"12":{"start":{"line":13,"column":0},"end":{"line":13,"column":15}},"13":{"start":{"line":14,"column":0},"end":{"line":14,"column":2}}},"s":{"0":1,"1":1,"2":1,"3":1,"4":1,"5":1,"6":1,"7":1,"8":1,"9":1,"10":1,"11":1,"12":1,"13":1},"branchMap":{},"b":{},"fnMap":{},"f":{}}
,"/Users/nikolas/Development/Curso-de-Node-JS/api-test/src/server/app.ts": {"path":"/Users/nikolas/Development/Curso-de-Node-JS/api-test/src/server/app.ts","all":false,"statementMap":{"0":{"start":{"line":1,"column":0},"end":{"line":1,"column":18}},"1":{"start":{"line":2,"column":0},"end":{"line":2,"column":30}},"2":{"start":{"line":3,"column":0},"end":{"line":3,"column":23}},"3":{"start":{"line":4,"column":0},"end":{"line":4,"column":28}},"4":{"start":{"line":5,"column":0},"end":{"line":5,"column":42}},"5":{"start":{"line":6,"column":0},"end":{"line":6,"column":40}},"6":{"start":{"line":7,"column":0},"end":{"line":7,"column":42}},"7":{"start":{"line":8,"column":0},"end":{"line":8,"column":59}},"8":{"start":{"line":9,"column":0},"end":{"line":9,"column":40}},"9":{"start":{"line":10,"column":0},"end":{"line":10,"column":0}},"10":{"start":{"line":11,"column":0},"end":{"line":11,"column":35}},"11":{"start":{"line":12,"column":0},"end":{"line":12,"column":0}},"12":{"start":{"line":13,"column":0},"end":{"line":13,"column":22}},"13":{"start":{"line":14,"column":0},"end":{"line":14,"column":0}},"14":{"start":{"line":15,"column":0},"end":{"line":15,"column":30}},"15":{"start":{"line":16,"column":0},"end":{"line":16,"column":0}},"16":{"start":{"line":17,"column":0},"end":{"line":17,"column":24}},"17":{"start":{"line":18,"column":0},"end":{"line":18,"column":0}},"18":{"start":{"line":19,"column":0},"end":{"line":19,"column":49}},"19":{"start":{"line":20,"column":0},"end":{"line":20,"column":0}},"20":{"start":{"line":21,"column":0},"end":{"line":21,"column":23}},"21":{"start":{"line":22,"column":0},"end":{"line":22,"column":0}},"22":{"start":{"line":23,"column":0},"end":{"line":23,"column":34}},"23":{"start":{"line":24,"column":0},"end":{"line":24,"column":0}},"24":{"start":{"line":25,"column":0},"end":{"line":25,"column":32}},"25":{"start":{"line":26,"column":0},"end":{"line":26,"column":0}},"26":{"start":{"line":27,"column":0},"end":{"line":27,"column":60}},"27":{"start":{"line":28,"column":0},"end":{"line":28,"column":0}},"28":{"start":{"line":29,"column":0},"end":{"line":29,"column":33}},"29":{"start":{"line":30,"column":0},"end":{"line":30,"column":80}},"30":{"start":{"line":31,"column":0},"end":{"line":31,"column":3}},"31":{"start":{"line":32,"column":0},"end":{"line":32,"column":0}},"32":{"start":{"line":33,"column":0},"end":{"line":33,"column":19}},"33":{"start":{"line":34,"column":0},"end":{"line":34,"column":0}},"34":{"start":{"line":35,"column":0},"end":{"line":35,"column":19}}},"s":{"0":1,"1":1,"2":1,"3":1,"4":1,"5":1,"6":1,"7":1,"8":1,"9":1,"10":1,"11":1,"12":1,"13":1,"14":1,"15":1,"16":1,"17":1,"18":1,"19":1,"20":1,"21":1,"22":1,"23":1,"24":1,"25":1,"26":1,"27":1,"28":1,"29":2,"30":2,"31":1,"32":1,"33":1,"34":1},"branchMap":{"0":{"type":"branch","line":29,"loc":{"start":{"line":29,"column":20},"end":{"line":31,"column":3}},"locations":[{"start":{"line":29,"column":20},"end":{"line":31,"column":3}}]}},"b":{"0":[2]},"fnMap":{},"f":{}}
,"/Users/nikolas/Development/Curso-de-Node-JS/api-test/src/server/config.ts": {"path":"/Users/nikolas/Development/Curso-de-Node-JS/api-test/src/server/config.ts","all":false,"statementMap":{"0":{"start":{"line":1,"column":0},"end":{"line":1,"column":28}},"1":{"start":{"line":2,"column":0},"end":{"line":2,"column":0}},"2":{"start":{"line":3,"column":0},"end":{"line":3,"column":15}},"3":{"start":{"line":4,"column":0},"end":{"line":4,"column":39}},"4":{"start":{"line":5,"column":0},"end":{"line":5,"column":3}}},"s":{"0":1,"1":1,"2":1,"3":1,"4":1},"branchMap":{},"b":{},"fnMap":{},"f":{}}
,"/Users/nikolas/Development/Curso-de-Node-JS/api-test/src/server/db.ts": {"path":"/Users/nikolas/Development/Curso-de-Node-JS/api-test/src/server/db.ts","all":false,"statementMap":{"0":{"start":{"line":1,"column":0},"end":{"line":1,"column":26}},"1":{"start":{"line":2,"column":0},"end":{"line":2,"column":47}},"2":{"start":{"line":3,"column":0},"end":{"line":3,"column":49}},"3":{"start":{"line":4,"column":0},"end":{"line":4,"column":0}},"4":{"start":{"line":5,"column":0},"end":{"line":5,"column":15}},"5":{"start":{"line":6,"column":0},"end":{"line":6,"column":16}},"6":{"start":{"line":7,"column":0},"end":{"line":7,"column":15}},"7":{"start":{"line":8,"column":0},"end":{"line":8,"column":1}},"8":{"start":{"line":9,"column":0},"end":{"line":9,"column":0}},"9":{"start":{"line":10,"column":0},"end":{"line":10,"column":32}},"10":{"start":{"line":11,"column":0},"end":{"line":11,"column":0}},"11":{"start":{"line":12,"column":0},"end":{"line":12,"column":42}},"12":{"start":{"line":13,"column":0},"end":{"line":13,"column":71}},"13":{"start":{"line":14,"column":0},"end":{"line":14,"column":22}},"14":{"start":{"line":15,"column":0},"end":{"line":15,"column":48}},"15":{"start":{"line":16,"column":0},"end":{"line":16,"column":1}},"16":{"start":{"line":17,"column":0},"end":{"line":17,"column":0}},"17":{"start":{"line":18,"column":0},"end":{"line":18,"column":38}},"18":{"start":{"line":19,"column":0},"end":{"line":19,"column":0}},"19":{"start":{"line":20,"column":0},"end":{"line":20,"column":0}},"20":{"start":{"line":21,"column":0},"end":{"line":21,"column":0}},"21":{"start":{"line":22,"column":0},"end":{"line":22,"column":42}},"22":{"start":{"line":23,"column":0},"end":{"line":23,"column":54}},"23":{"start":{"line":24,"column":0},"end":{"line":24,"column":54}},"24":{"start":{"line":25,"column":0},"end":{"line":25,"column":2}}},"s":{"0":1,"1":1,"2":1,"3":1,"4":1,"5":1,"6":1,"7":1,"8":1,"9":1,"10":1,"11":1,"12":1,"13":1,"14":1,"15":1,"16":1,"17":1,"18":1,"19":1,"20":1,"21":1,"22":1,"23":1,"24":1},"branchMap":{"0":{"type":"branch","line":12,"loc":{"start":{"line":12,"column":7},"end":{"line":12,"column":22}},"locations":[{"start":{"line":12,"column":7},"end":{"line":12,"column":22}}]},"1":{"type":"branch","line":12,"loc":{"start":{"line":12,"column":7},"end":{"line":12,"column":22}},"locations":[{"start":{"line":12,"column":7},"end":{"line":12,"column":22}}]},"2":{"type":"branch","line":18,"loc":{"start":{"line":18,"column":29},"end":{"line":18,"column":13}},"locations":[{"start":{"line":18,"column":29},"end":{"line":18,"column":13}}]},"3":{"type":"branch","line":22,"loc":{"start":{"line":22,"column":26},"end":{"line":22,"column":29}},"locations":[{"start":{"line":22,"column":26},"end":{"line":22,"column":29}}]},"4":{"type":"branch","line":22,"loc":{"start":{"line":22,"column":29},"end":{"line":22,"column":42}},"locations":[{"start":{"line":22,"column":29},"end":{"line":22,"column":42}}]},"5":{"type":"branch","line":22,"loc":{"start":{"line":22,"column":29},"end":{"line":22,"column":42}},"locations":[{"start":{"line":22,"column":29},"end":{"line":22,"column":42}}]},"6":{"type":"branch","line":22,"loc":{"start":{"line":22,"column":29},"end":{"line":22,"column":42}},"locations":[{"start":{"line":22,"column":29},"end":{"line":22,"column":42}}]},"7":{"type":"branch","line":22,"loc":{"start":{"line":22,"column":29},"end":{"line":22,"column":42}},"locations":[{"start":{"line":22,"column":29},"end":{"line":22,"column":42}}]},"8":{"type":"branch","line":22,"loc":{"start":{"line":22,"column":29},"end":{"line":22,"column":42}},"locations":[{"start":{"line":22,"column":29},"end":{"line":22,"column":42}}]},"9":{"type":"branch","line":22,"loc":{"start":{"line":22,"column":29},"end":{"line":22,"column":42}},"locations":[{"start":{"line":22,"column":29},"end":{"line":22,"column":42}}]},"10":{"type":"branch","line":22,"loc":{"start":{"line":22,"column":26},"end":{"line":22,"column":29}},"locations":[{"start":{"line":22,"column":26},"end":{"line":22,"column":29}}]}},"b":{"0":[11],"1":[11],"2":[138],"3":[11],"4":[36],"5":[108],"6":[36],"7":[36],"8":[36],"9":[36],"10":[36]},"fnMap":{"0":{"name":"_callee2","decl":{"start":{"line":12,"column":7},"end":{"line":12,"column":22}},"loc":{"start":{"line":12,"column":7},"end":{"line":12,"column":22}},"line":12},"1":{"name":"_callee2$","decl":{"start":{"line":12,"column":7},"end":{"line":12,"column":22}},"loc":{"start":{"line":12,"column":7},"end":{"line":12,"column":22}},"line":12},"2":{"name":"getConnection","decl":{"start":{"line":18,"column":29},"end":{"line":18,"column":13}},"loc":{"start":{"line":18,"column":29},"end":{"line":18,"column":13}},"line":18},"3":{"name":"_callee","decl":{"start":{"line":22,"column":29},"end":{"line":22,"column":42}},"loc":{"start":{"line":22,"column":29},"end":{"line":22,"column":42}},"line":22},"4":{"name":"_callee$","decl":{"start":{"line":22,"column":29},"end":{"line":22,"column":42}},"loc":{"start":{"line":22,"column":29},"end":{"line":22,"column":42}},"line":22},"5":{"name":"resetDatabase","decl":{"start":{"line":22,"column":26},"end":{"line":22,"column":29}},"loc":{"start":{"line":22,"column":26},"end":{"line":22,"column":29}},"line":22}},"f":{"0":11,"1":11,"2":138,"3":36,"4":108,"5":36}}
,"/Users/nikolas/Development/Curso-de-Node-JS/api-test/src/server/swaggerOptions.ts": {"path":"/Users/nikolas/Development/Curso-de-Node-JS/api-test/src/server/swaggerOptions.ts","all":false,"statementMap":{"0":{"start":{"line":1,"column":0},"end":{"line":1,"column":34}},"1":{"start":{"line":2,"column":0},"end":{"line":2,"column":0}},"2":{"start":{"line":3,"column":0},"end":{"line":3,"column":24}},"3":{"start":{"line":4,"column":0},"end":{"line":4,"column":17}},"4":{"start":{"line":5,"column":0},"end":{"line":5,"column":25}},"5":{"start":{"line":6,"column":0},"end":{"line":6,"column":15}},"6":{"start":{"line":7,"column":0},"end":{"line":7,"column":36}},"7":{"start":{"line":8,"column":0},"end":{"line":8,"column":33}},"8":{"start":{"line":9,"column":0},"end":{"line":9,"column":58}},"9":{"start":{"line":10,"column":0},"end":{"line":10,"column":22}},"10":{"start":{"line":11,"column":0},"end":{"line":11,"column":36}},"11":{"start":{"line":12,"column":0},"end":{"line":12,"column":67}},"12":{"start":{"line":13,"column":0},"end":{"line":13,"column":48}},"13":{"start":{"line":14,"column":0},"end":{"line":14,"column":14}},"14":{"start":{"line":15,"column":0},"end":{"line":15,"column":22}},"15":{"start":{"line":16,"column":0},"end":{"line":16,"column":28}},"16":{"start":{"line":17,"column":0},"end":{"line":17,"column":65}},"17":{"start":{"line":18,"column":0},"end":{"line":18,"column":14}},"18":{"start":{"line":19,"column":0},"end":{"line":19,"column":10}},"19":{"start":{"line":20,"column":0},"end":{"line":20,"column":18}},"20":{"start":{"line":21,"column":0},"end":{"line":21,"column":13}},"21":{"start":{"line":22,"column":0},"end":{"line":22,"column":50}},"22":{"start":{"line":23,"column":0},"end":{"line":23,"column":54}},"23":{"start":{"line":24,"column":0},"end":{"line":24,"column":13}},"24":{"start":{"line":25,"column":0},"end":{"line":25,"column":9}},"25":{"start":{"line":26,"column":0},"end":{"line":26,"column":6}},"26":{"start":{"line":27,"column":0},"end":{"line":27,"column":90}},"27":{"start":{"line":28,"column":0},"end":{"line":28,"column":1}}},"s":{"0":1,"1":1,"2":1,"3":1,"4":1,"5":1,"6":1,"7":1,"8":1,"9":1,"10":1,"11":1,"12":1,"13":1,"14":1,"15":1,"16":1,"17":1,"18":1,"19":1,"20":1,"21":1,"22":1,"23":1,"24":1,"25":1,"26":1,"27":1},"branchMap":{},"b":{},"fnMap":{},"f":{}}
,"/Users/nikolas/Development/Curso-de-Node-JS/api-test/test/setup/index.js": {"path":"/Users/nikolas/Development/Curso-de-Node-JS/api-test/test/setup/index.js","all":false,"statementMap":{"0":{"start":{"line":1,"column":0},"end":{"line":1,"column":34}},"1":{"start":{"line":2,"column":0},"end":{"line":2,"column":39}},"2":{"start":{"line":3,"column":0},"end":{"line":3,"column":39}},"3":{"start":{"line":4,"column":0},"end":{"line":4,"column":52}},"4":{"start":{"line":5,"column":0},"end":{"line":5,"column":41}},"5":{"start":{"line":6,"column":0},"end":{"line":6,"column":0}},"6":{"start":{"line":7,"column":0},"end":{"line":7,"column":27}},"7":{"start":{"line":8,"column":0},"end":{"line":8,"column":0}},"8":{"start":{"line":9,"column":0},"end":{"line":9,"column":14}},"9":{"start":{"line":10,"column":0},"end":{"line":10,"column":28}},"10":{"start":{"line":11,"column":0},"end":{"line":11,"column":61}},"11":{"start":{"line":12,"column":0},"end":{"line":12,"column":2}},"12":{"start":{"line":13,"column":0},"end":{"line":13,"column":0}},"13":{"start":{"line":14,"column":0},"end":{"line":14,"column":18}},"14":{"start":{"line":15,"column":0},"end":{"line":15,"column":22}},"15":{"start":{"line":16,"column":0},"end":{"line":16,"column":35}},"16":{"start":{"line":17,"column":0},"end":{"line":17,"column":31}},"17":{"start":{"line":18,"column":0},"end":{"line":18,"column":2}},"18":{"start":{"line":19,"column":0},"end":{"line":19,"column":0}},"19":{"start":{"line":20,"column":0},"end":{"line":20,"column":59}}},"s":{"0":1,"1":1,"2":1,"3":1,"4":1,"5":1,"6":1,"7":1,"8":1,"9":1,"10":1,"11":1,"12":1,"13":1,"14":1,"15":1,"16":1,"17":1,"18":1,"19":1},"branchMap":{},"b":{},"fnMap":{},"f":{}}
}
