TN:
SF:src/controllers/auth.controllers.ts
FN:4,_callee
FN:4,_callee$
FN:4,signUp
FN:17,_callee2
FN:17,_callee2$
FN:17,login
FNF:6
FNH:6
FNDA:9,_callee
FNDA:18,_callee$
FNDA:9,signUp
FNDA:7,_callee2
FNDA:16,_callee2$
FNDA:7,login
DA:1,1
DA:2,1
DA:3,1
DA:4,1
DA:5,1
DA:6,1
DA:7,1
DA:8,1
DA:9,1
DA:10,1
DA:11,1
DA:12,1
DA:13,1
DA:14,1
DA:15,1
DA:16,1
DA:17,1
DA:18,1
DA:19,1
DA:20,1
DA:21,1
DA:22,1
DA:23,1
DA:24,1
DA:25,1
DA:26,1
DA:27,1
DA:28,1
DA:29,1
DA:30,1
LF:30
LH:30
BRDA:4,0,0,11
BRDA:4,1,0,9
BRDA:4,2,0,18
BRDA:4,3,0,27
BRDA:4,4,0,9
BRDA:4,5,0,9
BRDA:4,6,0,0
BRDA:4,7,0,9
BRDA:4,8,0,9
BRDA:4,9,0,9
BRDA:17,10,0,11
BRDA:17,11,0,7
BRDA:17,12,0,16
BRDA:17,13,0,26
BRDA:17,14,0,7
BRDA:17,15,0,7
BRDA:17,16,0,5
BRDA:17,17,0,2
BRDA:17,18,0,5
BRDA:17,19,0,0
BRDA:17,20,0,5
BRDA:17,21,0,7
BRDA:17,22,0,7
BRF:23
BRH:21
end_of_record
TN:
SF:src/controllers/index.ts
FNF:0
FNH:0
DA:1,1
DA:2,1
LF:2
LH:2
BRF:0
BRH:0
end_of_record
TN:
SF:src/controllers/tasks.controllers.ts
FN:4,_callee
FN:4,_callee$
FN:4,getAll
FN:13,_callee2
FN:13,_callee2$
FN:13,count
FN:22,_callee3
FN:22,_callee3$
FN:22,findByID
FN:34,_callee4
FN:34,_callee4$
FN:34,create
FN:50,_callee5
FN:50,_callee5$
FN:50,update
FN:67,_callee6
FN:67,_callee6$
FN:67,remove
FNF:18
FNH:18
FNDA:2,_callee
FNDA:4,_callee$
FNDA:2,getAll
FNDA:2,_callee2
FNDA:4,_callee2$
FNDA:2,count
FNDA:2,_callee3
FNDA:5,_callee3$
FNDA:2,findByID
FNDA:8,_callee4
FNDA:16,_callee4$
FNDA:8,create
FNDA:2,_callee5
FNDA:5,_callee5$
FNDA:2,update
FNDA:2,_callee6
FNDA:5,_callee6$
FNDA:2,remove
DA:1,1
DA:2,1
DA:3,1
DA:4,1
DA:5,0
DA:6,0
DA:7,0
DA:8,0
DA:9,1
DA:10,1
DA:11,1
DA:12,1
DA:13,1
DA:14,0
DA:15,0
DA:16,0
DA:17,0
DA:18,1
DA:19,1
DA:20,1
DA:21,1
DA:22,1
DA:23,1
DA:24,1
DA:25,1
DA:26,1
DA:27,1
DA:28,1
DA:29,1
DA:30,1
DA:31,1
DA:32,1
DA:33,1
DA:34,1
DA:35,0
DA:36,0
DA:37,0
DA:38,0
DA:39,0
DA:40,0
DA:41,0
DA:42,0
DA:43,0
DA:44,0
DA:45,0
DA:46,1
DA:47,1
DA:48,1
DA:49,1
DA:50,1
DA:51,1
DA:52,1
DA:53,1
DA:54,1
DA:55,1
DA:56,1
DA:57,1
DA:58,1
DA:59,1
DA:60,1
DA:61,1
DA:62,1
DA:63,1
DA:64,1
DA:65,1
DA:66,1
DA:67,1
DA:68,0
DA:69,0
DA:70,0
DA:71,0
DA:72,0
DA:73,0
DA:74,0
DA:75,0
DA:76,0
DA:77,0
DA:78,1
DA:79,1
DA:80,1
LF:80
LH:51
BRDA:4,0,0,11
BRDA:4,1,0,2
BRDA:4,2,0,4
BRDA:4,3,0,6
BRDA:4,4,0,2
BRDA:4,5,0,2
BRDA:4,6,0,0
BRDA:4,7,0,2
BRDA:4,8,0,2
BRDA:4,9,0,2
BRDA:13,10,0,11
BRDA:13,11,0,2
BRDA:13,12,0,4
BRDA:13,13,0,6
BRDA:13,14,0,2
BRDA:13,15,0,2
BRDA:13,16,0,0
BRDA:13,17,0,2
BRDA:13,18,0,2
BRDA:13,19,0,2
BRDA:22,20,0,11
BRDA:22,21,0,2
BRDA:22,22,0,5
BRDA:22,23,0,7
BRDA:22,24,0,2
BRDA:22,25,0,2
BRDA:22,26,0,1
BRDA:22,27,0,1
BRDA:22,28,0,0
BRDA:22,29,0,1
BRDA:22,30,0,2
BRDA:22,31,0,2
BRDA:34,32,0,11
BRDA:34,33,0,8
BRDA:34,34,0,16
BRDA:34,35,0,24
BRDA:34,36,0,8
BRDA:34,37,0,8
BRDA:34,38,0,0
BRDA:34,39,0,8
BRDA:34,40,0,8
BRDA:34,41,0,8
BRDA:50,42,0,11
BRDA:50,43,0,2
BRDA:50,44,0,5
BRDA:50,45,0,7
BRDA:50,46,0,2
BRDA:50,47,0,2
BRDA:50,48,0,1
BRDA:50,49,0,1
BRDA:50,50,0,0
BRDA:50,51,0,1
BRDA:50,52,0,2
BRDA:50,53,0,2
BRDA:67,54,0,11
BRDA:67,55,0,2
BRDA:67,56,0,5
BRDA:67,57,0,7
BRDA:67,58,0,2
BRDA:67,59,0,2
BRDA:67,60,0,1
BRDA:67,61,0,1
BRDA:67,62,0,0
BRDA:67,63,0,1
BRDA:67,64,0,2
BRDA:67,65,0,2
BRF:66
BRH:60
end_of_record
TN:
SF:src/middlewares/authorization.ts
FN:8,verify
FN:11,_callee
FN:11,_callee$
FN:11,verifyToken
FNF:4
FNH:4
FNDA:12,verify
FNDA:12,_callee
FNDA:12,_callee$
FNDA:12,verifyToken
DA:1,1
DA:2,1
DA:3,1
DA:4,1
DA:5,1
DA:6,1
DA:7,1
DA:8,1
DA:9,1
DA:10,1
DA:11,1
DA:12,1
DA:13,1
DA:14,1
DA:15,1
DA:16,1
DA:17,1
DA:18,1
DA:19,1
DA:20,1
DA:21,1
DA:22,1
DA:23,1
DA:24,1
DA:25,1
LF:25
LH:25
BRDA:8,0,0,12
BRDA:11,1,0,11
BRDA:11,2,0,12
BRDA:11,3,0,12
BRDA:11,4,0,36
BRDA:11,5,0,12
BRDA:11,6,0,0
BRDA:11,7,0,12
BRDA:11,8,0,0
BRDA:11,9,0,12
BRDA:11,10,0,12
BRDA:11,11,0,12
BRF:12
BRH:10
end_of_record
TN:
SF:src/middlewares/index.ts
FNF:0
FNH:0
DA:1,1
DA:2,1
DA:3,1
DA:4,1
DA:5,1
LF:5
LH:5
BRF:0
BRH:0
end_of_record
TN:
SF:src/middlewares/uniqueEmail.ts
FN:5,_callee
FN:5,_callee$
FN:5,uniqueEmail
FNF:3
FNH:3
FNDA:11,_callee
FNDA:34,_callee$
FNDA:11,uniqueEmail
DA:1,1
DA:2,1
DA:3,1
DA:4,1
DA:5,1
DA:6,9
DA:7,9
DA:8,9
DA:9,9
DA:10,9
DA:11,9
DA:12,9
DA:13,9
DA:14,9
DA:15,9
DA:16,9
DA:17,9
DA:18,9
DA:19,1
LF:19
LH:19
BRDA:5,0,0,11
BRDA:5,1,0,11
BRDA:5,2,0,34
BRDA:5,3,0,53
BRDA:5,4,0,11
BRDA:5,5,0,11
BRDA:5,6,0,10
BRDA:5,7,0,1
BRDA:5,8,0,10
BRDA:5,9,0,10
BRDA:5,10,0,9
BRDA:5,11,0,1
BRDA:5,12,0,9
BRDA:5,13,0,9
BRDA:5,14,0,11
BRDA:5,15,0,11
BRF:16
BRH:16
end_of_record
TN:
SF:src/middlewares/validators/auth.validations.ts
FN:4,signUp
FN:9,login
FNF:2
FNH:2
FNDA:12,signUp
FNDA:8,login
DA:1,1
DA:2,1
DA:3,1
DA:4,1
DA:5,12
DA:6,12
DA:7,12
DA:8,1
DA:9,1
DA:10,8
DA:11,8
DA:12,8
LF:12
LH:12
BRDA:4,0,0,12
BRDA:6,1,0,1
BRDA:6,2,0,11
BRDA:9,3,0,8
BRDA:11,4,0,1
BRDA:11,5,0,7
BRF:6
BRH:6
end_of_record
TN:
SF:src/middlewares/validators/tasks.validations.ts
FN:4,create
FN:9,update
FNF:2
FNH:2
FNDA:9,create
FNDA:3,update
DA:1,1
DA:2,1
DA:3,1
DA:4,1
DA:5,9
DA:6,9
DA:7,9
DA:8,1
DA:9,1
DA:10,3
DA:11,3
DA:12,3
LF:12
LH:12
BRDA:4,0,0,9
BRDA:6,1,0,1
BRDA:6,2,0,8
BRDA:9,3,0,3
BRDA:11,4,0,1
BRDA:11,5,0,2
BRF:6
BRH:6
end_of_record
TN:
SF:src/model/Task.ts
FN:4,_callee
FN:4,_callee$
FN:4,all
FN:9,_callee2
FN:9,_callee2$
FN:9,count
FN:14,_callee3
FN:14,_callee3$
FN:14,findByID
FN:19,_callee4
FN:19,_callee4$
FN:19,create
FN:31,_callee5
FN:31,_callee5$
FN:31,update
FN:42,_callee6
FN:42,_callee6$
FN:42,remove
FNF:18
FNH:18
FNDA:2,_callee
FNDA:6,_callee$
FNDA:2,all
FNDA:2,_callee2
FNDA:6,_callee2$
FNDA:2,count
FNDA:2,_callee3
FNDA:6,_callee3$
FNDA:2,findByID
FNDA:8,_callee4
FNDA:32,_callee4$
FNDA:8,create
FNDA:2,_callee5
FNDA:9,_callee5$
FNDA:2,update
FNDA:2,_callee6
FNDA:9,_callee6$
FNDA:2,remove
DA:1,1
DA:2,1
DA:3,1
DA:4,1
DA:5,1
DA:6,1
DA:7,1
DA:8,1
DA:9,1
DA:10,1
DA:11,1
DA:12,1
DA:13,1
DA:14,1
DA:15,1
DA:16,1
DA:17,1
DA:18,1
DA:19,1
DA:20,1
DA:21,1
DA:22,1
DA:23,1
DA:24,1
DA:25,1
DA:26,1
DA:27,1
DA:28,1
DA:29,1
DA:30,1
DA:31,1
DA:32,1
DA:33,1
DA:34,1
DA:35,1
DA:36,1
DA:37,1
DA:38,1
DA:39,1
DA:40,1
DA:41,1
DA:42,1
DA:43,1
DA:44,1
DA:45,1
DA:46,1
DA:47,1
DA:48,1
DA:49,1
DA:50,1
DA:51,1
DA:52,1
LF:52
LH:52
BRDA:4,0,0,11
BRDA:4,1,0,2
BRDA:4,2,0,6
BRDA:4,3,0,2
BRDA:4,4,0,2
BRDA:4,5,0,0
BRDA:4,6,0,2
BRDA:4,7,0,2
BRDA:9,8,0,11
BRDA:9,9,0,2
BRDA:9,10,0,6
BRDA:9,11,0,2
BRDA:9,12,0,2
BRDA:9,13,0,0
BRDA:9,14,0,2
BRDA:9,15,0,2
BRDA:14,16,0,11
BRDA:14,17,0,2
BRDA:14,18,0,6
BRDA:14,19,0,2
BRDA:14,20,0,2
BRDA:14,21,0,0
BRDA:14,22,0,2
BRDA:14,23,0,2
BRDA:19,24,0,11
BRDA:19,25,0,8
BRDA:19,26,0,32
BRDA:19,27,0,8
BRDA:19,28,0,8
BRDA:19,29,0,8
BRDA:19,30,0,0
BRDA:19,31,0,8
BRDA:19,32,0,8
BRDA:31,33,0,11
BRDA:31,34,0,2
BRDA:31,35,0,9
BRDA:31,36,0,10
BRDA:31,37,0,2
BRDA:31,38,0,2
BRDA:31,39,0,2
BRDA:31,40,0,1
BRDA:31,41,0,1
BRDA:31,42,0,1
BRDA:31,43,0,0
BRDA:31,44,0,2
BRDA:31,45,0,2
BRDA:42,46,0,11
BRDA:42,47,0,2
BRDA:42,48,0,9
BRDA:42,49,0,10
BRDA:42,50,0,2
BRDA:42,51,0,2
BRDA:42,52,0,2
BRDA:42,53,0,1
BRDA:42,54,0,1
BRDA:42,55,0,1
BRDA:42,56,0,0
BRDA:42,57,0,2
BRDA:42,58,0,2
BRF:59
BRH:53
end_of_record
TN:
SF:src/model/User.ts
FN:16,_callee
FN:16,_callee$
FN:16,encrypt
FN:22,_callee2
FN:22,_callee2$
FN:22,compare
FN:25,sign
FN:32,_callee3
FN:32,_callee3$
FN:32,signUp
FN:46,_callee4
FN:46,_callee4$
FN:46,login
FN:63,_callee5
FN:63,_callee5$
FN:63,usernameExists
FN:73,_callee6
FN:73,_callee6$
FN:73,emailExists
FNF:19
FNH:19
FNDA:13,_callee
FNDA:52,_callee$
FNDA:13,encrypt
FNDA:8,_callee2
FNDA:24,_callee2$
FNDA:8,compare
FNDA:6,sign
FNDA:13,_callee3
FNDA:52,_callee3$
FNDA:13,signUp
FNDA:10,_callee4
FNDA:48,_callee4$
FNDA:10,login
FNDA:13,_callee5
FNDA:52,_callee5$
FNDA:13,usernameExists
FNDA:12,_callee6
FNDA:48,_callee6$
FNDA:12,emailExists
DA:1,1
DA:2,1
DA:3,1
DA:4,1
DA:5,1
DA:6,1
DA:7,1
DA:8,1
DA:9,1
DA:10,1
DA:11,1
DA:12,1
DA:13,1
DA:14,1
DA:15,1
DA:16,1
DA:17,1
DA:18,1
DA:19,1
DA:20,1
DA:21,1
DA:22,1
DA:23,1
DA:24,1
DA:25,1
DA:26,6
DA:27,6
DA:28,6
DA:29,6
DA:30,6
DA:31,1
DA:32,1
DA:33,1
DA:34,1
DA:35,1
DA:36,1
DA:37,1
DA:38,1
DA:39,1
DA:40,1
DA:41,1
DA:42,1
DA:43,1
DA:44,1
DA:45,1
DA:46,1
DA:47,1
DA:48,1
DA:49,1
DA:50,1
DA:51,1
DA:52,1
DA:53,1
DA:54,1
DA:55,1
DA:56,1
DA:57,1
DA:58,1
DA:59,1
DA:60,1
DA:61,1
DA:62,1
DA:63,1
DA:64,1
DA:65,1
DA:66,1
DA:67,1
DA:68,1
DA:69,1
DA:70,1
DA:71,1
DA:72,1
DA:73,1
DA:74,1
DA:75,1
DA:76,1
DA:77,1
DA:78,1
DA:79,1
LF:79
LH:79
BRDA:16,0,0,11
BRDA:16,1,0,13
BRDA:16,2,0,52
BRDA:16,3,0,13
BRDA:16,4,0,13
BRDA:16,5,0,13
BRDA:16,6,0,0
BRDA:16,7,0,13
BRDA:16,8,0,13
BRDA:22,9,0,11
BRDA:22,10,0,8
BRDA:22,11,0,24
BRDA:22,12,0,8
BRDA:22,13,0,8
BRDA:22,14,0,0
BRDA:22,15,0,8
BRDA:22,16,0,8
BRDA:25,17,0,6
BRDA:32,18,0,11
BRDA:32,19,0,13
BRDA:32,20,0,52
BRDA:32,21,0,13
BRDA:32,22,0,13
BRDA:32,23,0,13
BRDA:32,24,0,0
BRDA:32,25,0,13
BRDA:32,26,0,13
BRDA:46,27,0,11
BRDA:46,28,0,10
BRDA:46,29,0,48
BRDA:46,30,0,62
BRDA:46,31,0,10
BRDA:46,32,0,10
BRDA:46,33,0,10
BRDA:46,34,0,8
BRDA:46,35,0,2
BRDA:46,36,0,8
BRDA:46,37,0,8
BRDA:46,38,0,6
BRDA:46,39,0,2
BRDA:46,40,0,6
BRDA:46,41,0,0
BRDA:46,42,0,10
BRDA:46,43,0,10
BRDA:63,44,0,11
BRDA:63,45,0,13
BRDA:63,46,0,52
BRDA:63,47,0,13
BRDA:63,48,0,13
BRDA:63,49,0,13
BRDA:63,50,0,0
BRDA:63,51,0,13
BRDA:63,52,0,13
BRDA:73,53,0,11
BRDA:73,54,0,12
BRDA:73,55,0,48
BRDA:73,56,0,12
BRDA:73,57,0,12
BRDA:73,58,0,12
BRDA:73,59,0,0
BRDA:73,60,0,12
BRDA:73,61,0,12
BRF:62
BRH:56
end_of_record
TN:
SF:src/model/index.ts
FNF:0
FNH:0
DA:1,1
DA:2,1
LF:2
LH:2
BRF:0
BRH:0
end_of_record
TN:
SF:src/routes/auth.routes.ts
FNF:0
FNH:0
DA:1,1
DA:2,1
DA:3,1
DA:4,1
DA:5,1
DA:6,1
DA:7,1
DA:8,1
DA:9,1
DA:10,1
LF:10
LH:10
BRF:0
BRH:0
end_of_record
TN:
SF:src/routes/index.ts
FNF:0
FNH:0
DA:1,1
DA:2,1
DA:3,1
DA:4,1
DA:5,1
DA:6,1
DA:7,1
DA:8,1
DA:9,1
DA:10,1
DA:11,1
DA:12,1
DA:13,1
DA:14,1
DA:15,1
LF:15
LH:15
BRDA:4,0,0,11
BRF:1
BRH:1
end_of_record
TN:
SF:src/routes/tasks.routes.ts
FNF:0
FNH:0
DA:1,1
DA:2,1
DA:3,1
DA:4,1
DA:5,1
DA:6,1
DA:7,1
DA:8,1
DA:9,1
DA:10,1
DA:11,1
DA:12,1
DA:13,1
DA:14,1
DA:15,1
DA:16,1
DA:17,1
LF:17
LH:17
BRF:0
BRH:0
end_of_record
TN:
SF:src/schemas/authSchema.ts
FNF:0
FNH:0
DA:1,1
DA:2,1
DA:3,1
DA:4,1
DA:5,1
DA:6,1
DA:7,1
DA:8,1
DA:9,1
DA:10,1
DA:11,1
DA:12,1
DA:13,1
DA:14,1
DA:15,1
DA:16,1
DA:17,1
DA:18,1
LF:18
LH:18
BRF:0
BRH:0
end_of_record
TN:
SF:src/schemas/index.ts
FNF:0
FNH:0
DA:1,1
DA:2,1
LF:2
LH:2
BRF:0
BRH:0
end_of_record
TN:
SF:src/schemas/taskSchema.ts
FNF:0
FNH:0
DA:1,1
DA:2,1
DA:3,1
DA:4,1
DA:5,1
DA:6,1
DA:7,1
DA:8,1
DA:9,1
DA:10,1
DA:11,1
DA:12,1
DA:13,1
DA:14,1
LF:14
LH:14
BRF:0
BRH:0
end_of_record
TN:
SF:src/server/app.ts
FNF:0
FNH:0
DA:1,1
DA:2,1
DA:3,1
DA:4,1
DA:5,1
DA:6,1
DA:7,1
DA:8,1
DA:9,1
DA:10,1
DA:11,1
DA:12,1
DA:13,1
DA:14,1
DA:15,1
DA:16,1
DA:17,1
DA:18,1
DA:19,1
DA:20,1
DA:21,1
DA:22,1
DA:23,1
DA:24,1
DA:25,1
DA:26,1
DA:27,1
DA:28,1
DA:29,1
DA:30,2
DA:31,2
DA:32,1
DA:33,1
DA:34,1
DA:35,1
LF:35
LH:35
BRDA:29,0,0,2
BRF:1
BRH:1
end_of_record
TN:
SF:src/server/config.ts
FNF:0
FNH:0
DA:1,1
DA:2,1
DA:3,1
DA:4,1
DA:5,1
LF:5
LH:5
BRF:0
BRH:0
end_of_record
TN:
SF:src/server/db.ts
FN:12,_callee2
FN:12,_callee2$
FN:18,getConnection
FN:22,_callee
FN:22,_callee$
FN:22,resetDatabase
FNF:6
FNH:6
FNDA:11,_callee2
FNDA:11,_callee2$
FNDA:138,getConnection
FNDA:36,_callee
FNDA:108,_callee$
FNDA:36,resetDatabase
DA:1,1
DA:2,1
DA:3,1
DA:4,1
DA:5,1
DA:6,1
DA:7,1
DA:8,1
DA:9,1
DA:10,1
DA:11,1
DA:12,1
DA:13,1
DA:14,1
DA:15,1
DA:16,1
DA:17,1
DA:18,1
DA:19,1
DA:20,1
DA:21,1
DA:22,1
DA:23,1
DA:24,1
DA:25,1
LF:25
LH:25
BRDA:12,0,0,11
BRDA:12,1,0,11
BRDA:18,2,0,138
BRDA:22,3,0,11
BRDA:22,4,0,36
BRDA:22,5,0,108
BRDA:22,6,0,36
BRDA:22,7,0,36
BRDA:22,8,0,36
BRDA:22,9,0,36
BRDA:22,10,0,36
BRF:11
BRH:11
end_of_record
TN:
SF:src/server/swaggerOptions.ts
FNF:0
FNH:0
DA:1,1
DA:2,1
DA:3,1
DA:4,1
DA:5,1
DA:6,1
DA:7,1
DA:8,1
DA:9,1
DA:10,1
DA:11,1
DA:12,1
DA:13,1
DA:14,1
DA:15,1
DA:16,1
DA:17,1
DA:18,1
DA:19,1
DA:20,1
DA:21,1
DA:22,1
DA:23,1
DA:24,1
DA:25,1
DA:26,1
DA:27,1
DA:28,1
LF:28
LH:28
BRF:0
BRH:0
end_of_record
TN:
SF:test/setup/index.js
FNF:0
FNH:0
DA:1,1
DA:2,1
DA:3,1
DA:4,1
DA:5,1
DA:6,1
DA:7,1
DA:8,1
DA:9,1
DA:10,1
DA:11,1
DA:12,1
DA:13,1
DA:14,1
DA:15,1
DA:16,1
DA:17,1
DA:18,1
DA:19,1
DA:20,1
LF:20
LH:20
BRF:0
BRH:0
end_of_record
