TN:
SF:src/controllers/auth.controllers.ts
FN:4,_callee
FN:4,_callee$
FN:4,signUp
FN:17,_callee2
FN:17,_callee2$
FN:17,login
FNF:6
FNH:6
FNDA:12,_callee
FNDA:24,_callee$
FNDA:12,signUp
FNDA:7,_callee2
FNDA:16,_callee2$
FNDA:7,login
DA:1,1
DA:2,1
DA:3,1
DA:4,1
DA:5,1
DA:6,1
DA:7,1
DA:8,1
DA:9,1
DA:10,1
DA:11,1
DA:12,1
DA:13,1
DA:14,1
DA:15,1
DA:16,1
DA:17,1
DA:18,1
DA:19,1
DA:20,1
DA:21,1
DA:22,1
DA:23,1
DA:24,1
DA:25,1
DA:26,1
DA:27,1
DA:28,1
DA:29,1
DA:30,1
LF:30
LH:30
BRDA:4,0,0,13
BRDA:4,1,0,12
BRDA:4,2,0,24
BRDA:4,3,0,36
BRDA:4,4,0,12
BRDA:4,5,0,12
BRDA:4,6,0,0
BRDA:4,7,0,12
BRDA:4,8,0,12
BRDA:4,9,0,12
BRDA:17,10,0,13
BRDA:17,11,0,7
BRDA:17,12,0,16
BRDA:17,13,0,26
BRDA:17,14,0,7
BRDA:17,15,0,7
BRDA:17,16,0,5
BRDA:17,17,0,2
BRDA:17,18,0,5
BRDA:17,19,0,0
BRDA:17,20,0,5
BRDA:17,21,0,7
BRDA:17,22,0,7
BRF:23
BRH:21
end_of_record
TN:
SF:src/controllers/index.ts
FNF:0
FNH:0
DA:1,1
DA:2,1
DA:3,1
LF:3
LH:3
BRF:0
BRH:0
end_of_record
TN:
SF:src/controllers/tasks.controllers.ts
FN:4,_callee
FN:4,_callee$
FN:4,getAll
FN:13,_callee2
FN:13,_callee2$
FN:13,count
FN:22,_callee3
FN:22,_callee3$
FN:22,findByID
FN:34,_callee4
FN:34,_callee4$
FN:34,create
FN:50,_callee5
FN:50,_callee5$
FN:50,update
FN:67,_callee6
FN:67,_callee6$
FN:67,remove
FNF:18
FNH:18
FNDA:2,_callee
FNDA:4,_callee$
FNDA:2,getAll
FNDA:2,_callee2
FNDA:4,_callee2$
FNDA:2,count
FNDA:2,_callee3
FNDA:5,_callee3$
FNDA:2,findByID
FNDA:8,_callee4
FNDA:16,_callee4$
FNDA:8,create
FNDA:2,_callee5
FNDA:5,_callee5$
FNDA:2,update
FNDA:2,_callee6
FNDA:5,_callee6$
FNDA:2,remove
DA:1,1
DA:2,1
DA:3,1
DA:4,1
DA:5,0
DA:6,0
DA:7,0
DA:8,0
DA:9,1
DA:10,1
DA:11,1
DA:12,1
DA:13,1
DA:14,0
DA:15,0
DA:16,0
DA:17,0
DA:18,1
DA:19,1
DA:20,1
DA:21,1
DA:22,1
DA:23,1
DA:24,1
DA:25,1
DA:26,1
DA:27,1
DA:28,1
DA:29,1
DA:30,1
DA:31,1
DA:32,1
DA:33,1
DA:34,1
DA:35,0
DA:36,0
DA:37,0
DA:38,0
DA:39,0
DA:40,0
DA:41,0
DA:42,0
DA:43,0
DA:44,0
DA:45,0
DA:46,1
DA:47,1
DA:48,1
DA:49,1
DA:50,1
DA:51,1
DA:52,1
DA:53,1
DA:54,1
DA:55,1
DA:56,1
DA:57,1
DA:58,1
DA:59,1
DA:60,1
DA:61,1
DA:62,1
DA:63,1
DA:64,1
DA:65,1
DA:66,1
DA:67,1
DA:68,0
DA:69,0
DA:70,0
DA:71,0
DA:72,0
DA:73,0
DA:74,0
DA:75,0
DA:76,0
DA:77,0
DA:78,1
DA:79,1
DA:80,1
LF:80
LH:51
BRDA:4,0,0,13
BRDA:4,1,0,2
BRDA:4,2,0,4
BRDA:4,3,0,6
BRDA:4,4,0,2
BRDA:4,5,0,2
BRDA:4,6,0,0
BRDA:4,7,0,2
BRDA:4,8,0,2
BRDA:4,9,0,2
BRDA:13,10,0,13
BRDA:13,11,0,2
BRDA:13,12,0,4
BRDA:13,13,0,6
BRDA:13,14,0,2
BRDA:13,15,0,2
BRDA:13,16,0,0
BRDA:13,17,0,2
BRDA:13,18,0,2
BRDA:13,19,0,2
BRDA:22,20,0,13
BRDA:22,21,0,2
BRDA:22,22,0,5
BRDA:22,23,0,7
BRDA:22,24,0,2
BRDA:22,25,0,2
BRDA:22,26,0,1
BRDA:22,27,0,1
BRDA:22,28,0,0
BRDA:22,29,0,1
BRDA:22,30,0,2
BRDA:22,31,0,2
BRDA:34,32,0,13
BRDA:34,33,0,8
BRDA:34,34,0,16
BRDA:34,35,0,24
BRDA:34,36,0,8
BRDA:34,37,0,8
BRDA:34,38,0,0
BRDA:34,39,0,8
BRDA:34,40,0,8
BRDA:34,41,0,8
BRDA:50,42,0,13
BRDA:50,43,0,2
BRDA:50,44,0,5
BRDA:50,45,0,7
BRDA:50,46,0,2
BRDA:50,47,0,2
BRDA:50,48,0,1
BRDA:50,49,0,1
BRDA:50,50,0,0
BRDA:50,51,0,1
BRDA:50,52,0,2
BRDA:50,53,0,2
BRDA:67,54,0,13
BRDA:67,55,0,2
BRDA:67,56,0,5
BRDA:67,57,0,7
BRDA:67,58,0,2
BRDA:67,59,0,2
BRDA:67,60,0,1
BRDA:67,61,0,1
BRDA:67,62,0,0
BRDA:67,63,0,1
BRDA:67,64,0,2
BRDA:67,65,0,2
BRF:66
BRH:60
end_of_record
TN:
SF:src/controllers/users.controllers.ts
FN:5,_callee
FN:5,_callee$
FN:5,all
FN:15,_callee2
FN:15,_callee2$
FN:15,findByID
FN:28,_callee3
FN:28,_callee3$
FN:28,addRole
FN:39,_callee4
FN:39,_callee4$
FN:39,popRole
FNF:12
FNH:12
FNDA:1,_callee
FNDA:2,_callee$
FNDA:1,all
FNDA:7,_callee2
FNDA:20,_callee2$
FNDA:7,findByID
FNDA:2,_callee3
FNDA:6,_callee3$
FNDA:2,addRole
FNDA:1,_callee4
FNDA:3,_callee4$
FNDA:1,popRole
DA:1,1
DA:2,1
DA:3,1
DA:4,1
DA:5,1
DA:6,1
DA:7,1
DA:8,1
DA:9,1
DA:10,1
DA:11,1
DA:12,1
DA:13,1
DA:14,1
DA:15,1
DA:16,1
DA:17,1
DA:18,1
DA:19,1
DA:20,1
DA:21,1
DA:22,1
DA:23,1
DA:24,1
DA:25,1
DA:26,1
DA:27,1
DA:28,1
DA:29,1
DA:30,1
DA:31,1
DA:32,1
DA:33,1
DA:34,1
DA:35,1
DA:36,1
DA:37,1
DA:38,1
DA:39,1
DA:40,1
DA:41,1
DA:42,1
DA:43,1
DA:44,1
DA:45,1
DA:46,1
DA:47,1
DA:48,1
LF:48
LH:48
BRDA:5,0,0,13
BRDA:5,1,0,1
BRDA:5,2,0,2
BRDA:5,3,0,3
BRDA:5,4,0,1
BRDA:5,5,0,1
BRDA:5,6,0,0
BRDA:5,7,0,1
BRDA:5,8,0,1
BRDA:5,9,0,1
BRDA:15,10,0,13
BRDA:15,11,0,7
BRDA:15,12,0,20
BRDA:15,13,0,22
BRDA:15,14,0,7
BRDA:15,15,0,7
BRDA:15,16,0,6
BRDA:15,17,0,1
BRDA:15,18,0,1
BRDA:15,19,0,0
BRDA:15,20,0,1
BRDA:15,21,0,7
BRDA:15,22,0,7
BRDA:28,23,0,13
BRDA:28,24,0,2
BRDA:28,25,0,6
BRDA:28,26,0,2
BRDA:28,27,0,2
BRDA:28,28,0,0
BRDA:28,29,0,0
BRDA:28,30,0,2
BRDA:28,31,0,2
BRDA:39,32,0,13
BRDA:39,33,0,1
BRDA:39,34,0,3
BRDA:39,35,0,1
BRDA:39,36,0,1
BRDA:39,37,0,0
BRDA:39,38,0,0
BRDA:39,39,0,1
BRDA:39,40,0,1
BRF:41
BRH:35
end_of_record
TN:
SF:src/enum/index.ts
FNF:0
FNH:0
DA:1,1
DA:2,1
DA:3,1
DA:4,1
DA:5,1
DA:6,1
DA:7,1
LF:7
LH:7
BRDA:1,0,0,13
BRF:1
BRH:1
end_of_record
TN:
SF:src/middlewares/authorization.ts
FN:8,verify
FN:11,_callee
FN:11,_callee$
FN:11,verifyToken
FNF:4
FNH:4
FNDA:12,verify
FNDA:12,_callee
FNDA:12,_callee$
FNDA:12,verifyToken
DA:1,1
DA:2,1
DA:3,1
DA:4,1
DA:5,1
DA:6,1
DA:7,1
DA:8,1
DA:9,1
DA:10,1
DA:11,1
DA:12,1
DA:13,1
DA:14,1
DA:15,1
DA:16,1
DA:17,1
DA:18,1
DA:19,1
DA:20,1
DA:21,1
DA:22,1
DA:23,1
DA:24,1
DA:25,1
DA:26,1
DA:27,1
LF:27
LH:27
BRDA:8,0,0,12
BRDA:11,1,0,13
BRDA:11,2,0,12
BRDA:11,3,0,12
BRDA:11,4,0,36
BRDA:11,5,0,12
BRDA:11,6,0,0
BRDA:11,7,0,12
BRDA:11,8,0,0
BRDA:11,9,0,12
BRDA:11,10,0,12
BRDA:11,11,0,12
BRF:12
BRH:10
end_of_record
TN:
SF:src/middlewares/index.ts
FNF:0
FNH:0
DA:1,1
DA:2,1
DA:3,1
DA:4,1
DA:5,1
DA:6,1
LF:6
LH:6
BRF:0
BRH:0
end_of_record
TN:
SF:src/middlewares/sendParam.ts
FN:6,sendParam
FNF:1
FNH:1
FNDA:2,sendParam
DA:1,1
DA:2,1
DA:3,1
DA:4,1
DA:5,1
DA:6,1
DA:7,2
DA:8,2
DA:9,2
DA:10,2
DA:11,2
DA:12,2
DA:13,2
DA:14,2
DA:15,2
DA:16,2
LF:16
LH:16
BRDA:6,0,0,2
BRF:1
BRH:1
end_of_record
TN:
SF:src/middlewares/uniqueEmail.ts
FN:5,_callee
FN:5,_callee$
FN:5,uniqueEmail
FNF:3
FNH:3
FNDA:14,_callee
FNDA:43,_callee$
FNDA:14,uniqueEmail
DA:1,1
DA:2,1
DA:3,1
DA:4,1
DA:5,1
DA:6,12
DA:7,12
DA:8,12
DA:9,12
DA:10,12
DA:11,12
DA:12,12
DA:13,12
DA:14,12
DA:15,12
DA:16,12
DA:17,12
DA:18,12
DA:19,1
LF:19
LH:19
BRDA:5,0,0,13
BRDA:5,1,0,14
BRDA:5,2,0,43
BRDA:5,3,0,68
BRDA:5,4,0,14
BRDA:5,5,0,14
BRDA:5,6,0,13
BRDA:5,7,0,1
BRDA:5,8,0,13
BRDA:5,9,0,13
BRDA:5,10,0,12
BRDA:5,11,0,1
BRDA:5,12,0,12
BRDA:5,13,0,12
BRDA:5,14,0,14
BRDA:5,15,0,14
BRF:16
BRH:16
end_of_record
TN:
SF:src/middlewares/validators/auth.validations.ts
FN:4,signUp
FN:9,login
FNF:2
FNH:2
FNDA:15,signUp
FNDA:8,login
DA:1,1
DA:2,1
DA:3,1
DA:4,1
DA:5,15
DA:6,15
DA:7,15
DA:8,1
DA:9,1
DA:10,8
DA:11,8
DA:12,8
LF:12
LH:12
BRDA:4,0,0,15
BRDA:6,1,0,1
BRDA:6,2,0,14
BRDA:9,3,0,8
BRDA:11,4,0,1
BRDA:11,5,0,7
BRF:6
BRH:6
end_of_record
TN:
SF:src/middlewares/validators/tasks.validations.ts
FN:4,create
FN:9,update
FNF:2
FNH:2
FNDA:9,create
FNDA:3,update
DA:1,1
DA:2,1
DA:3,1
DA:4,1
DA:5,9
DA:6,9
DA:7,9
DA:8,1
DA:9,1
DA:10,3
DA:11,3
DA:12,3
LF:12
LH:12
BRDA:4,0,0,9
BRDA:6,1,0,1
BRDA:6,2,0,8
BRDA:9,3,0,3
BRDA:11,4,0,1
BRDA:11,5,0,2
BRF:6
BRH:6
end_of_record
TN:
SF:src/middlewares/validators/users.validations.ts
FN:4,changeRole
FNF:1
FNH:1
FNDA:3,changeRole
DA:1,1
DA:2,1
DA:3,1
DA:4,1
DA:5,3
DA:6,3
DA:7,3
LF:7
LH:7
BRDA:4,0,0,3
BRDA:6,1,0,0
BRF:2
BRH:1
end_of_record
TN:
SF:src/models/Task.ts
FN:4,_callee
FN:4,_callee$
FN:4,all
FN:9,_callee2
FN:9,_callee2$
FN:9,count
FN:14,_callee3
FN:14,_callee3$
FN:14,findByID
FN:19,_callee4
FN:19,_callee4$
FN:19,create
FN:31,_callee5
FN:31,_callee5$
FN:31,update
FN:42,_callee6
FN:42,_callee6$
FN:42,remove
FNF:18
FNH:18
FNDA:2,_callee
FNDA:6,_callee$
FNDA:2,all
FNDA:2,_callee2
FNDA:6,_callee2$
FNDA:2,count
FNDA:2,_callee3
FNDA:6,_callee3$
FNDA:2,findByID
FNDA:8,_callee4
FNDA:32,_callee4$
FNDA:8,create
FNDA:2,_callee5
FNDA:9,_callee5$
FNDA:2,update
FNDA:2,_callee6
FNDA:9,_callee6$
FNDA:2,remove
DA:1,1
DA:2,1
DA:3,1
DA:4,1
DA:5,1
DA:6,1
DA:7,1
DA:8,1
DA:9,1
DA:10,1
DA:11,1
DA:12,1
DA:13,1
DA:14,1
DA:15,1
DA:16,1
DA:17,1
DA:18,1
DA:19,1
DA:20,1
DA:21,1
DA:22,1
DA:23,1
DA:24,1
DA:25,1
DA:26,1
DA:27,1
DA:28,1
DA:29,1
DA:30,1
DA:31,1
DA:32,1
DA:33,1
DA:34,1
DA:35,1
DA:36,1
DA:37,1
DA:38,1
DA:39,1
DA:40,1
DA:41,1
DA:42,1
DA:43,1
DA:44,1
DA:45,1
DA:46,1
DA:47,1
DA:48,1
DA:49,1
DA:50,1
DA:51,1
DA:52,1
LF:52
LH:52
BRDA:4,0,0,13
BRDA:4,1,0,2
BRDA:4,2,0,6
BRDA:4,3,0,2
BRDA:4,4,0,2
BRDA:4,5,0,0
BRDA:4,6,0,2
BRDA:4,7,0,2
BRDA:9,8,0,13
BRDA:9,9,0,2
BRDA:9,10,0,6
BRDA:9,11,0,2
BRDA:9,12,0,2
BRDA:9,13,0,0
BRDA:9,14,0,2
BRDA:9,15,0,2
BRDA:14,16,0,13
BRDA:14,17,0,2
BRDA:14,18,0,6
BRDA:14,19,0,2
BRDA:14,20,0,2
BRDA:14,21,0,0
BRDA:14,22,0,2
BRDA:14,23,0,2
BRDA:19,24,0,13
BRDA:19,25,0,8
BRDA:19,26,0,32
BRDA:19,27,0,8
BRDA:19,28,0,8
BRDA:19,29,0,8
BRDA:19,30,0,0
BRDA:19,31,0,8
BRDA:19,32,0,8
BRDA:31,33,0,13
BRDA:31,34,0,2
BRDA:31,35,0,9
BRDA:31,36,0,10
BRDA:31,37,0,2
BRDA:31,38,0,2
BRDA:31,39,0,2
BRDA:31,40,0,1
BRDA:31,41,0,1
BRDA:31,42,0,1
BRDA:31,43,0,0
BRDA:31,44,0,2
BRDA:31,45,0,2
BRDA:42,46,0,13
BRDA:42,47,0,2
BRDA:42,48,0,9
BRDA:42,49,0,10
BRDA:42,50,0,2
BRDA:42,51,0,2
BRDA:42,52,0,2
BRDA:42,53,0,1
BRDA:42,54,0,1
BRDA:42,55,0,1
BRDA:42,56,0,0
BRDA:42,57,0,2
BRDA:42,58,0,2
BRF:59
BRH:53
end_of_record
TN:
SF:src/models/User.ts
FN:17,_callee
FN:17,_callee$
FN:17,encrypt
FN:23,_callee2
FN:23,_callee2$
FN:23,compare
FN:26,sign
FN:33,_callee3
FN:33,_callee3$
FN:33,signUp
FN:48,_callee4
FN:48,_callee4$
FN:48,login
FN:65,_callee5
FN:65,_callee5$
FN:65,usernameExists
FN:74,_callee6
FN:74,_callee6$
FN:74,emailExists
FN:84,_callee7
FN:84,_callee7$
FN:84,findByID
FN:90,_callee8
FN:90,_callee8$
FN:90,all
FN:96,_callee9
FN:96,estimatedDocumentCount
FN:101,hasRole
FN:109,_callee10
FN:109,_callee10$
FN:109,changeRole
FN:121,_callee11
FN:121,_callee11$
FN:121,addRole
FN:125,_callee12
FN:125,_callee12$
FN:126,callback
FN:125,popRole
FNF:38
FNH:36
FNDA:16,_callee
FNDA:64,_callee$
FNDA:16,encrypt
FNDA:8,_callee2
FNDA:24,_callee2$
FNDA:8,compare
FNDA:6,sign
FNDA:16,_callee3
FNDA:64,_callee3$
FNDA:16,signUp
FNDA:10,_callee4
FNDA:48,_callee4$
FNDA:10,login
FNDA:16,_callee5
FNDA:64,_callee5$
FNDA:16,usernameExists
FNDA:15,_callee6
FNDA:60,_callee6$
FNDA:15,emailExists
FNDA:7,_callee7
FNDA:28,_callee7$
FNDA:7,findByID
FNDA:1,_callee8
FNDA:4,_callee8$
FNDA:1,all
FNDA:0,_callee9
FNDA:0,estimatedDocumentCount
FNDA:4,hasRole
FNDA:3,_callee10
FNDA:12,_callee10$
FNDA:3,changeRole
FNDA:2,_callee11
FNDA:4,_callee11$
FNDA:2,addRole
FNDA:1,_callee12
FNDA:2,_callee12$
FNDA:1,callback
FNDA:1,popRole
DA:1,1
DA:2,1
DA:3,1
DA:4,1
DA:5,1
DA:6,1
DA:7,1
DA:8,1
DA:9,1
DA:10,1
DA:11,1
DA:12,1
DA:13,1
DA:14,1
DA:15,1
DA:16,1
DA:17,1
DA:18,1
DA:19,1
DA:20,1
DA:21,1
DA:22,1
DA:23,1
DA:24,1
DA:25,1
DA:26,1
DA:27,6
DA:28,6
DA:29,6
DA:30,6
DA:31,6
DA:32,1
DA:33,1
DA:34,1
DA:35,1
DA:36,1
DA:37,1
DA:38,1
DA:39,1
DA:40,1
DA:41,1
DA:42,1
DA:43,1
DA:44,1
DA:45,1
DA:46,1
DA:47,1
DA:48,1
DA:49,1
DA:50,1
DA:51,1
DA:52,1
DA:53,1
DA:54,1
DA:55,1
DA:56,1
DA:57,1
DA:58,1
DA:59,1
DA:60,1
DA:61,1
DA:62,1
DA:63,1
DA:64,1
DA:65,1
DA:66,1
DA:67,1
DA:68,1
DA:69,1
DA:70,1
DA:71,1
DA:72,1
DA:73,1
DA:74,1
DA:75,1
DA:76,1
DA:77,1
DA:78,1
DA:79,1
DA:80,1
DA:81,1
DA:82,1
DA:83,1
DA:84,1
DA:85,1
DA:86,1
DA:87,1
DA:88,1
DA:89,1
DA:90,1
DA:91,1
DA:92,1
DA:93,1
DA:94,1
DA:95,1
DA:96,1
DA:97,1
DA:98,1
DA:99,1
DA:100,1
DA:101,1
DA:102,4
DA:103,4
DA:104,1
DA:105,1
DA:106,1
DA:107,1
DA:108,1
DA:109,1
DA:110,1
DA:111,1
DA:112,1
DA:113,1
DA:114,1
DA:115,1
DA:116,1
DA:117,1
DA:118,1
DA:119,1
DA:120,1
DA:121,1
DA:122,1
DA:123,1
DA:124,1
DA:125,1
DA:126,1
DA:127,1
DA:128,1
DA:129,1
DA:130,1
LF:130
LH:130
BRDA:17,0,0,13
BRDA:17,1,0,16
BRDA:17,2,0,64
BRDA:17,3,0,16
BRDA:17,4,0,16
BRDA:17,5,0,16
BRDA:17,6,0,0
BRDA:17,7,0,16
BRDA:17,8,0,16
BRDA:23,9,0,13
BRDA:23,10,0,8
BRDA:23,11,0,24
BRDA:23,12,0,8
BRDA:23,13,0,8
BRDA:23,14,0,0
BRDA:23,15,0,8
BRDA:23,16,0,8
BRDA:26,17,0,6
BRDA:33,18,0,13
BRDA:33,19,0,16
BRDA:33,20,0,64
BRDA:33,21,0,16
BRDA:33,22,0,16
BRDA:33,23,0,16
BRDA:33,24,0,0
BRDA:33,25,0,16
BRDA:33,26,0,16
BRDA:48,27,0,13
BRDA:48,28,0,10
BRDA:48,29,0,48
BRDA:48,30,0,62
BRDA:48,31,0,10
BRDA:48,32,0,10
BRDA:48,33,0,10
BRDA:48,34,0,8
BRDA:48,35,0,2
BRDA:48,36,0,8
BRDA:48,37,0,8
BRDA:48,38,0,6
BRDA:48,39,0,2
BRDA:48,40,0,6
BRDA:48,41,0,0
BRDA:48,42,0,10
BRDA:48,43,0,10
BRDA:65,44,0,13
BRDA:65,45,0,16
BRDA:65,46,0,64
BRDA:65,47,0,16
BRDA:65,48,0,16
BRDA:65,49,0,16
BRDA:65,50,0,0
BRDA:65,51,0,16
BRDA:65,52,0,16
BRDA:74,53,0,13
BRDA:74,54,0,15
BRDA:74,55,0,60
BRDA:74,56,0,15
BRDA:74,57,0,15
BRDA:74,58,0,15
BRDA:74,59,0,0
BRDA:74,60,0,15
BRDA:74,61,0,15
BRDA:84,62,0,13
BRDA:84,63,0,7
BRDA:84,64,0,28
BRDA:84,65,0,7
BRDA:84,66,0,7
BRDA:84,67,0,7
BRDA:84,68,0,0
BRDA:84,69,0,7
BRDA:84,70,0,7
BRDA:90,71,0,13
BRDA:90,72,0,1
BRDA:90,73,0,4
BRDA:90,74,0,1
BRDA:90,75,0,1
BRDA:90,76,0,1
BRDA:90,77,0,0
BRDA:90,78,0,1
BRDA:90,79,0,1
BRDA:96,80,0,13
BRDA:101,81,0,4
BRDA:109,82,0,13
BRDA:109,83,0,3
BRDA:109,84,0,12
BRDA:109,85,0,15
BRDA:109,86,0,3
BRDA:109,87,0,3
BRDA:109,88,0,0
BRDA:109,89,0,3
BRDA:109,90,0,3
BRDA:109,91,0,0
BRDA:109,92,0,3
BRDA:109,93,0,3
BRDA:121,94,0,13
BRDA:121,95,0,2
BRDA:121,96,0,4
BRDA:121,97,0,2
BRDA:121,98,0,0
BRDA:121,99,0,2
BRDA:122,100,0,2
BRDA:121,101,0,2
BRDA:125,102,0,13
BRDA:125,103,0,1
BRDA:125,104,0,2
BRDA:125,105,0,1
BRDA:125,106,0,0
BRDA:125,107,0,1
BRDA:126,108,0,1
BRDA:127,109,0,2
BRDA:125,110,0,1
BRF:111
BRH:99
end_of_record
TN:
SF:src/models/index.ts
FNF:0
FNH:0
DA:1,1
DA:2,1
LF:2
LH:2
BRF:0
BRH:0
end_of_record
TN:
SF:src/routes/auth.routes.ts
FNF:0
FNH:0
DA:1,1
DA:2,1
DA:3,1
DA:4,1
DA:5,1
DA:6,1
DA:7,1
DA:8,1
DA:9,1
DA:10,1
LF:10
LH:10
BRF:0
BRH:0
end_of_record
TN:
SF:src/routes/index.ts
FNF:0
FNH:0
DA:1,1
DA:2,1
DA:3,1
DA:4,1
DA:5,1
DA:6,1
DA:7,1
DA:8,1
DA:9,1
DA:10,1
DA:11,1
DA:12,1
DA:13,1
DA:14,1
DA:15,1
DA:16,1
DA:17,1
DA:18,1
LF:18
LH:18
BRDA:5,0,0,13
BRF:1
BRH:1
end_of_record
TN:
SF:src/routes/tasks.routes.ts
FNF:0
FNH:0
DA:1,1
DA:2,1
DA:3,1
DA:4,1
DA:5,1
DA:6,1
DA:7,1
DA:8,1
DA:9,1
DA:10,1
DA:11,1
DA:12,1
DA:13,1
DA:14,1
DA:15,1
DA:16,1
DA:17,1
LF:17
LH:17
BRF:0
BRH:0
end_of_record
TN:
SF:src/routes/users.routes.ts
FNF:0
FNH:0
DA:1,1
DA:2,1
DA:3,1
DA:4,1
DA:5,1
DA:6,1
DA:7,1
DA:8,1
DA:9,1
DA:10,1
DA:11,1
DA:12,1
DA:13,1
DA:14,1
DA:15,1
DA:16,1
LF:16
LH:16
BRF:0
BRH:0
end_of_record
TN:
SF:src/schemas/authSchema.ts
FNF:0
FNH:0
DA:1,1
DA:2,1
DA:3,1
DA:4,1
DA:5,1
DA:6,1
DA:7,1
DA:8,1
DA:9,1
DA:10,1
DA:11,1
DA:12,1
DA:13,1
DA:14,1
DA:15,1
DA:16,1
DA:17,1
DA:18,1
LF:18
LH:18
BRF:0
BRH:0
end_of_record
TN:
SF:src/schemas/index.ts
FNF:0
FNH:0
DA:1,1
DA:2,1
DA:3,1
LF:3
LH:3
BRF:0
BRH:0
end_of_record
TN:
SF:src/schemas/taskSchema.ts
FNF:0
FNH:0
DA:1,1
DA:2,1
DA:3,1
DA:4,1
DA:5,1
DA:6,1
DA:7,1
DA:8,1
DA:9,1
DA:10,1
DA:11,1
DA:12,1
DA:13,1
DA:14,1
LF:14
LH:14
BRF:0
BRH:0
end_of_record
TN:
SF:src/schemas/userSchema.ts
FNF:0
FNH:0
DA:1,1
DA:2,1
DA:3,1
DA:4,1
DA:5,1
DA:6,1
LF:6
LH:6
BRF:0
BRH:0
end_of_record
TN:
SF:src/server/app.ts
FNF:0
FNH:0
DA:1,1
DA:2,1
DA:3,1
DA:4,1
DA:5,1
DA:6,1
DA:7,1
DA:8,1
DA:9,1
DA:10,1
DA:11,1
DA:12,1
DA:13,1
DA:14,1
DA:15,1
DA:16,1
DA:17,1
DA:18,1
DA:19,1
DA:20,1
DA:21,1
DA:22,1
DA:23,1
DA:24,1
DA:25,1
DA:26,1
DA:27,1
DA:28,1
DA:29,1
DA:30,1
DA:31,1
DA:32,1
DA:33,2
DA:34,2
DA:35,1
DA:36,1
DA:37,1
DA:38,1
LF:38
LH:38
BRDA:32,0,0,2
BRF:1
BRH:1
end_of_record
TN:
SF:src/server/config.ts
FNF:0
FNH:0
DA:1,1
DA:2,1
DA:3,1
DA:4,1
DA:5,1
LF:5
LH:5
BRF:0
BRH:0
end_of_record
TN:
SF:src/server/database.ts
FN:12,_callee2
FN:12,_callee2$
FN:18,getConnection
FN:22,_callee
FN:22,_callee$
FN:22,resetDatabase
FNF:6
FNH:6
FNDA:13,_callee2
FNDA:13,_callee2$
FNDA:175,getConnection
FNDA:43,_callee
FNDA:129,_callee$
FNDA:43,resetDatabase
DA:1,1
DA:2,1
DA:3,1
DA:4,1
DA:5,1
DA:6,1
DA:7,1
DA:8,1
DA:9,1
DA:10,1
DA:11,1
DA:12,1
DA:13,1
DA:14,1
DA:15,1
DA:16,1
DA:17,1
DA:18,1
DA:19,1
DA:20,1
DA:21,1
DA:22,1
DA:23,1
DA:24,1
DA:25,1
LF:25
LH:25
BRDA:12,0,0,13
BRDA:12,1,0,13
BRDA:18,2,0,175
BRDA:22,3,0,13
BRDA:22,4,0,43
BRDA:22,5,0,129
BRDA:22,6,0,43
BRDA:22,7,0,43
BRDA:22,8,0,43
BRDA:22,9,0,43
BRDA:22,10,0,43
BRF:11
BRH:11
end_of_record
TN:
SF:src/server/swaggerOptions.ts
FNF:0
FNH:0
DA:1,1
DA:2,1
DA:3,1
DA:4,1
DA:5,1
DA:6,1
DA:7,1
DA:8,1
DA:9,1
DA:10,1
DA:11,1
DA:12,1
DA:13,1
DA:14,1
DA:15,1
DA:16,1
DA:17,1
DA:18,1
DA:19,1
DA:20,1
DA:21,1
DA:22,1
DA:23,1
DA:24,1
DA:25,1
DA:26,1
DA:27,1
DA:28,1
LF:28
LH:28
BRF:0
BRH:0
end_of_record
TN:
SF:test/setup/index.js
FNF:0
FNH:0
DA:1,1
DA:2,1
DA:3,1
DA:4,1
DA:5,1
DA:6,1
DA:7,1
DA:8,1
DA:9,1
DA:10,1
DA:11,1
DA:12,1
DA:13,1
DA:14,1
DA:15,1
DA:16,1
DA:17,1
DA:18,1
DA:19,1
DA:20,1
DA:21,1
LF:21
LH:21
BRF:0
BRH:0
end_of_record
